[0.009s] Invoking command in '/home/dark/ros2_ws/build/gearbox_sim': CMAKE_PREFIX_PATH=${CMAKE_PREFIX_PATH}:/opt/ros/jazzy DEBUGINFOD_URLS=https://debuginfod.ubuntu.com /usr/bin/cmake --build /home/dark/ros2_ws/build/gearbox_sim -- -j8 -l8
[0.037s] -- Found ament_cmake: 2.5.6 (/opt/ros/jazzy/share/ament_cmake/cmake)
[0.228s] -- Override CMake install command with custom implementation using symlinks instead of copying resources
[0.330s] -- Configuring done (0.3s)
[0.335s] -- Generating done (0.0s)
[0.337s] -- Build files have been written to: /home/dark/ros2_ws/build/gearbox_sim
[0.357s] Invoked command in '/home/dark/ros2_ws/build/gearbox_sim' returned '0': CMAKE_PREFIX_PATH=${CMAKE_PREFIX_PATH}:/opt/ros/jazzy DEBUGINFOD_URLS=https://debuginfod.ubuntu.com /usr/bin/cmake --build /home/dark/ros2_ws/build/gearbox_sim -- -j8 -l8
[0.366s] Invoking command in '/home/dark/ros2_ws/build/gearbox_sim': CMAKE_PREFIX_PATH=${CMAKE_PREFIX_PATH}:/opt/ros/jazzy DEBUGINFOD_URLS=https://debuginfod.ubuntu.com /usr/bin/cmake --install /home/dark/ros2_ws/build/gearbox_sim
[0.374s] -- Install configuration: ""
[0.374s] -- Execute custom install script
[0.375s] -- Up-to-date symlink: /home/dark/ros2_ws/install/gearbox_sim/share/gearbox_sim/config/ros_gz_bridge.yaml
[0.375s] -- Up-to-date symlink: /home/dark/ros2_ws/install/gearbox_sim/share/gearbox_sim/launch/__pycache__/sim_assembly.launch.cpython-312.pyc
[0.375s] -- Up-to-date symlink: /home/dark/ros2_ws/install/gearbox_sim/share/gearbox_sim/launch/sim_assembly.launch.py
[0.375s] -- Up-to-date symlink: /home/dark/ros2_ws/install/gearbox_sim/share/gearbox_sim/meshes/carrier.STL
[0.376s] -- Up-to-date symlink: /home/dark/ros2_ws/install/gearbox_sim/share/gearbox_sim/meshes/planet_gear.STL
[0.376s] -- Up-to-date symlink: /home/dark/ros2_ws/install/gearbox_sim/share/gearbox_sim/meshes/ring_gear.STL
[0.376s] -- Up-to-date symlink: /home/dark/ros2_ws/install/gearbox_sim/share/gearbox_sim/meshes/satellite.STL
[0.376s] -- Up-to-date symlink: /home/dark/ros2_ws/install/gearbox_sim/share/gearbox_sim/urdf/gearbox.urdf
[0.376s] -- Up-to-date symlink: /home/dark/ros2_ws/install/gearbox_sim/share/gearbox_sim/urdf/gearbox_gazebo.urdf.xacro
[0.377s] -- Up-to-date symlink: /home/dark/ros2_ws/install/gearbox_sim/share/gearbox_sim/urdf/ur5e_robotiq_ft.urdf.xacro
[0.377s] -- Up-to-date symlink: /home/dark/ros2_ws/install/gearbox_sim/share/gearbox_sim/worlds/assembly_scene.sdf
[0.377s] -- Up-to-date symlink: /home/dark/ros2_ws/install/gearbox_sim/lib/gearbox_sim/assembly_demo.py
[0.377s] -- Symlinking: /home/dark/ros2_ws/install/gearbox_sim/lib/gearbox_sim/get_joints.py
[0.386s] -- Up-to-date symlink: /home/dark/ros2_ws/install/gearbox_sim/lib/gearbox_sim/animator.py
[0.386s] -- Up-to-date symlink: /home/dark/ros2_ws/install/gearbox_sim/share/ament_index/resource_index/package_run_dependencies/gearbox_sim
[0.386s] -- Up-to-date symlink: /home/dark/ros2_ws/install/gearbox_sim/share/ament_index/resource_index/parent_prefix_path/gearbox_sim
[0.386s] -- Up-to-date symlink: /home/dark/ros2_ws/install/gearbox_sim/share/gearbox_sim/environment/ament_prefix_path.sh
[0.386s] -- Up-to-date symlink: /home/dark/ros2_ws/install/gearbox_sim/share/gearbox_sim/environment/ament_prefix_path.dsv
[0.387s] -- Up-to-date symlink: /home/dark/ros2_ws/install/gearbox_sim/share/gearbox_sim/environment/path.sh
[0.387s] -- Up-to-date symlink: /home/dark/ros2_ws/install/gearbox_sim/share/gearbox_sim/environment/path.dsv
[0.387s] -- Up-to-date symlink: /home/dark/ros2_ws/install/gearbox_sim/share/gearbox_sim/local_setup.bash
[0.387s] -- Up-to-date symlink: /home/dark/ros2_ws/install/gearbox_sim/share/gearbox_sim/local_setup.sh
[0.388s] -- Up-to-date symlink: /home/dark/ros2_ws/install/gearbox_sim/share/gearbox_sim/local_setup.zsh
[0.388s] -- Up-to-date symlink: /home/dark/ros2_ws/install/gearbox_sim/share/gearbox_sim/local_setup.dsv
[0.388s] -- Symlinking: /home/dark/ros2_ws/install/gearbox_sim/share/gearbox_sim/package.dsv
[0.396s] -- Up-to-date symlink: /home/dark/ros2_ws/install/gearbox_sim/share/ament_index/resource_index/packages/gearbox_sim
[0.396s] -- Up-to-date symlink: /home/dark/ros2_ws/install/gearbox_sim/share/gearbox_sim/cmake/gearbox_simConfig.cmake
[0.397s] -- Up-to-date symlink: /home/dark/ros2_ws/install/gearbox_sim/share/gearbox_sim/cmake/gearbox_simConfig-version.cmake
[0.397s] -- Up-to-date symlink: /home/dark/ros2_ws/install/gearbox_sim/share/gearbox_sim/package.xml
[0.398s] Invoked command in '/home/dark/ros2_ws/build/gearbox_sim' returned '0': CMAKE_PREFIX_PATH=${CMAKE_PREFIX_PATH}:/opt/ros/jazzy DEBUGINFOD_URLS=https://debuginfod.ubuntu.com /usr/bin/cmake --install /home/dark/ros2_ws/build/gearbox_sim
