[0.009s] Invoking command in '/home/dark/ros2_ws/build/gearbox_sim': CMAKE_PREFIX_PATH=${CMAKE_PREFIX_PATH}:/opt/ros/jazzy DEBUGINFOD_URLS=https://debuginfod.ubuntu.com /usr/bin/cmake /home/dark/ros2_ws/src/gearbox_sim -DCMAKE_INSTALL_PREFIX=/home/dark/ros2_ws/install/gearbox_sim
[0.021s] -- Found ament_cmake: 2.5.6 (/opt/ros/jazzy/share/ament_cmake/cmake)
[0.276s] -- Override CMake install command with custom implementation using symlinks instead of copying resources
[0.385s] -- Configuring done (0.4s)
[0.388s] -- Generating done (0.0s)
[0.391s] -- Build files have been written to: /home/dark/ros2_ws/build/gearbox_sim
[0.393s] Invoked command in '/home/dark/ros2_ws/build/gearbox_sim' returned '0': CMAKE_PREFIX_PATH=${CMAKE_PREFIX_PATH}:/opt/ros/jazzy DEBUGINFOD_URLS=https://debuginfod.ubuntu.com /usr/bin/cmake /home/dark/ros2_ws/src/gearbox_sim -DCMAKE_INSTALL_PREFIX=/home/dark/ros2_ws/install/gearbox_sim
[0.395s] Invoking command in '/home/dark/ros2_ws/build/gearbox_sim': CMAKE_PREFIX_PATH=${CMAKE_PREFIX_PATH}:/opt/ros/jazzy DEBUGINFOD_URLS=https://debuginfod.ubuntu.com /usr/bin/cmake --build /home/dark/ros2_ws/build/gearbox_sim -- -j8 -l8
[0.430s] Invoked command in '/home/dark/ros2_ws/build/gearbox_sim' returned '0': CMAKE_PREFIX_PATH=${CMAKE_PREFIX_PATH}:/opt/ros/jazzy DEBUGINFOD_URLS=https://debuginfod.ubuntu.com /usr/bin/cmake --build /home/dark/ros2_ws/build/gearbox_sim -- -j8 -l8
[0.438s] Invoking command in '/home/dark/ros2_ws/build/gearbox_sim': CMAKE_PREFIX_PATH=${CMAKE_PREFIX_PATH}:/opt/ros/jazzy DEBUGINFOD_URLS=https://debuginfod.ubuntu.com /usr/bin/cmake --install /home/dark/ros2_ws/build/gearbox_sim
[0.446s] -- Install configuration: ""
[0.447s] -- Execute custom install script
[0.447s] -- Up-to-date symlink: /home/dark/ros2_ws/install/gearbox_sim/share/gearbox_sim/config/ros_gz_bridge.yaml
[0.447s] -- Up-to-date symlink: /home/dark/ros2_ws/install/gearbox_sim/share/gearbox_sim/launch/__pycache__/sim_assembly.launch.cpython-312.pyc
[0.448s] -- Up-to-date symlink: /home/dark/ros2_ws/install/gearbox_sim/share/gearbox_sim/launch/sim_assembly.launch.py
[0.448s] -- Up-to-date symlink: /home/dark/ros2_ws/install/gearbox_sim/share/gearbox_sim/meshes/carrier.STL
[0.448s] -- Up-to-date symlink: /home/dark/ros2_ws/install/gearbox_sim/share/gearbox_sim/meshes/planet_gear.STL
[0.448s] -- Up-to-date symlink: /home/dark/ros2_ws/install/gearbox_sim/share/gearbox_sim/meshes/ring_gear.STL
[0.448s] -- Up-to-date symlink: /home/dark/ros2_ws/install/gearbox_sim/share/gearbox_sim/meshes/satellite.STL
[0.449s] -- Up-to-date symlink: /home/dark/ros2_ws/install/gearbox_sim/share/gearbox_sim/urdf/gearbox.urdf
[0.449s] -- Up-to-date symlink: /home/dark/ros2_ws/install/gearbox_sim/share/gearbox_sim/urdf/gearbox_gazebo.urdf.xacro
[0.449s] -- Up-to-date symlink: /home/dark/ros2_ws/install/gearbox_sim/share/gearbox_sim/urdf/ur5e_robotiq_ft.urdf.xacro
[0.449s] -- Up-to-date symlink: /home/dark/ros2_ws/install/gearbox_sim/share/gearbox_sim/worlds/assembly_scene.sdf
[0.449s] -- Up-to-date symlink: /home/dark/ros2_ws/install/gearbox_sim/lib/gearbox_sim/animator.py
[0.450s] -- Up-to-date symlink: /home/dark/ros2_ws/install/gearbox_sim/share/ament_index/resource_index/package_run_dependencies/gearbox_sim
[0.450s] -- Up-to-date symlink: /home/dark/ros2_ws/install/gearbox_sim/share/ament_index/resource_index/parent_prefix_path/gearbox_sim
[0.450s] -- Up-to-date symlink: /home/dark/ros2_ws/install/gearbox_sim/share/gearbox_sim/environment/ament_prefix_path.sh
[0.450s] -- Up-to-date symlink: /home/dark/ros2_ws/install/gearbox_sim/share/gearbox_sim/environment/ament_prefix_path.dsv
[0.450s] -- Up-to-date symlink: /home/dark/ros2_ws/install/gearbox_sim/share/gearbox_sim/environment/path.sh
[0.450s] -- Up-to-date symlink: /home/dark/ros2_ws/install/gearbox_sim/share/gearbox_sim/environment/path.dsv
[0.451s] -- Up-to-date symlink: /home/dark/ros2_ws/install/gearbox_sim/share/gearbox_sim/local_setup.bash
[0.451s] -- Up-to-date symlink: /home/dark/ros2_ws/install/gearbox_sim/share/gearbox_sim/local_setup.sh
[0.451s] -- Up-to-date symlink: /home/dark/ros2_ws/install/gearbox_sim/share/gearbox_sim/local_setup.zsh
[0.451s] -- Up-to-date symlink: /home/dark/ros2_ws/install/gearbox_sim/share/gearbox_sim/local_setup.dsv
[0.451s] -- Symlinking: /home/dark/ros2_ws/install/gearbox_sim/share/gearbox_sim/package.dsv
[0.459s] -- Up-to-date symlink: /home/dark/ros2_ws/install/gearbox_sim/share/ament_index/resource_index/packages/gearbox_sim
[0.459s] -- Up-to-date symlink: /home/dark/ros2_ws/install/gearbox_sim/share/gearbox_sim/cmake/gearbox_simConfig.cmake
[0.460s] -- Up-to-date symlink: /home/dark/ros2_ws/install/gearbox_sim/share/gearbox_sim/cmake/gearbox_simConfig-version.cmake
[0.460s] -- Up-to-date symlink: /home/dark/ros2_ws/install/gearbox_sim/share/gearbox_sim/package.xml
[0.462s] Invoked command in '/home/dark/ros2_ws/build/gearbox_sim' returned '0': CMAKE_PREFIX_PATH=${CMAKE_PREFIX_PATH}:/opt/ros/jazzy DEBUGINFOD_URLS=https://debuginfod.ubuntu.com /usr/bin/cmake --install /home/dark/ros2_ws/build/gearbox_sim
