-- Found ament_cmake: 2.5.6 (/opt/ros/jazzy/share/ament_cmake/cmake)
-- Override CMake install command with custom implementation using symlinks instead of copying resources
-- Found hardware_interface: 4.44.0 (/opt/ros/jazzy/share/hardware_interface/cmake)
-- Found rosidl_generator_c: 4.6.7 (/opt/ros/jazzy/share/rosidl_generator_c/cmake)
-- Found rosidl_generator_cpp: 4.6.7 (/opt/ros/jazzy/share/rosidl_generator_cpp/cmake)
-- Using all available rosidl_typesupport_c: rosidl_typesupport_fastrtps_c;rosidl_typesupport_introspection_c
-- Using all available rosidl_typesupport_cpp: rosidl_typesupport_fastrtps_cpp;rosidl_typesupport_introspection_cpp
-- Found TinyXML2 via Config file: /usr/lib/x86_64-linux-gnu/cmake/tinyxml2
-- Found rmw_implementation_cmake: 7.3.3 (/opt/ros/jazzy/share/rmw_implementation_cmake/cmake)
-- Found rmw_fastrtps_cpp: 8.4.3 (/opt/ros/jazzy/share/rmw_fastrtps_cpp/cmake)
-- Found TinyXML2 via Config file: /usr/lib/x86_64-linux-gnu/cmake/tinyxml2
-- Found TinyXML2 via Config file: /usr/lib/x86_64-linux-gnu/cmake/tinyxml2
-- Found TinyXML2 via Config file: /usr/lib/x86_64-linux-gnu/cmake/tinyxml2
-- Found TinyXML2 via Config file: /usr/lib/x86_64-linux-gnu/cmake/tinyxml2
-- Using RMW implementation 'rmw_fastrtps_cpp' as default
[31mCMake Error at CMakeLists.txt:15 (find_package):
  By not providing "Findrobotiq_2f_gripper_msgs.cmake" in CMAKE_MODULE_PATH
  this project has asked CMake to find a package configuration file provided
  by "robotiq_2f_gripper_msgs", but CMake did not find one.

  Could not find a package configuration file provided by
  "robotiq_2f_gripper_msgs" with any of the following names:

    robotiq_2f_gripper_msgsConfig.cmake
    robotiq_2f_gripper_msgs-config.cmake

  Add the installation prefix of "robotiq_2f_gripper_msgs" to
  CMAKE_PREFIX_PATH or set "robotiq_2f_gripper_msgs_DIR" to a directory
  containing one of the above files.  If "robotiq_2f_gripper_msgs" provides a
  separate development package or SDK, be sure it has been installed.

[0m
-- Configuring incomplete, errors occurred!
