[0.016s] Invoking command in '/home/dark/ros2_ws/build/gearbox_sim': CMAKE_PREFIX_PATH=${CMAKE_PREFIX_PATH}:/opt/ros/jazzy DEBUGINFOD_URLS=https://debuginfod.ubuntu.com /usr/bin/cmake --build /home/dark/ros2_ws/build/gearbox_sim -- -j8 -l8
[0.086s] -- Found ament_cmake: 2.5.6 (/opt/ros/jazzy/share/ament_cmake/cmake)
[0.315s] -- Override CMake install command with custom implementation using symlinks instead of copying resources
[0.342s] -- Found rosidl_default_generators: 1.6.0 (/opt/ros/jazzy/share/rosidl_default_generators/cmake)
[0.355s] -- Using all available rosidl_typesupport_c: rosidl_typesupport_fastrtps_c;rosidl_typesupport_introspection_c
[0.463s] -- Using all available rosidl_typesupport_cpp: rosidl_typesupport_fastrtps_cpp;rosidl_typesupport_introspection_cpp
[0.558s] -- Found rosidl_adapter: 4.6.7 (/opt/ros/jazzy/share/rosidl_adapter/cmake)
[1.264s] -- Found ament_cmake_ros: 0.12.0 (/opt/ros/jazzy/share/ament_cmake_ros/cmake)
[1.712s] -- Using all available rosidl_typesupport_c: rosidl_typesupport_fastrtps_c;rosidl_typesupport_introspection_c
[2.270s] -- Using all available rosidl_typesupport_cpp: rosidl_typesupport_fastrtps_cpp;rosidl_typesupport_introspection_cpp
[2.276s] -- Found python_cmake_module: 0.11.1 (/opt/ros/jazzy/share/python_cmake_module/cmake)
[2.404s] -- Found PythonExtra: /usr/bin/python3  
[2.953s] -- Found Python3: /usr/bin/python3 (found version "3.12.3") found components: Interpreter Development NumPy Development.Module Development.Embed 
[3.032s] -- Found Python3: /usr/bin/python3 (found version "3.12.3") found components: Interpreter 
[3.054s] -- Configuring done (3.0s)
[3.105s] -- Generating done (0.0s)
[3.121s] -- Build files have been written to: /home/dark/ros2_ws/build/gearbox_sim
[3.160s] [  2%] Generating type hashes for ROS interfaces
[3.161s] [  4%] Generating Rust code for ROS interfaces
[3.167s] [  4%] Built target ament_cmake_python_symlink_gearbox_sim
[3.426s] running egg_info
[3.427s] creating gearbox_sim.egg-info
[3.448s] writing gearbox_sim.egg-info/PKG-INFO
[3.449s] writing dependency_links to gearbox_sim.egg-info/dependency_links.txt
[3.449s] writing top-level names to gearbox_sim.egg-info/top_level.txt
[3.449s] writing manifest file 'gearbox_sim.egg-info/SOURCES.txt'
[3.486s] [  4%] Built target gearbox_sim__rosidl_generator_type_description
[3.500s] [  6%] Generating C code for ROS interfaces
[3.507s] [  8%] Generating C++ code for ROS interfaces
[3.521s] reading manifest file 'gearbox_sim.egg-info/SOURCES.txt'
[3.522s] writing manifest file 'gearbox_sim.egg-info/SOURCES.txt'
[3.568s] [  8%] Built target ament_cmake_python_build_gearbox_sim_egg
[3.572s] [  8%] Built target gearbox_sim__rs
[4.130s] [  8%] Built target gearbox_sim__cpp
[4.221s] [ 15%] Building C object CMakeFiles/gearbox_sim__rosidl_generator_c.dir/rosidl_generator_c/gearbox_sim/srv/detail/run_press_cycle__functions.c.o
[4.221s] [ 13%] Building C object CMakeFiles/gearbox_sim__rosidl_generator_c.dir/rosidl_generator_c/gearbox_sim/srv/detail/run_press_cycle__type_support.c.o
[4.222s] [ 13%] Building C object CMakeFiles/gearbox_sim__rosidl_generator_c.dir/rosidl_generator_c/gearbox_sim/action/detail/run_screwdriver__description.c.o
[4.223s] [ 17%] Building C object CMakeFiles/gearbox_sim__rosidl_generator_c.dir/rosidl_generator_c/gearbox_sim/action/detail/run_screwdriver__functions.c.o
[4.223s] [ 20%] Building C object CMakeFiles/gearbox_sim__rosidl_generator_c.dir/rosidl_generator_c/gearbox_sim/action/detail/run_screwdriver__type_support.c.o
[4.226s] [ 22%] Building C object CMakeFiles/gearbox_sim__rosidl_generator_c.dir/rosidl_generator_c/gearbox_sim/srv/detail/run_press_cycle__description.c.o
[4.521s] [ 24%] Linking C shared library libgearbox_sim__rosidl_generator_c.so
[4.573s] [ 24%] Built target gearbox_sim__rosidl_generator_c
[4.586s] [ 26%] Generating C++ type support for eProsima Fast-RTPS
[4.587s] [ 31%] Generating C type support dispatch for ROS interfaces
[4.587s] [ 31%] Generating C++ type support dispatch for ROS interfaces
[4.589s] [ 33%] Generating C introspection for ROS interfaces
[4.589s] [ 35%] Generating C type support for eProsima Fast-RTPS
[4.589s] [ 37%] Generating C++ introspection for ROS interfaces
[5.069s] [ 40%] Building CXX object CMakeFiles/gearbox_sim__rosidl_typesupport_cpp.dir/rosidl_typesupport_cpp/gearbox_sim/action/run_screwdriver__type_support.cpp.o
[5.081s] [ 42%] Building CXX object CMakeFiles/gearbox_sim__rosidl_typesupport_cpp.dir/rosidl_typesupport_cpp/gearbox_sim/srv/run_press_cycle__type_support.cpp.o
[5.133s] [ 44%] Building CXX object CMakeFiles/gearbox_sim__rosidl_typesupport_c.dir/rosidl_typesupport_c/gearbox_sim/action/run_screwdriver__type_support.cpp.o
[5.136s] [ 46%] Building CXX object CMakeFiles/gearbox_sim__rosidl_typesupport_c.dir/rosidl_typesupport_c/gearbox_sim/srv/run_press_cycle__type_support.cpp.o
[5.250s] [ 48%] Building CXX object CMakeFiles/gearbox_sim__rosidl_typesupport_introspection_cpp.dir/rosidl_typesupport_introspection_cpp/gearbox_sim/action/detail/run_screwdriver__type_support.cpp.o
[5.257s] [ 51%] Building CXX object CMakeFiles/gearbox_sim__rosidl_typesupport_introspection_cpp.dir/rosidl_typesupport_introspection_cpp/gearbox_sim/srv/detail/run_press_cycle__type_support.cpp.o
[5.272s] [ 53%] Linking CXX shared library libgearbox_sim__rosidl_typesupport_c.so
[5.338s] [ 55%] Building C object CMakeFiles/gearbox_sim__rosidl_typesupport_introspection_c.dir/rosidl_typesupport_introspection_c/gearbox_sim/action/detail/run_screwdriver__type_support.c.o
[5.372s] [ 55%] Built target gearbox_sim__rosidl_typesupport_c
[5.387s] [ 57%] Building C object CMakeFiles/gearbox_sim__rosidl_typesupport_introspection_c.dir/rosidl_typesupport_introspection_c/gearbox_sim/srv/detail/run_press_cycle__type_support.c.o
[5.490s] [ 60%] Linking C shared library libgearbox_sim__rosidl_typesupport_introspection_c.so
[5.520s] [ 62%] Building CXX object CMakeFiles/gearbox_sim__rosidl_typesupport_fastrtps_c.dir/rosidl_typesupport_fastrtps_c/gearbox_sim/action/detail/run_screwdriver__type_support_c.cpp.o
[5.530s] [ 64%] Building CXX object CMakeFiles/gearbox_sim__rosidl_typesupport_fastrtps_cpp.dir/rosidl_typesupport_fastrtps_cpp/gearbox_sim/action/detail/dds_fastrtps/run_screwdriver__type_support.cpp.o
[5.546s] [ 66%] Building CXX object CMakeFiles/gearbox_sim__rosidl_typesupport_fastrtps_c.dir/rosidl_typesupport_fastrtps_c/gearbox_sim/srv/detail/run_press_cycle__type_support_c.cpp.o
[5.552s] [ 66%] Built target gearbox_sim__rosidl_typesupport_introspection_c
[5.580s] [ 68%] Building CXX object CMakeFiles/gearbox_sim__rosidl_typesupport_fastrtps_cpp.dir/rosidl_typesupport_fastrtps_cpp/gearbox_sim/srv/detail/dds_fastrtps/run_press_cycle__type_support.cpp.o
[6.378s] [ 71%] Linking CXX shared library libgearbox_sim__rosidl_typesupport_cpp.so
[6.479s] [ 73%] Linking CXX shared library libgearbox_sim__rosidl_typesupport_introspection_cpp.so
[6.515s] [ 75%] Linking CXX shared library libgearbox_sim__rosidl_typesupport_fastrtps_c.so
[6.516s] [ 75%] Built target gearbox_sim__rosidl_typesupport_cpp
[6.616s] [ 75%] Built target gearbox_sim__rosidl_typesupport_introspection_cpp
[6.620s] [ 75%] Built target gearbox_sim__rosidl_typesupport_fastrtps_c
[7.007s] [ 77%] Linking CXX shared library libgearbox_sim__rosidl_typesupport_fastrtps_cpp.so
[7.094s] [ 77%] Built target gearbox_sim__rosidl_typesupport_fastrtps_cpp
[7.115s] [ 77%] Built target gearbox_sim
[7.136s] [ 80%] Generating Python code for ROS interfaces
[7.988s] [ 80%] Built target gearbox_sim__py
[8.009s] [ 84%] Building C object CMakeFiles/gearbox_sim__rosidl_generator_py.dir/rosidl_generator_py/gearbox_sim/srv/_run_press_cycle_s.c.o
[8.009s] [ 84%] Building C object CMakeFiles/gearbox_sim__rosidl_generator_py.dir/rosidl_generator_py/gearbox_sim/action/_run_screwdriver_s.c.o
[8.259s] [ 86%] Linking C shared library libgearbox_sim__rosidl_generator_py.so
[8.309s] [ 86%] Built target gearbox_sim__rosidl_generator_py
[8.329s] [ 91%] Building C object CMakeFiles/gearbox_sim_s__rosidl_typesupport_introspection_c.dir/rosidl_generator_py/gearbox_sim/_gearbox_sim_s.ep.rosidl_typesupport_introspection_c.c.o
[8.329s] [ 91%] Building C object CMakeFiles/gearbox_sim_s__rosidl_typesupport_c.dir/rosidl_generator_py/gearbox_sim/_gearbox_sim_s.ep.rosidl_typesupport_c.c.o
[8.330s] [ 93%] Building C object CMakeFiles/gearbox_sim_s__rosidl_typesupport_fastrtps_c.dir/rosidl_generator_py/gearbox_sim/_gearbox_sim_s.ep.rosidl_typesupport_fastrtps_c.c.o
[8.488s] [ 95%] Linking C shared module rosidl_generator_py/gearbox_sim/gearbox_sim_s__rosidl_typesupport_c.so
[8.495s] [ 97%] Linking C shared module rosidl_generator_py/gearbox_sim/gearbox_sim_s__rosidl_typesupport_fastrtps_c.so
[8.516s] [100%] Linking C shared module rosidl_generator_py/gearbox_sim/gearbox_sim_s__rosidl_typesupport_introspection_c.so
[8.522s] [100%] Built target gearbox_sim_s__rosidl_typesupport_c
[8.532s] [100%] Built target gearbox_sim_s__rosidl_typesupport_fastrtps_c
[8.549s] [100%] Built target gearbox_sim_s__rosidl_typesupport_introspection_c
[8.561s] Invoked command in '/home/dark/ros2_ws/build/gearbox_sim' returned '0': CMAKE_PREFIX_PATH=${CMAKE_PREFIX_PATH}:/opt/ros/jazzy DEBUGINFOD_URLS=https://debuginfod.ubuntu.com /usr/bin/cmake --build /home/dark/ros2_ws/build/gearbox_sim -- -j8 -l8
[8.571s] Invoking command in '/home/dark/ros2_ws/build/gearbox_sim': CMAKE_PREFIX_PATH=${CMAKE_PREFIX_PATH}:/opt/ros/jazzy DEBUGINFOD_URLS=https://debuginfod.ubuntu.com /usr/bin/cmake --install /home/dark/ros2_ws/build/gearbox_sim
[8.579s] -- Install configuration: ""
[8.579s] -- Execute custom install script
[8.580s] -- Symlinking: /home/dark/ros2_ws/install/gearbox_sim/share/ament_index/resource_index/rosidl_interfaces/gearbox_sim
[8.589s] -- Symlinking: /home/dark/ros2_ws/install/gearbox_sim/share/gearbox_sim/action/RunScrewdriver.json
[8.598s] -- Symlinking: /home/dark/ros2_ws/install/gearbox_sim/share/gearbox_sim/srv/RunPressCycle.json
[8.608s] -- Symlinking: /home/dark/ros2_ws/install/gearbox_sim/include/gearbox_sim/gearbox_sim/action/detail/run_screwdriver__functions.h
[8.616s] -- Symlinking: /home/dark/ros2_ws/install/gearbox_sim/include/gearbox_sim/gearbox_sim/action/detail/run_screwdriver__struct.h
[8.626s] -- Symlinking: /home/dark/ros2_ws/install/gearbox_sim/include/gearbox_sim/gearbox_sim/action/detail/run_screwdriver__type_support.h
[8.635s] -- Symlinking: /home/dark/ros2_ws/install/gearbox_sim/include/gearbox_sim/gearbox_sim/action/run_screwdriver.h
[8.643s] -- Symlinking: /home/dark/ros2_ws/install/gearbox_sim/include/gearbox_sim/gearbox_sim/msg/rosidl_generator_c__visibility_control.h
[8.652s] -- Symlinking: /home/dark/ros2_ws/install/gearbox_sim/include/gearbox_sim/gearbox_sim/srv/detail/run_press_cycle__functions.h
[8.661s] -- Symlinking: /home/dark/ros2_ws/install/gearbox_sim/include/gearbox_sim/gearbox_sim/srv/detail/run_press_cycle__struct.h
[8.670s] -- Symlinking: /home/dark/ros2_ws/install/gearbox_sim/include/gearbox_sim/gearbox_sim/srv/detail/run_press_cycle__type_support.h
[8.678s] -- Symlinking: /home/dark/ros2_ws/install/gearbox_sim/include/gearbox_sim/gearbox_sim/srv/run_press_cycle.h
[8.687s] -- Symlinking: /home/dark/ros2_ws/install/gearbox_sim/share/gearbox_sim/environment/library_path.sh
[8.697s] -- Symlinking: /home/dark/ros2_ws/install/gearbox_sim/share/gearbox_sim/environment/library_path.dsv
[8.707s] -- Symlinking: /home/dark/ros2_ws/install/gearbox_sim/include/gearbox_sim/gearbox_sim/action/detail/run_screwdriver__rosidl_typesupport_fastrtps_c.h
[8.715s] -- Symlinking: /home/dark/ros2_ws/install/gearbox_sim/include/gearbox_sim/gearbox_sim/msg/rosidl_typesupport_fastrtps_c__visibility_control.h
[8.724s] -- Symlinking: /home/dark/ros2_ws/install/gearbox_sim/include/gearbox_sim/gearbox_sim/srv/detail/run_press_cycle__rosidl_typesupport_fastrtps_c.h
[8.733s] -- Symlinking: /home/dark/ros2_ws/install/gearbox_sim/include/gearbox_sim/gearbox_sim/action/detail/run_screwdriver__rosidl_typesupport_introspection_c.h
[8.742s] -- Symlinking: /home/dark/ros2_ws/install/gearbox_sim/include/gearbox_sim/gearbox_sim/msg/rosidl_typesupport_introspection_c__visibility_control.h
[8.752s] -- Symlinking: /home/dark/ros2_ws/install/gearbox_sim/include/gearbox_sim/gearbox_sim/srv/detail/run_press_cycle__rosidl_typesupport_introspection_c.h
[8.760s] -- Symlinking: /home/dark/ros2_ws/install/gearbox_sim/include/gearbox_sim/gearbox_sim/action/detail/run_screwdriver__builder.hpp
[8.769s] -- Symlinking: /home/dark/ros2_ws/install/gearbox_sim/include/gearbox_sim/gearbox_sim/action/detail/run_screwdriver__struct.hpp
[8.778s] -- Symlinking: /home/dark/ros2_ws/install/gearbox_sim/include/gearbox_sim/gearbox_sim/action/detail/run_screwdriver__traits.hpp
[8.786s] -- Symlinking: /home/dark/ros2_ws/install/gearbox_sim/include/gearbox_sim/gearbox_sim/action/detail/run_screwdriver__type_support.hpp
[8.795s] -- Symlinking: /home/dark/ros2_ws/install/gearbox_sim/include/gearbox_sim/gearbox_sim/action/run_screwdriver.hpp
[8.804s] -- Symlinking: /home/dark/ros2_ws/install/gearbox_sim/include/gearbox_sim/gearbox_sim/msg/rosidl_generator_cpp__visibility_control.hpp
[8.812s] -- Symlinking: /home/dark/ros2_ws/install/gearbox_sim/include/gearbox_sim/gearbox_sim/srv/detail/run_press_cycle__builder.hpp
[8.821s] -- Symlinking: /home/dark/ros2_ws/install/gearbox_sim/include/gearbox_sim/gearbox_sim/srv/detail/run_press_cycle__struct.hpp
[8.830s] -- Symlinking: /home/dark/ros2_ws/install/gearbox_sim/include/gearbox_sim/gearbox_sim/srv/detail/run_press_cycle__traits.hpp
[8.840s] -- Symlinking: /home/dark/ros2_ws/install/gearbox_sim/include/gearbox_sim/gearbox_sim/srv/detail/run_press_cycle__type_support.hpp
[8.848s] -- Symlinking: /home/dark/ros2_ws/install/gearbox_sim/include/gearbox_sim/gearbox_sim/srv/run_press_cycle.hpp
[8.858s] -- Symlinking: /home/dark/ros2_ws/install/gearbox_sim/include/gearbox_sim/gearbox_sim/action/detail/run_screwdriver__rosidl_typesupport_fastrtps_cpp.hpp
[8.866s] -- Symlinking: /home/dark/ros2_ws/install/gearbox_sim/include/gearbox_sim/gearbox_sim/msg/rosidl_typesupport_fastrtps_cpp__visibility_control.h
[8.876s] -- Symlinking: /home/dark/ros2_ws/install/gearbox_sim/include/gearbox_sim/gearbox_sim/srv/detail/run_press_cycle__rosidl_typesupport_fastrtps_cpp.hpp
[8.885s] -- Symlinking: /home/dark/ros2_ws/install/gearbox_sim/include/gearbox_sim/gearbox_sim/action/detail/run_screwdriver__rosidl_typesupport_introspection_cpp.hpp
[8.893s] -- Symlinking: /home/dark/ros2_ws/install/gearbox_sim/include/gearbox_sim/gearbox_sim/srv/detail/run_press_cycle__rosidl_typesupport_introspection_cpp.hpp
[8.902s] -- Symlinking: /home/dark/ros2_ws/install/gearbox_sim/share/gearbox_sim/environment/pythonpath.sh
[8.911s] -- Symlinking: /home/dark/ros2_ws/install/gearbox_sim/share/gearbox_sim/environment/pythonpath.dsv
[8.920s] -- Symlinking: /home/dark/ros2_ws/install/gearbox_sim/lib/python3.12/site-packages/gearbox_sim-0.0.0-py3.12.egg-info/PKG-INFO
[8.928s] -- Symlinking: /home/dark/ros2_ws/install/gearbox_sim/lib/python3.12/site-packages/gearbox_sim-0.0.0-py3.12.egg-info/SOURCES.txt
[8.937s] -- Symlinking: /home/dark/ros2_ws/install/gearbox_sim/lib/python3.12/site-packages/gearbox_sim-0.0.0-py3.12.egg-info/dependency_links.txt
[8.946s] -- Symlinking: /home/dark/ros2_ws/install/gearbox_sim/lib/python3.12/site-packages/gearbox_sim-0.0.0-py3.12.egg-info/top_level.txt
[8.956s] -- Symlinking: /home/dark/ros2_ws/install/gearbox_sim/lib/python3.12/site-packages/gearbox_sim/__init__.py
[8.965s] -- Symlinking: /home/dark/ros2_ws/install/gearbox_sim/lib/python3.12/site-packages/gearbox_sim/_gearbox_sim_s.ep.rosidl_typesupport_c.c
[8.974s] -- Symlinking: /home/dark/ros2_ws/install/gearbox_sim/lib/python3.12/site-packages/gearbox_sim/_gearbox_sim_s.ep.rosidl_typesupport_fastrtps_c.c
[8.983s] -- Symlinking: /home/dark/ros2_ws/install/gearbox_sim/lib/python3.12/site-packages/gearbox_sim/_gearbox_sim_s.ep.rosidl_typesupport_introspection_c.c
[8.992s] -- Symlinking: /home/dark/ros2_ws/install/gearbox_sim/lib/python3.12/site-packages/gearbox_sim/action/__init__.py
[9.001s] -- Symlinking: /home/dark/ros2_ws/install/gearbox_sim/lib/python3.12/site-packages/gearbox_sim/action/_run_screwdriver.py
[9.011s] -- Symlinking: /home/dark/ros2_ws/install/gearbox_sim/lib/python3.12/site-packages/gearbox_sim/action/_run_screwdriver_s.c
[9.023s] -- Symlinking: /home/dark/ros2_ws/install/gearbox_sim/lib/python3.12/site-packages/gearbox_sim/gearbox_sim_s__rosidl_typesupport_c.so
[9.036s] -- Symlinking: /home/dark/ros2_ws/install/gearbox_sim/lib/python3.12/site-packages/gearbox_sim/gearbox_sim_s__rosidl_typesupport_fastrtps_c.so
[9.047s] -- Symlinking: /home/dark/ros2_ws/install/gearbox_sim/lib/python3.12/site-packages/gearbox_sim/gearbox_sim_s__rosidl_typesupport_introspection_c.so
[9.057s] -- Symlinking: /home/dark/ros2_ws/install/gearbox_sim/lib/python3.12/site-packages/gearbox_sim/srv/__init__.py
[9.066s] -- Symlinking: /home/dark/ros2_ws/install/gearbox_sim/lib/python3.12/site-packages/gearbox_sim/srv/_run_press_cycle.py
[9.076s] -- Symlinking: /home/dark/ros2_ws/install/gearbox_sim/lib/python3.12/site-packages/gearbox_sim/srv/_run_press_cycle_s.c
[9.085s] -- Up-to-date symlink: /home/dark/ros2_ws/install/gearbox_sim/lib/python3.12/site-packages/gearbox_sim/gearbox_sim_s__rosidl_typesupport_fastrtps_c.so
[9.085s] -- Up-to-date symlink: /home/dark/ros2_ws/install/gearbox_sim/lib/python3.12/site-packages/gearbox_sim/gearbox_sim_s__rosidl_typesupport_introspection_c.so
[9.086s] -- Up-to-date symlink: /home/dark/ros2_ws/install/gearbox_sim/lib/python3.12/site-packages/gearbox_sim/gearbox_sim_s__rosidl_typesupport_c.so
[9.086s] -- Symlinking: /home/dark/ros2_ws/install/gearbox_sim/share/ament_index/resource_index/rust_packages/gearbox_sim
[9.095s] -- Symlinking: /home/dark/ros2_ws/install/gearbox_sim/share/gearbox_sim/rust/Cargo.toml
[9.104s] -- Symlinking: /home/dark/ros2_ws/install/gearbox_sim/share/gearbox_sim/rust/build.rs
[9.112s] -- Symlinking: /home/dark/ros2_ws/install/gearbox_sim/share/gearbox_sim/rust/src/action.rs
[9.122s] -- Symlinking: /home/dark/ros2_ws/install/gearbox_sim/share/gearbox_sim/rust/src/action/rmw.rs
[9.130s] -- Symlinking: /home/dark/ros2_ws/install/gearbox_sim/share/gearbox_sim/rust/src/lib.rs
[9.139s] -- Symlinking: /home/dark/ros2_ws/install/gearbox_sim/share/gearbox_sim/rust/src/srv.rs
[9.148s] -- Symlinking: /home/dark/ros2_ws/install/gearbox_sim/share/gearbox_sim/rust/src/srv/rmw.rs
[9.158s] -- Symlinking: /home/dark/ros2_ws/install/gearbox_sim/share/gearbox_sim/action/RunScrewdriver.idl
[9.167s] -- Symlinking: /home/dark/ros2_ws/install/gearbox_sim/share/gearbox_sim/srv/RunPressCycle.idl
[9.176s] -- Symlinking: /home/dark/ros2_ws/install/gearbox_sim/share/gearbox_sim/action/RunScrewdriver.action
[9.185s] -- Symlinking: /home/dark/ros2_ws/install/gearbox_sim/share/gearbox_sim/srv/RunPressCycle.srv
[9.194s] -- Symlinking: /home/dark/ros2_ws/install/gearbox_sim/share/gearbox_sim/config/assembly_cell.yaml
[9.203s] -- Up-to-date symlink: /home/dark/ros2_ws/install/gearbox_sim/share/gearbox_sim/config/gearbox_animator.rviz
[9.203s] -- Up-to-date symlink: /home/dark/ros2_ws/install/gearbox_sim/share/gearbox_sim/config/ros_gz_bridge.yaml
[9.204s] -- Up-to-date symlink: /home/dark/ros2_ws/install/gearbox_sim/share/gearbox_sim/launch/__pycache__/gearbox_animator.launch.cpython-312.pyc
[9.204s] -- Up-to-date symlink: /home/dark/ros2_ws/install/gearbox_sim/share/gearbox_sim/launch/__pycache__/sim_assembly.launch.cpython-312.pyc
[9.204s] -- Symlinking: /home/dark/ros2_ws/install/gearbox_sim/share/gearbox_sim/launch/assembly_cell.launch.py
[9.213s] -- Up-to-date symlink: /home/dark/ros2_ws/install/gearbox_sim/share/gearbox_sim/launch/gearbox_animator.launch.py
[9.213s] -- Up-to-date symlink: /home/dark/ros2_ws/install/gearbox_sim/share/gearbox_sim/launch/sim_assembly.launch.py
[9.213s] -- Up-to-date symlink: /home/dark/ros2_ws/install/gearbox_sim/share/gearbox_sim/meshes/carrier.STL
[9.213s] -- Symlinking: /home/dark/ros2_ws/install/gearbox_sim/share/gearbox_sim/meshes/nema17/Back_box.STL
[9.223s] -- Symlinking: /home/dark/ros2_ws/install/gearbox_sim/share/gearbox_sim/meshes/nema17/Front_box.STL
[9.232s] -- Symlinking: /home/dark/ros2_ws/install/gearbox_sim/share/gearbox_sim/meshes/nema17/Middle_box.STL
[9.241s] -- Symlinking: /home/dark/ros2_ws/install/gearbox_sim/share/gearbox_sim/meshes/nema17/Small_roller.STL
[9.251s] -- Symlinking: /home/dark/ros2_ws/install/gearbox_sim/share/gearbox_sim/meshes/nema17/Spur_gear.STL
[9.259s] -- Symlinking: /home/dark/ros2_ws/install/gearbox_sim/share/gearbox_sim/meshes/nema17/Sun_gear.STL
[9.268s] -- Symlinking: /home/dark/ros2_ws/install/gearbox_sim/share/gearbox_sim/meshes/nema17/Untitled 2.JPG
[9.277s] -- Symlinking: /home/dark/ros2_ws/install/gearbox_sim/share/gearbox_sim/meshes/nema17/Untitled 3.JPG
[9.286s] -- Symlinking: /home/dark/ros2_ws/install/gearbox_sim/share/gearbox_sim/meshes/nema17/Untitled.JPG
[9.294s] -- Symlinking: /home/dark/ros2_ws/install/gearbox_sim/share/gearbox_sim/meshes/nema17/Vodilo.STL
[9.304s] -- Symlinking: /home/dark/ros2_ws/install/gearbox_sim/share/gearbox_sim/meshes/nema17/big_roller.STL
[9.312s] -- Symlinking: /home/dark/ros2_ws/install/gearbox_sim/share/gearbox_sim/meshes/nema17/hex_nut.STL
[9.322s] -- Symlinking: /home/dark/ros2_ws/install/gearbox_sim/share/gearbox_sim/meshes/nema17/satellite.STL
[9.330s] -- Symlinking: /home/dark/ros2_ws/install/gearbox_sim/share/gearbox_sim/meshes/nema17/screw.STL
[9.339s] -- Symlinking: /home/dark/ros2_ws/install/gearbox_sim/share/gearbox_sim/meshes/nema17/stop_ring.STL
[9.347s] -- Up-to-date symlink: /home/dark/ros2_ws/install/gearbox_sim/share/gearbox_sim/meshes/planet_gear.STL
[9.347s] -- Up-to-date symlink: /home/dark/ros2_ws/install/gearbox_sim/share/gearbox_sim/meshes/ring_gear.STL
[9.347s] -- Up-to-date symlink: /home/dark/ros2_ws/install/gearbox_sim/share/gearbox_sim/meshes/satellite.STL
[9.348s] -- Up-to-date symlink: /home/dark/ros2_ws/install/gearbox_sim/share/gearbox_sim/urdf/gearbox.urdf
[9.348s] -- Up-to-date symlink: /home/dark/ros2_ws/install/gearbox_sim/share/gearbox_sim/urdf/gearbox_gazebo.urdf.xacro
[9.348s] -- Symlinking: /home/dark/ros2_ws/install/gearbox_sim/share/gearbox_sim/urdf/include/nema17_parts.xacro
[9.357s] -- Symlinking: /home/dark/ros2_ws/install/gearbox_sim/share/gearbox_sim/urdf/include/workcell_macros.xacro
[9.367s] -- Symlinking: /home/dark/ros2_ws/install/gearbox_sim/share/gearbox_sim/urdf/main_scene.urdf.xacro
[9.376s] -- Up-to-date symlink: /home/dark/ros2_ws/install/gearbox_sim/share/gearbox_sim/urdf/ur5e_robotiq_ft.urdf.xacro
[9.376s] -- Symlinking: /home/dark/ros2_ws/install/gearbox_sim/share/gearbox_sim/worlds/assembly_cell.sdf
[9.385s] -- Up-to-date symlink: /home/dark/ros2_ws/install/gearbox_sim/share/gearbox_sim/worlds/assembly_scene.sdf
[9.385s] -- Up-to-date symlink: /home/dark/ros2_ws/install/gearbox_sim/share/gearbox_sim/worlds/assembly_scene_calibration.sdf
[9.386s] -- Up-to-date symlink: /home/dark/ros2_ws/install/gearbox_sim/share/ament_index/resource_index/package_run_dependencies/gearbox_sim
[9.386s] -- Up-to-date symlink: /home/dark/ros2_ws/install/gearbox_sim/share/ament_index/resource_index/parent_prefix_path/gearbox_sim
[9.386s] -- Up-to-date symlink: /home/dark/ros2_ws/install/gearbox_sim/share/gearbox_sim/environment/ament_prefix_path.sh
[9.386s] -- Up-to-date symlink: /home/dark/ros2_ws/install/gearbox_sim/share/gearbox_sim/environment/ament_prefix_path.dsv
[9.387s] -- Up-to-date symlink: /home/dark/ros2_ws/install/gearbox_sim/share/gearbox_sim/environment/path.sh
[9.387s] -- Up-to-date symlink: /home/dark/ros2_ws/install/gearbox_sim/share/gearbox_sim/environment/path.dsv
[9.387s] -- Up-to-date symlink: /home/dark/ros2_ws/install/gearbox_sim/share/gearbox_sim/local_setup.bash
[9.387s] -- Up-to-date symlink: /home/dark/ros2_ws/install/gearbox_sim/share/gearbox_sim/local_setup.sh
[9.387s] -- Up-to-date symlink: /home/dark/ros2_ws/install/gearbox_sim/share/gearbox_sim/local_setup.zsh
[9.388s] -- Up-to-date symlink: /home/dark/ros2_ws/install/gearbox_sim/share/gearbox_sim/local_setup.dsv
[9.388s] -- Symlinking: /home/dark/ros2_ws/install/gearbox_sim/share/gearbox_sim/package.dsv
[9.397s] -- Up-to-date symlink: /home/dark/ros2_ws/install/gearbox_sim/share/ament_index/resource_index/packages/gearbox_sim
[9.397s] -- Symlinking: /home/dark/ros2_ws/install/gearbox_sim/share/gearbox_sim/cmake/rosidl_cmake-extras.cmake
[9.407s] -- Symlinking: /home/dark/ros2_ws/install/gearbox_sim/share/gearbox_sim/cmake/ament_cmake_export_dependencies-extras.cmake
[9.415s] -- Symlinking: /home/dark/ros2_ws/install/gearbox_sim/share/gearbox_sim/cmake/ament_cmake_export_include_directories-extras.cmake
[9.425s] -- Symlinking: /home/dark/ros2_ws/install/gearbox_sim/share/gearbox_sim/cmake/ament_cmake_export_libraries-extras.cmake
[9.434s] -- Symlinking: /home/dark/ros2_ws/install/gearbox_sim/share/gearbox_sim/cmake/ament_cmake_export_targets-extras.cmake
[9.443s] -- Symlinking: /home/dark/ros2_ws/install/gearbox_sim/share/gearbox_sim/cmake/rosidl_cmake_export_typesupport_targets-extras.cmake
[9.452s] -- Symlinking: /home/dark/ros2_ws/install/gearbox_sim/share/gearbox_sim/cmake/rosidl_cmake_export_typesupport_libraries-extras.cmake
[9.461s] -- Up-to-date symlink: /home/dark/ros2_ws/install/gearbox_sim/share/gearbox_sim/cmake/gearbox_simConfig.cmake
[9.461s] -- Up-to-date symlink: /home/dark/ros2_ws/install/gearbox_sim/share/gearbox_sim/cmake/gearbox_simConfig-version.cmake
[9.461s] -- Up-to-date symlink: /home/dark/ros2_ws/install/gearbox_sim/share/gearbox_sim/package.xml
[9.461s] -- Installing: /home/dark/ros2_ws/install/gearbox_sim/lib/libgearbox_sim__rosidl_generator_c.so
[9.462s] -- Set non-toolchain portion of runtime path of "/home/dark/ros2_ws/install/gearbox_sim/lib/libgearbox_sim__rosidl_generator_c.so" to ""
[9.462s] -- Installing: /home/dark/ros2_ws/install/gearbox_sim/lib/libgearbox_sim__rosidl_typesupport_fastrtps_c.so
[9.462s] -- Set non-toolchain portion of runtime path of "/home/dark/ros2_ws/install/gearbox_sim/lib/libgearbox_sim__rosidl_typesupport_fastrtps_c.so" to ""
[9.462s] -- Installing: /home/dark/ros2_ws/install/gearbox_sim/lib/libgearbox_sim__rosidl_typesupport_introspection_c.so
[9.463s] -- Set non-toolchain portion of runtime path of "/home/dark/ros2_ws/install/gearbox_sim/lib/libgearbox_sim__rosidl_typesupport_introspection_c.so" to ""
[9.463s] -- Installing: /home/dark/ros2_ws/install/gearbox_sim/lib/libgearbox_sim__rosidl_typesupport_c.so
[9.463s] -- Set non-toolchain portion of runtime path of "/home/dark/ros2_ws/install/gearbox_sim/lib/libgearbox_sim__rosidl_typesupport_c.so" to ""
[9.463s] -- Installing: /home/dark/ros2_ws/install/gearbox_sim/lib/libgearbox_sim__rosidl_typesupport_fastrtps_cpp.so
[9.464s] -- Set non-toolchain portion of runtime path of "/home/dark/ros2_ws/install/gearbox_sim/lib/libgearbox_sim__rosidl_typesupport_fastrtps_cpp.so" to ""
[9.464s] -- Installing: /home/dark/ros2_ws/install/gearbox_sim/lib/libgearbox_sim__rosidl_typesupport_introspection_cpp.so
[9.464s] -- Set non-toolchain portion of runtime path of "/home/dark/ros2_ws/install/gearbox_sim/lib/libgearbox_sim__rosidl_typesupport_introspection_cpp.so" to ""
[9.465s] -- Installing: /home/dark/ros2_ws/install/gearbox_sim/lib/libgearbox_sim__rosidl_typesupport_cpp.so
[9.465s] -- Set non-toolchain portion of runtime path of "/home/dark/ros2_ws/install/gearbox_sim/lib/libgearbox_sim__rosidl_typesupport_cpp.so" to ""
[9.517s] Listing '/home/dark/ros2_ws/install/gearbox_sim/lib/python3.12/site-packages/gearbox_sim'...
[9.517s] Compiling '/home/dark/ros2_ws/install/gearbox_sim/lib/python3.12/site-packages/gearbox_sim/__init__.py'...
[9.517s] Listing '/home/dark/ros2_ws/install/gearbox_sim/lib/python3.12/site-packages/gearbox_sim/action'...
[9.517s] Compiling '/home/dark/ros2_ws/install/gearbox_sim/lib/python3.12/site-packages/gearbox_sim/action/__init__.py'...
[9.517s] Compiling '/home/dark/ros2_ws/install/gearbox_sim/lib/python3.12/site-packages/gearbox_sim/action/_run_screwdriver.py'...
[9.518s] Listing '/home/dark/ros2_ws/install/gearbox_sim/lib/python3.12/site-packages/gearbox_sim/srv'...
[9.518s] Compiling '/home/dark/ros2_ws/install/gearbox_sim/lib/python3.12/site-packages/gearbox_sim/srv/__init__.py'...
[9.518s] Compiling '/home/dark/ros2_ws/install/gearbox_sim/lib/python3.12/site-packages/gearbox_sim/srv/_run_press_cycle.py'...
[9.524s] -- Installing: /home/dark/ros2_ws/install/gearbox_sim/lib/libgearbox_sim__rosidl_generator_py.so
[9.524s] -- Set non-toolchain portion of runtime path of "/home/dark/ros2_ws/install/gearbox_sim/lib/libgearbox_sim__rosidl_generator_py.so" to ""
[9.525s] -- Up-to-date: /home/dark/ros2_ws/install/gearbox_sim/lib/gearbox_sim
[9.525s] -- Installing: /home/dark/ros2_ws/install/gearbox_sim/lib/gearbox_sim/press_controller.py
[9.525s] -- Installing: /home/dark/ros2_ws/install/gearbox_sim/lib/gearbox_sim/__pycache__
[9.525s] -- Installing: /home/dark/ros2_ws/install/gearbox_sim/lib/gearbox_sim/screwdriver_server.py
[9.525s] -- Installing: /home/dark/ros2_ws/install/gearbox_sim/lib/gearbox_sim/motion_planner.py
[9.525s] -- Installing: /home/dark/ros2_ws/install/gearbox_sim/lib/gearbox_sim/assembly_state_machine.py
[9.525s] -- Installing: /home/dark/ros2_ws/install/gearbox_sim/share/gearbox_sim/cmake/export_gearbox_sim__rosidl_generator_cExport.cmake
[9.526s] -- Installing: /home/dark/ros2_ws/install/gearbox_sim/share/gearbox_sim/cmake/export_gearbox_sim__rosidl_generator_cExport-noconfig.cmake
[9.526s] -- Installing: /home/dark/ros2_ws/install/gearbox_sim/share/gearbox_sim/cmake/export_gearbox_sim__rosidl_typesupport_fastrtps_cExport.cmake
[9.526s] -- Installing: /home/dark/ros2_ws/install/gearbox_sim/share/gearbox_sim/cmake/export_gearbox_sim__rosidl_typesupport_fastrtps_cExport-noconfig.cmake
[9.526s] -- Installing: /home/dark/ros2_ws/install/gearbox_sim/share/gearbox_sim/cmake/gearbox_sim__rosidl_typesupport_introspection_cExport.cmake
[9.526s] -- Installing: /home/dark/ros2_ws/install/gearbox_sim/share/gearbox_sim/cmake/gearbox_sim__rosidl_typesupport_introspection_cExport-noconfig.cmake
[9.526s] -- Installing: /home/dark/ros2_ws/install/gearbox_sim/share/gearbox_sim/cmake/gearbox_sim__rosidl_typesupport_cExport.cmake
[9.527s] -- Installing: /home/dark/ros2_ws/install/gearbox_sim/share/gearbox_sim/cmake/gearbox_sim__rosidl_typesupport_cExport-noconfig.cmake
[9.527s] -- Installing: /home/dark/ros2_ws/install/gearbox_sim/share/gearbox_sim/cmake/export_gearbox_sim__rosidl_generator_cppExport.cmake
[9.527s] -- Installing: /home/dark/ros2_ws/install/gearbox_sim/share/gearbox_sim/cmake/export_gearbox_sim__rosidl_typesupport_fastrtps_cppExport.cmake
[9.527s] -- Installing: /home/dark/ros2_ws/install/gearbox_sim/share/gearbox_sim/cmake/export_gearbox_sim__rosidl_typesupport_fastrtps_cppExport-noconfig.cmake
[9.528s] -- Installing: /home/dark/ros2_ws/install/gearbox_sim/share/gearbox_sim/cmake/gearbox_sim__rosidl_typesupport_introspection_cppExport.cmake
[9.528s] -- Installing: /home/dark/ros2_ws/install/gearbox_sim/share/gearbox_sim/cmake/gearbox_sim__rosidl_typesupport_introspection_cppExport-noconfig.cmake
[9.528s] -- Installing: /home/dark/ros2_ws/install/gearbox_sim/share/gearbox_sim/cmake/gearbox_sim__rosidl_typesupport_cppExport.cmake
[9.528s] -- Installing: /home/dark/ros2_ws/install/gearbox_sim/share/gearbox_sim/cmake/gearbox_sim__rosidl_typesupport_cppExport-noconfig.cmake
[9.528s] -- Installing: /home/dark/ros2_ws/install/gearbox_sim/share/gearbox_sim/cmake/export_gearbox_sim__rosidl_generator_pyExport.cmake
[9.529s] -- Installing: /home/dark/ros2_ws/install/gearbox_sim/share/gearbox_sim/cmake/export_gearbox_sim__rosidl_generator_pyExport-noconfig.cmake
[9.531s] Invoked command in '/home/dark/ros2_ws/build/gearbox_sim' returned '0': CMAKE_PREFIX_PATH=${CMAKE_PREFIX_PATH}:/opt/ros/jazzy DEBUGINFOD_URLS=https://debuginfod.ubuntu.com /usr/bin/cmake --install /home/dark/ros2_ws/build/gearbox_sim
