[0.018s] Invoking command in '/home/dark/ros2_ws/build/gearbox_sim': CMAKE_PREFIX_PATH=${CMAKE_PREFIX_PATH}:/opt/ros/jazzy DEBUGINFOD_URLS=https://debuginfod.ubuntu.com /usr/bin/cmake --build /home/dark/ros2_ws/build/gearbox_sim -- -j8 -l8
[0.117s] [  1%] Built target gearbox_sim__rosidl_generator_type_description
[0.195s] [  1%] Built target ament_cmake_python_symlink_gearbox_sim
[0.258s] [  3%] Built target gearbox_sim__cpp
[0.697s] running egg_info
[0.751s] writing gearbox_sim.egg-info/PKG-INFO
[0.751s] writing dependency_links to gearbox_sim.egg-info/dependency_links.txt
[0.752s] writing top-level names to gearbox_sim.egg-info/top_level.txt
[0.868s] reading manifest file 'gearbox_sim.egg-info/SOURCES.txt'
[0.870s] writing manifest file 'gearbox_sim.egg-info/SOURCES.txt'
[0.951s] [  3%] Built target ament_cmake_python_build_gearbox_sim_egg
[1.014s] [ 23%] Built target gearbox_sim__rosidl_generator_c
[1.058s] [ 25%] Built target gearbox_sim__rs
[1.100s] [ 34%] Built target gearbox_sim__rosidl_typesupport_cpp
[1.140s] [ 43%] Built target gearbox_sim__rosidl_typesupport_introspection_cpp
[1.203s] [ 52%] Built target gearbox_sim__rosidl_typesupport_fastrtps_cpp
[1.255s] [ 61%] Built target gearbox_sim__rosidl_typesupport_c
[1.297s] [ 70%] Built target gearbox_sim__rosidl_typesupport_introspection_c
[1.379s] [ 80%] Built target gearbox_sim__rosidl_typesupport_fastrtps_c
[1.411s] [ 80%] Built target gearbox_sim
[1.449s] [ 81%] Built target gearbox_sim__py
[1.496s] [ 89%] Built target gearbox_sim__rosidl_generator_py
[1.543s] [ 92%] Built target gearbox_sim_s__rosidl_typesupport_fastrtps_c
[1.575s] [ 96%] Built target gearbox_sim_s__rosidl_typesupport_c
[1.618s] [100%] Built target gearbox_sim_s__rosidl_typesupport_introspection_c
[1.636s] Invoked command in '/home/dark/ros2_ws/build/gearbox_sim' returned '0': CMAKE_PREFIX_PATH=${CMAKE_PREFIX_PATH}:/opt/ros/jazzy DEBUGINFOD_URLS=https://debuginfod.ubuntu.com /usr/bin/cmake --build /home/dark/ros2_ws/build/gearbox_sim -- -j8 -l8
[1.649s] Invoking command in '/home/dark/ros2_ws/build/gearbox_sim': CMAKE_PREFIX_PATH=${CMAKE_PREFIX_PATH}:/opt/ros/jazzy DEBUGINFOD_URLS=https://debuginfod.ubuntu.com /usr/bin/cmake --install /home/dark/ros2_ws/build/gearbox_sim
[1.660s] -- Install configuration: ""
[1.661s] -- Execute custom install script
[1.662s] -- Up-to-date symlink: /home/dark/ros2_ws/install/gearbox_sim/share/ament_index/resource_index/rosidl_interfaces/gearbox_sim
[1.662s] -- Up-to-date symlink: /home/dark/ros2_ws/install/gearbox_sim/share/gearbox_sim/action/RunScrewdriver.json
[1.662s] -- Up-to-date symlink: /home/dark/ros2_ws/install/gearbox_sim/share/gearbox_sim/srv/RunPressCycle.json
[1.663s] -- Up-to-date symlink: /home/dark/ros2_ws/install/gearbox_sim/share/gearbox_sim/srv/SetAttachment.json
[1.663s] -- Up-to-date symlink: /home/dark/ros2_ws/install/gearbox_sim/include/gearbox_sim/gearbox_sim/action/detail/run_screwdriver__functions.h
[1.664s] -- Up-to-date symlink: /home/dark/ros2_ws/install/gearbox_sim/include/gearbox_sim/gearbox_sim/action/detail/run_screwdriver__struct.h
[1.667s] -- Up-to-date symlink: /home/dark/ros2_ws/install/gearbox_sim/include/gearbox_sim/gearbox_sim/action/detail/run_screwdriver__type_support.h
[1.668s] -- Up-to-date symlink: /home/dark/ros2_ws/install/gearbox_sim/include/gearbox_sim/gearbox_sim/action/run_screwdriver.h
[1.668s] -- Up-to-date symlink: /home/dark/ros2_ws/install/gearbox_sim/include/gearbox_sim/gearbox_sim/msg/rosidl_generator_c__visibility_control.h
[1.669s] -- Up-to-date symlink: /home/dark/ros2_ws/install/gearbox_sim/include/gearbox_sim/gearbox_sim/srv/detail/run_press_cycle__functions.h
[1.669s] -- Up-to-date symlink: /home/dark/ros2_ws/install/gearbox_sim/include/gearbox_sim/gearbox_sim/srv/detail/run_press_cycle__struct.h
[1.669s] -- Up-to-date symlink: /home/dark/ros2_ws/install/gearbox_sim/include/gearbox_sim/gearbox_sim/srv/detail/run_press_cycle__type_support.h
[1.669s] -- Up-to-date symlink: /home/dark/ros2_ws/install/gearbox_sim/include/gearbox_sim/gearbox_sim/srv/detail/set_attachment__functions.h
[1.669s] -- Up-to-date symlink: /home/dark/ros2_ws/install/gearbox_sim/include/gearbox_sim/gearbox_sim/srv/detail/set_attachment__struct.h
[1.669s] -- Up-to-date symlink: /home/dark/ros2_ws/install/gearbox_sim/include/gearbox_sim/gearbox_sim/srv/detail/set_attachment__type_support.h
[1.669s] -- Up-to-date symlink: /home/dark/ros2_ws/install/gearbox_sim/include/gearbox_sim/gearbox_sim/srv/run_press_cycle.h
[1.669s] -- Up-to-date symlink: /home/dark/ros2_ws/install/gearbox_sim/include/gearbox_sim/gearbox_sim/srv/set_attachment.h
[1.670s] -- Up-to-date symlink: /home/dark/ros2_ws/install/gearbox_sim/share/gearbox_sim/environment/library_path.sh
[1.670s] -- Up-to-date symlink: /home/dark/ros2_ws/install/gearbox_sim/share/gearbox_sim/environment/library_path.dsv
[1.670s] -- Up-to-date symlink: /home/dark/ros2_ws/install/gearbox_sim/include/gearbox_sim/gearbox_sim/action/detail/run_screwdriver__rosidl_typesupport_fastrtps_c.h
[1.670s] -- Up-to-date symlink: /home/dark/ros2_ws/install/gearbox_sim/include/gearbox_sim/gearbox_sim/msg/rosidl_typesupport_fastrtps_c__visibility_control.h
[1.670s] -- Up-to-date symlink: /home/dark/ros2_ws/install/gearbox_sim/include/gearbox_sim/gearbox_sim/srv/detail/run_press_cycle__rosidl_typesupport_fastrtps_c.h
[1.670s] -- Up-to-date symlink: /home/dark/ros2_ws/install/gearbox_sim/include/gearbox_sim/gearbox_sim/srv/detail/set_attachment__rosidl_typesupport_fastrtps_c.h
[1.670s] -- Up-to-date symlink: /home/dark/ros2_ws/install/gearbox_sim/include/gearbox_sim/gearbox_sim/action/detail/run_screwdriver__rosidl_typesupport_introspection_c.h
[1.670s] -- Up-to-date symlink: /home/dark/ros2_ws/install/gearbox_sim/include/gearbox_sim/gearbox_sim/msg/rosidl_typesupport_introspection_c__visibility_control.h
[1.671s] -- Up-to-date symlink: /home/dark/ros2_ws/install/gearbox_sim/include/gearbox_sim/gearbox_sim/srv/detail/run_press_cycle__rosidl_typesupport_introspection_c.h
[1.671s] -- Up-to-date symlink: /home/dark/ros2_ws/install/gearbox_sim/include/gearbox_sim/gearbox_sim/srv/detail/set_attachment__rosidl_typesupport_introspection_c.h
[1.672s] -- Up-to-date symlink: /home/dark/ros2_ws/install/gearbox_sim/include/gearbox_sim/gearbox_sim/action/detail/run_screwdriver__builder.hpp
[1.672s] -- Up-to-date symlink: /home/dark/ros2_ws/install/gearbox_sim/include/gearbox_sim/gearbox_sim/action/detail/run_screwdriver__struct.hpp
[1.672s] -- Up-to-date symlink: /home/dark/ros2_ws/install/gearbox_sim/include/gearbox_sim/gearbox_sim/action/detail/run_screwdriver__traits.hpp
[1.672s] -- Up-to-date symlink: /home/dark/ros2_ws/install/gearbox_sim/include/gearbox_sim/gearbox_sim/action/detail/run_screwdriver__type_support.hpp
[1.672s] -- Up-to-date symlink: /home/dark/ros2_ws/install/gearbox_sim/include/gearbox_sim/gearbox_sim/action/run_screwdriver.hpp
[1.672s] -- Up-to-date symlink: /home/dark/ros2_ws/install/gearbox_sim/include/gearbox_sim/gearbox_sim/msg/rosidl_generator_cpp__visibility_control.hpp
[1.673s] -- Up-to-date symlink: /home/dark/ros2_ws/install/gearbox_sim/include/gearbox_sim/gearbox_sim/srv/detail/run_press_cycle__builder.hpp
[1.673s] -- Up-to-date symlink: /home/dark/ros2_ws/install/gearbox_sim/include/gearbox_sim/gearbox_sim/srv/detail/run_press_cycle__struct.hpp
[1.673s] -- Up-to-date symlink: /home/dark/ros2_ws/install/gearbox_sim/include/gearbox_sim/gearbox_sim/srv/detail/run_press_cycle__traits.hpp
[1.673s] -- Up-to-date symlink: /home/dark/ros2_ws/install/gearbox_sim/include/gearbox_sim/gearbox_sim/srv/detail/run_press_cycle__type_support.hpp
[1.673s] -- Up-to-date symlink: /home/dark/ros2_ws/install/gearbox_sim/include/gearbox_sim/gearbox_sim/srv/detail/set_attachment__builder.hpp
[1.673s] -- Up-to-date symlink: /home/dark/ros2_ws/install/gearbox_sim/include/gearbox_sim/gearbox_sim/srv/detail/set_attachment__struct.hpp
[1.673s] -- Up-to-date symlink: /home/dark/ros2_ws/install/gearbox_sim/include/gearbox_sim/gearbox_sim/srv/detail/set_attachment__traits.hpp
[1.674s] -- Up-to-date symlink: /home/dark/ros2_ws/install/gearbox_sim/include/gearbox_sim/gearbox_sim/srv/detail/set_attachment__type_support.hpp
[1.675s] -- Up-to-date symlink: /home/dark/ros2_ws/install/gearbox_sim/include/gearbox_sim/gearbox_sim/srv/run_press_cycle.hpp
[1.675s] -- Up-to-date symlink: /home/dark/ros2_ws/install/gearbox_sim/include/gearbox_sim/gearbox_sim/srv/set_attachment.hpp
[1.675s] -- Up-to-date symlink: /home/dark/ros2_ws/install/gearbox_sim/include/gearbox_sim/gearbox_sim/action/detail/run_screwdriver__rosidl_typesupport_fastrtps_cpp.hpp
[1.675s] -- Up-to-date symlink: /home/dark/ros2_ws/install/gearbox_sim/include/gearbox_sim/gearbox_sim/msg/rosidl_typesupport_fastrtps_cpp__visibility_control.h
[1.675s] -- Up-to-date symlink: /home/dark/ros2_ws/install/gearbox_sim/include/gearbox_sim/gearbox_sim/srv/detail/run_press_cycle__rosidl_typesupport_fastrtps_cpp.hpp
[1.677s] -- Up-to-date symlink: /home/dark/ros2_ws/install/gearbox_sim/include/gearbox_sim/gearbox_sim/srv/detail/set_attachment__rosidl_typesupport_fastrtps_cpp.hpp
[1.677s] -- Up-to-date symlink: /home/dark/ros2_ws/install/gearbox_sim/include/gearbox_sim/gearbox_sim/action/detail/run_screwdriver__rosidl_typesupport_introspection_cpp.hpp
[1.677s] -- Up-to-date symlink: /home/dark/ros2_ws/install/gearbox_sim/include/gearbox_sim/gearbox_sim/srv/detail/run_press_cycle__rosidl_typesupport_introspection_cpp.hpp
[1.677s] -- Up-to-date symlink: /home/dark/ros2_ws/install/gearbox_sim/include/gearbox_sim/gearbox_sim/srv/detail/set_attachment__rosidl_typesupport_introspection_cpp.hpp
[1.677s] -- Up-to-date symlink: /home/dark/ros2_ws/install/gearbox_sim/share/gearbox_sim/environment/pythonpath.sh
[1.678s] -- Up-to-date symlink: /home/dark/ros2_ws/install/gearbox_sim/share/gearbox_sim/environment/pythonpath.dsv
[1.678s] -- Up-to-date symlink: /home/dark/ros2_ws/install/gearbox_sim/lib/python3.12/site-packages/gearbox_sim-0.0.0-py3.12.egg-info/PKG-INFO
[1.678s] -- Up-to-date symlink: /home/dark/ros2_ws/install/gearbox_sim/lib/python3.12/site-packages/gearbox_sim-0.0.0-py3.12.egg-info/SOURCES.txt
[1.678s] -- Up-to-date symlink: /home/dark/ros2_ws/install/gearbox_sim/lib/python3.12/site-packages/gearbox_sim-0.0.0-py3.12.egg-info/dependency_links.txt
[1.678s] -- Up-to-date symlink: /home/dark/ros2_ws/install/gearbox_sim/lib/python3.12/site-packages/gearbox_sim-0.0.0-py3.12.egg-info/top_level.txt
[1.678s] -- Up-to-date symlink: /home/dark/ros2_ws/install/gearbox_sim/lib/python3.12/site-packages/gearbox_sim/__init__.py
[1.678s] -- Up-to-date symlink: /home/dark/ros2_ws/install/gearbox_sim/lib/python3.12/site-packages/gearbox_sim/_gearbox_sim_s.ep.rosidl_typesupport_c.c
[1.679s] -- Up-to-date symlink: /home/dark/ros2_ws/install/gearbox_sim/lib/python3.12/site-packages/gearbox_sim/_gearbox_sim_s.ep.rosidl_typesupport_fastrtps_c.c
[1.679s] -- Up-to-date symlink: /home/dark/ros2_ws/install/gearbox_sim/lib/python3.12/site-packages/gearbox_sim/_gearbox_sim_s.ep.rosidl_typesupport_introspection_c.c
[1.681s] -- Up-to-date symlink: /home/dark/ros2_ws/install/gearbox_sim/lib/python3.12/site-packages/gearbox_sim/action/__init__.py
[1.681s] -- Up-to-date symlink: /home/dark/ros2_ws/install/gearbox_sim/lib/python3.12/site-packages/gearbox_sim/action/_run_screwdriver.py
[1.681s] -- Up-to-date symlink: /home/dark/ros2_ws/install/gearbox_sim/lib/python3.12/site-packages/gearbox_sim/action/_run_screwdriver_s.c
[1.681s] -- Up-to-date symlink: /home/dark/ros2_ws/install/gearbox_sim/lib/python3.12/site-packages/gearbox_sim/gearbox_sim_s__rosidl_typesupport_c.so
[1.681s] -- Up-to-date symlink: /home/dark/ros2_ws/install/gearbox_sim/lib/python3.12/site-packages/gearbox_sim/gearbox_sim_s__rosidl_typesupport_fastrtps_c.so
[1.682s] -- Up-to-date symlink: /home/dark/ros2_ws/install/gearbox_sim/lib/python3.12/site-packages/gearbox_sim/gearbox_sim_s__rosidl_typesupport_introspection_c.so
[1.682s] -- Up-to-date symlink: /home/dark/ros2_ws/install/gearbox_sim/lib/python3.12/site-packages/gearbox_sim/srv/__init__.py
[1.682s] -- Up-to-date symlink: /home/dark/ros2_ws/install/gearbox_sim/lib/python3.12/site-packages/gearbox_sim/srv/_run_press_cycle.py
[1.682s] -- Up-to-date symlink: /home/dark/ros2_ws/install/gearbox_sim/lib/python3.12/site-packages/gearbox_sim/srv/_run_press_cycle_s.c
[1.682s] -- Up-to-date symlink: /home/dark/ros2_ws/install/gearbox_sim/lib/python3.12/site-packages/gearbox_sim/srv/_set_attachment.py
[1.682s] -- Up-to-date symlink: /home/dark/ros2_ws/install/gearbox_sim/lib/python3.12/site-packages/gearbox_sim/srv/_set_attachment_s.c
[1.682s] -- Up-to-date symlink: /home/dark/ros2_ws/install/gearbox_sim/lib/python3.12/site-packages/gearbox_sim/gearbox_sim_s__rosidl_typesupport_fastrtps_c.so
[1.682s] -- Up-to-date symlink: /home/dark/ros2_ws/install/gearbox_sim/lib/python3.12/site-packages/gearbox_sim/gearbox_sim_s__rosidl_typesupport_introspection_c.so
[1.685s] -- Up-to-date symlink: /home/dark/ros2_ws/install/gearbox_sim/lib/python3.12/site-packages/gearbox_sim/gearbox_sim_s__rosidl_typesupport_c.so
[1.685s] -- Up-to-date symlink: /home/dark/ros2_ws/install/gearbox_sim/share/ament_index/resource_index/rust_packages/gearbox_sim
[1.685s] -- Up-to-date symlink: /home/dark/ros2_ws/install/gearbox_sim/share/gearbox_sim/rust/Cargo.toml
[1.685s] -- Up-to-date symlink: /home/dark/ros2_ws/install/gearbox_sim/share/gearbox_sim/rust/build.rs
[1.685s] -- Up-to-date symlink: /home/dark/ros2_ws/install/gearbox_sim/share/gearbox_sim/rust/src/action.rs
[1.685s] -- Up-to-date symlink: /home/dark/ros2_ws/install/gearbox_sim/share/gearbox_sim/rust/src/action/rmw.rs
[1.686s] -- Up-to-date symlink: /home/dark/ros2_ws/install/gearbox_sim/share/gearbox_sim/rust/src/lib.rs
[1.686s] -- Up-to-date symlink: /home/dark/ros2_ws/install/gearbox_sim/share/gearbox_sim/rust/src/srv.rs
[1.686s] -- Up-to-date symlink: /home/dark/ros2_ws/install/gearbox_sim/share/gearbox_sim/rust/src/srv/rmw.rs
[1.686s] -- Up-to-date symlink: /home/dark/ros2_ws/install/gearbox_sim/share/gearbox_sim/action/RunScrewdriver.idl
[1.686s] -- Up-to-date symlink: /home/dark/ros2_ws/install/gearbox_sim/share/gearbox_sim/srv/RunPressCycle.idl
[1.687s] -- Up-to-date symlink: /home/dark/ros2_ws/install/gearbox_sim/share/gearbox_sim/srv/SetAttachment.idl
[1.688s] -- Up-to-date symlink: /home/dark/ros2_ws/install/gearbox_sim/share/gearbox_sim/action/RunScrewdriver.action
[1.688s] -- Up-to-date symlink: /home/dark/ros2_ws/install/gearbox_sim/share/gearbox_sim/srv/RunPressCycle.srv
[1.688s] -- Up-to-date symlink: /home/dark/ros2_ws/install/gearbox_sim/share/gearbox_sim/srv/SetAttachment.srv
[1.688s] -- Up-to-date symlink: /home/dark/ros2_ws/install/gearbox_sim/share/gearbox_sim/config/assembly_cell.srdf
[1.688s] -- Up-to-date symlink: /home/dark/ros2_ws/install/gearbox_sim/share/gearbox_sim/config/assembly_cell.yaml
[1.688s] -- Up-to-date symlink: /home/dark/ros2_ws/install/gearbox_sim/share/gearbox_sim/config/gearbox_animator.rviz
[1.689s] -- Up-to-date symlink: /home/dark/ros2_ws/install/gearbox_sim/share/gearbox_sim/config/joint_limits.yaml
[1.689s] -- Up-to-date symlink: /home/dark/ros2_ws/install/gearbox_sim/share/gearbox_sim/config/kinematics.yaml
[1.689s] -- Up-to-date symlink: /home/dark/ros2_ws/install/gearbox_sim/share/gearbox_sim/config/moveit_controllers.yaml
[1.689s] -- Up-to-date symlink: /home/dark/ros2_ws/install/gearbox_sim/share/gearbox_sim/config/ros2_controllers.yaml
[1.691s] -- Up-to-date symlink: /home/dark/ros2_ws/install/gearbox_sim/share/gearbox_sim/config/ros_gz_bridge.yaml
[1.692s] -- Up-to-date symlink: /home/dark/ros2_ws/install/gearbox_sim/share/gearbox_sim/launch/__pycache__/assembly_cell.launch.cpython-312.pyc
[1.693s] -- Up-to-date symlink: /home/dark/ros2_ws/install/gearbox_sim/share/gearbox_sim/launch/__pycache__/gearbox_animator.launch.cpython-312.pyc
[1.694s] -- Up-to-date symlink: /home/dark/ros2_ws/install/gearbox_sim/share/gearbox_sim/launch/__pycache__/move_group.launch.cpython-312.pyc
[1.695s] -- Up-to-date symlink: /home/dark/ros2_ws/install/gearbox_sim/share/gearbox_sim/launch/__pycache__/sim_assembly.launch.cpython-312.pyc
[1.695s] -- Up-to-date symlink: /home/dark/ros2_ws/install/gearbox_sim/share/gearbox_sim/launch/assembly_cell.launch.py
[1.695s] -- Up-to-date symlink: /home/dark/ros2_ws/install/gearbox_sim/share/gearbox_sim/launch/gearbox_animator.launch.py
[1.695s] -- Up-to-date symlink: /home/dark/ros2_ws/install/gearbox_sim/share/gearbox_sim/launch/move_group.launch.py
[1.695s] -- Up-to-date symlink: /home/dark/ros2_ws/install/gearbox_sim/share/gearbox_sim/launch/sim_assembly.launch.py
[1.695s] -- Up-to-date symlink: /home/dark/ros2_ws/install/gearbox_sim/share/gearbox_sim/meshes/carrier.STL
[1.695s] -- Up-to-date symlink: /home/dark/ros2_ws/install/gearbox_sim/share/gearbox_sim/meshes/nema17/Back_box.STL
[1.696s] -- Up-to-date symlink: /home/dark/ros2_ws/install/gearbox_sim/share/gearbox_sim/meshes/nema17/Front_box.STL
[1.697s] -- Up-to-date symlink: /home/dark/ros2_ws/install/gearbox_sim/share/gearbox_sim/meshes/nema17/Middle_box.STL
[1.697s] -- Up-to-date symlink: /home/dark/ros2_ws/install/gearbox_sim/share/gearbox_sim/meshes/nema17/Small_roller.STL
[1.701s] -- Up-to-date symlink: /home/dark/ros2_ws/install/gearbox_sim/share/gearbox_sim/meshes/nema17/Spur_gear.STL
[1.701s] -- Up-to-date symlink: /home/dark/ros2_ws/install/gearbox_sim/share/gearbox_sim/meshes/nema17/Sun_gear.STL
[1.701s] -- Up-to-date symlink: /home/dark/ros2_ws/install/gearbox_sim/share/gearbox_sim/meshes/nema17/Untitled 2.JPG
[1.701s] -- Up-to-date symlink: /home/dark/ros2_ws/install/gearbox_sim/share/gearbox_sim/meshes/nema17/Untitled 3.JPG
[1.701s] -- Up-to-date symlink: /home/dark/ros2_ws/install/gearbox_sim/share/gearbox_sim/meshes/nema17/Untitled.JPG
[1.701s] -- Up-to-date symlink: /home/dark/ros2_ws/install/gearbox_sim/share/gearbox_sim/meshes/nema17/Vodilo.STL
[1.702s] -- Up-to-date symlink: /home/dark/ros2_ws/install/gearbox_sim/share/gearbox_sim/meshes/nema17/big_roller.STL
[1.702s] -- Up-to-date symlink: /home/dark/ros2_ws/install/gearbox_sim/share/gearbox_sim/meshes/nema17/hex_nut.STL
[1.702s] -- Up-to-date symlink: /home/dark/ros2_ws/install/gearbox_sim/share/gearbox_sim/meshes/nema17/satellite.STL
[1.702s] -- Up-to-date symlink: /home/dark/ros2_ws/install/gearbox_sim/share/gearbox_sim/meshes/nema17/screw.STL
[1.702s] -- Up-to-date symlink: /home/dark/ros2_ws/install/gearbox_sim/share/gearbox_sim/meshes/nema17/stop_ring.STL
[1.702s] -- Up-to-date symlink: /home/dark/ros2_ws/install/gearbox_sim/share/gearbox_sim/meshes/planet_gear.STL
[1.702s] -- Up-to-date symlink: /home/dark/ros2_ws/install/gearbox_sim/share/gearbox_sim/meshes/ring_gear.STL
[1.702s] -- Up-to-date symlink: /home/dark/ros2_ws/install/gearbox_sim/share/gearbox_sim/meshes/satellite.STL
[1.703s] -- Up-to-date symlink: /home/dark/ros2_ws/install/gearbox_sim/share/gearbox_sim/urdf/gearbox.urdf
[1.703s] -- Up-to-date symlink: /home/dark/ros2_ws/install/gearbox_sim/share/gearbox_sim/urdf/gearbox_gazebo.urdf.xacro
[1.703s] -- Up-to-date symlink: /home/dark/ros2_ws/install/gearbox_sim/share/gearbox_sim/urdf/include/nema17_parts.xacro
[1.703s] -- Up-to-date symlink: /home/dark/ros2_ws/install/gearbox_sim/share/gearbox_sim/urdf/include/workcell_macros.xacro
[1.703s] -- Up-to-date symlink: /home/dark/ros2_ws/install/gearbox_sim/share/gearbox_sim/urdf/main_scene.urdf.xacro
[1.703s] -- Up-to-date symlink: /home/dark/ros2_ws/install/gearbox_sim/share/gearbox_sim/urdf/ur5e_robotiq_ft.urdf.xacro
[1.703s] -- Up-to-date symlink: /home/dark/ros2_ws/install/gearbox_sim/share/gearbox_sim/worlds/assembly_cell.sdf
[1.704s] -- Up-to-date symlink: /home/dark/ros2_ws/install/gearbox_sim/share/gearbox_sim/worlds/assembly_scene.sdf
[1.704s] -- Up-to-date symlink: /home/dark/ros2_ws/install/gearbox_sim/share/gearbox_sim/worlds/assembly_scene_calibration.sdf
[1.704s] -- Up-to-date symlink: /home/dark/ros2_ws/install/gearbox_sim/share/gearbox_sim/.setup_assistant
[1.704s] -- Up-to-date symlink: /home/dark/ros2_ws/install/gearbox_sim/lib/gearbox_sim/animator.py
[1.704s] -- Up-to-date symlink: /home/dark/ros2_ws/install/gearbox_sim/lib/gearbox_sim/assembly_demo.py
[1.704s] -- Up-to-date symlink: /home/dark/ros2_ws/install/gearbox_sim/lib/gearbox_sim/assembly_state_machine.py
[1.704s] -- Up-to-date symlink: /home/dark/ros2_ws/install/gearbox_sim/lib/gearbox_sim/get_joints.py
[1.704s] -- Up-to-date symlink: /home/dark/ros2_ws/install/gearbox_sim/lib/gearbox_sim/joint_gui_teleop.py
[1.704s] -- Up-to-date symlink: /home/dark/ros2_ws/install/gearbox_sim/lib/gearbox_sim/motion_planner.py
[1.704s] -- Up-to-date symlink: /home/dark/ros2_ws/install/gearbox_sim/lib/gearbox_sim/press_controller.py
[1.705s] -- Up-to-date symlink: /home/dark/ros2_ws/install/gearbox_sim/lib/gearbox_sim/grasp_attacher.py
[1.705s] -- Up-to-date symlink: /home/dark/ros2_ws/install/gearbox_sim/lib/gearbox_sim/screwdriver_server.py
[1.706s] -- Up-to-date symlink: /home/dark/ros2_ws/install/gearbox_sim/share/ament_index/resource_index/package_run_dependencies/gearbox_sim
[1.706s] -- Up-to-date symlink: /home/dark/ros2_ws/install/gearbox_sim/share/ament_index/resource_index/parent_prefix_path/gearbox_sim
[1.706s] -- Up-to-date symlink: /home/dark/ros2_ws/install/gearbox_sim/share/gearbox_sim/environment/ament_prefix_path.sh
[1.707s] -- Up-to-date symlink: /home/dark/ros2_ws/install/gearbox_sim/share/gearbox_sim/environment/ament_prefix_path.dsv
[1.708s] -- Up-to-date symlink: /home/dark/ros2_ws/install/gearbox_sim/share/gearbox_sim/environment/path.sh
[1.708s] -- Up-to-date symlink: /home/dark/ros2_ws/install/gearbox_sim/share/gearbox_sim/environment/path.dsv
[1.709s] -- Up-to-date symlink: /home/dark/ros2_ws/install/gearbox_sim/share/gearbox_sim/local_setup.bash
[1.710s] -- Up-to-date symlink: /home/dark/ros2_ws/install/gearbox_sim/share/gearbox_sim/local_setup.sh
[1.711s] -- Up-to-date symlink: /home/dark/ros2_ws/install/gearbox_sim/share/gearbox_sim/local_setup.zsh
[1.712s] -- Up-to-date symlink: /home/dark/ros2_ws/install/gearbox_sim/share/gearbox_sim/local_setup.dsv
[1.713s] -- Symlinking: /home/dark/ros2_ws/install/gearbox_sim/share/gearbox_sim/package.dsv
[1.726s] -- Up-to-date symlink: /home/dark/ros2_ws/install/gearbox_sim/share/ament_index/resource_index/packages/gearbox_sim
[1.726s] -- Up-to-date symlink: /home/dark/ros2_ws/install/gearbox_sim/share/gearbox_sim/cmake/rosidl_cmake-extras.cmake
[1.728s] -- Up-to-date symlink: /home/dark/ros2_ws/install/gearbox_sim/share/gearbox_sim/cmake/ament_cmake_export_dependencies-extras.cmake
[1.728s] -- Up-to-date symlink: /home/dark/ros2_ws/install/gearbox_sim/share/gearbox_sim/cmake/ament_cmake_export_include_directories-extras.cmake
[1.729s] -- Up-to-date symlink: /home/dark/ros2_ws/install/gearbox_sim/share/gearbox_sim/cmake/ament_cmake_export_libraries-extras.cmake
[1.729s] -- Up-to-date symlink: /home/dark/ros2_ws/install/gearbox_sim/share/gearbox_sim/cmake/ament_cmake_export_targets-extras.cmake
[1.729s] -- Up-to-date symlink: /home/dark/ros2_ws/install/gearbox_sim/share/gearbox_sim/cmake/rosidl_cmake_export_typesupport_targets-extras.cmake
[1.730s] -- Up-to-date symlink: /home/dark/ros2_ws/install/gearbox_sim/share/gearbox_sim/cmake/rosidl_cmake_export_typesupport_libraries-extras.cmake
[1.730s] -- Up-to-date symlink: /home/dark/ros2_ws/install/gearbox_sim/share/gearbox_sim/cmake/gearbox_simConfig.cmake
[1.731s] -- Up-to-date symlink: /home/dark/ros2_ws/install/gearbox_sim/share/gearbox_sim/cmake/gearbox_simConfig-version.cmake
[1.731s] -- Up-to-date symlink: /home/dark/ros2_ws/install/gearbox_sim/share/gearbox_sim/package.xml
[1.737s] -- Up-to-date: /home/dark/ros2_ws/install/gearbox_sim/lib/libgearbox_sim__rosidl_generator_c.so
[1.737s] -- Up-to-date: /home/dark/ros2_ws/install/gearbox_sim/lib/libgearbox_sim__rosidl_typesupport_fastrtps_c.so
[1.737s] -- Up-to-date: /home/dark/ros2_ws/install/gearbox_sim/lib/libgearbox_sim__rosidl_typesupport_introspection_c.so
[1.737s] -- Up-to-date: /home/dark/ros2_ws/install/gearbox_sim/lib/libgearbox_sim__rosidl_typesupport_c.so
[1.737s] -- Up-to-date: /home/dark/ros2_ws/install/gearbox_sim/lib/libgearbox_sim__rosidl_typesupport_fastrtps_cpp.so
[1.737s] -- Up-to-date: /home/dark/ros2_ws/install/gearbox_sim/lib/libgearbox_sim__rosidl_typesupport_introspection_cpp.so
[1.737s] -- Up-to-date: /home/dark/ros2_ws/install/gearbox_sim/lib/libgearbox_sim__rosidl_typesupport_cpp.so
[1.787s] Listing '/home/dark/ros2_ws/install/gearbox_sim/lib/python3.12/site-packages/gearbox_sim'...
[1.787s] Listing '/home/dark/ros2_ws/install/gearbox_sim/lib/python3.12/site-packages/gearbox_sim/action'...
[1.787s] Listing '/home/dark/ros2_ws/install/gearbox_sim/lib/python3.12/site-packages/gearbox_sim/srv'...
[1.794s] -- Up-to-date: /home/dark/ros2_ws/install/gearbox_sim/lib/libgearbox_sim__rosidl_generator_py.so
[1.795s] -- Up-to-date: /home/dark/ros2_ws/install/gearbox_sim/share/gearbox_sim/cmake/export_gearbox_sim__rosidl_generator_cExport.cmake
[1.795s] -- Up-to-date: /home/dark/ros2_ws/install/gearbox_sim/share/gearbox_sim/cmake/export_gearbox_sim__rosidl_generator_cExport-noconfig.cmake
[1.795s] -- Up-to-date: /home/dark/ros2_ws/install/gearbox_sim/share/gearbox_sim/cmake/export_gearbox_sim__rosidl_typesupport_fastrtps_cExport.cmake
[1.796s] -- Up-to-date: /home/dark/ros2_ws/install/gearbox_sim/share/gearbox_sim/cmake/export_gearbox_sim__rosidl_typesupport_fastrtps_cExport-noconfig.cmake
[1.796s] -- Up-to-date: /home/dark/ros2_ws/install/gearbox_sim/share/gearbox_sim/cmake/gearbox_sim__rosidl_typesupport_introspection_cExport.cmake
[1.796s] -- Up-to-date: /home/dark/ros2_ws/install/gearbox_sim/share/gearbox_sim/cmake/gearbox_sim__rosidl_typesupport_introspection_cExport-noconfig.cmake
[1.796s] -- Up-to-date: /home/dark/ros2_ws/install/gearbox_sim/share/gearbox_sim/cmake/gearbox_sim__rosidl_typesupport_cExport.cmake
[1.796s] -- Up-to-date: /home/dark/ros2_ws/install/gearbox_sim/share/gearbox_sim/cmake/gearbox_sim__rosidl_typesupport_cExport-noconfig.cmake
[1.796s] -- Up-to-date: /home/dark/ros2_ws/install/gearbox_sim/share/gearbox_sim/cmake/export_gearbox_sim__rosidl_generator_cppExport.cmake
[1.796s] -- Up-to-date: /home/dark/ros2_ws/install/gearbox_sim/share/gearbox_sim/cmake/export_gearbox_sim__rosidl_typesupport_fastrtps_cppExport.cmake
[1.796s] -- Up-to-date: /home/dark/ros2_ws/install/gearbox_sim/share/gearbox_sim/cmake/export_gearbox_sim__rosidl_typesupport_fastrtps_cppExport-noconfig.cmake
[1.797s] -- Up-to-date: /home/dark/ros2_ws/install/gearbox_sim/share/gearbox_sim/cmake/gearbox_sim__rosidl_typesupport_introspection_cppExport.cmake
[1.797s] -- Up-to-date: /home/dark/ros2_ws/install/gearbox_sim/share/gearbox_sim/cmake/gearbox_sim__rosidl_typesupport_introspection_cppExport-noconfig.cmake
[1.797s] -- Up-to-date: /home/dark/ros2_ws/install/gearbox_sim/share/gearbox_sim/cmake/gearbox_sim__rosidl_typesupport_cppExport.cmake
[1.797s] -- Up-to-date: /home/dark/ros2_ws/install/gearbox_sim/share/gearbox_sim/cmake/gearbox_sim__rosidl_typesupport_cppExport-noconfig.cmake
[1.797s] -- Up-to-date: /home/dark/ros2_ws/install/gearbox_sim/share/gearbox_sim/cmake/export_gearbox_sim__rosidl_generator_pyExport.cmake
[1.797s] -- Up-to-date: /home/dark/ros2_ws/install/gearbox_sim/share/gearbox_sim/cmake/export_gearbox_sim__rosidl_generator_pyExport-noconfig.cmake
[1.799s] Invoked command in '/home/dark/ros2_ws/build/gearbox_sim' returned '0': CMAKE_PREFIX_PATH=${CMAKE_PREFIX_PATH}:/opt/ros/jazzy DEBUGINFOD_URLS=https://debuginfod.ubuntu.com /usr/bin/cmake --install /home/dark/ros2_ws/build/gearbox_sim
