[0.011s] Invoking command in '/home/dark/ros2_ws/build/gearbox_sim': CMAKE_PREFIX_PATH=${CMAKE_PREFIX_PATH}:/opt/ros/jazzy DEBUGINFOD_URLS=https://debuginfod.ubuntu.com /usr/bin/cmake --build /home/dark/ros2_ws/build/gearbox_sim -- -j8 -l8
[0.035s] -- Found ament_cmake: 2.5.6 (/opt/ros/jazzy/share/ament_cmake/cmake)
[0.126s] -- Override CMake install command with custom implementation using symlinks instead of copying resources
[0.134s] -- Found rosidl_default_generators: 1.6.0 (/opt/ros/jazzy/share/rosidl_default_generators/cmake)
[0.136s] -- Using all available rosidl_typesupport_c: rosidl_typesupport_fastrtps_c;rosidl_typesupport_introspection_c
[0.172s] -- Using all available rosidl_typesupport_cpp: rosidl_typesupport_fastrtps_cpp;rosidl_typesupport_introspection_cpp
[0.203s] -- Found rosidl_adapter: 4.6.7 (/opt/ros/jazzy/share/rosidl_adapter/cmake)
[0.548s] -- Found ament_cmake_ros: 0.12.0 (/opt/ros/jazzy/share/ament_cmake_ros/cmake)
[0.645s] -- Using all available rosidl_typesupport_c: rosidl_typesupport_fastrtps_c;rosidl_typesupport_introspection_c
[0.767s] -- Using all available rosidl_typesupport_cpp: rosidl_typesupport_fastrtps_cpp;rosidl_typesupport_introspection_cpp
[0.768s] -- Found python_cmake_module: 0.11.1 (/opt/ros/jazzy/share/python_cmake_module/cmake)
[1.022s] -- Found Python3: /usr/bin/python3 (found version "3.12.3") found components: Interpreter Development NumPy Development.Module Development.Embed 
[1.077s] -- Found Python3: /usr/bin/python3 (found version "3.12.3") found components: Interpreter 
[1.090s] -- Configuring done (1.1s)
[1.136s] -- Generating done (0.0s)
[1.149s] -- Build files have been written to: /home/dark/ros2_ws/build/gearbox_sim
[1.185s] [  3%] Generating type hashes for ROS interfaces
[1.185s] [  3%] Generating Rust code for ROS interfaces
[1.194s] [  3%] Built target ament_cmake_python_symlink_gearbox_sim
[1.418s] running egg_info
[1.436s] [  3%] Built target gearbox_sim__rosidl_generator_type_description
[1.447s] [  5%] Generating C code for ROS interfaces
[1.448s] writing gearbox_sim.egg-info/PKG-INFO
[1.449s] writing dependency_links to gearbox_sim.egg-info/dependency_links.txt
[1.449s] writing top-level names to gearbox_sim.egg-info/top_level.txt
[1.459s] [  7%] Generating C++ code for ROS interfaces
[1.495s] [  7%] Built target gearbox_sim__rs
[1.540s] reading manifest file 'gearbox_sim.egg-info/SOURCES.txt'
[1.541s] writing manifest file 'gearbox_sim.egg-info/SOURCES.txt'
[1.576s] [  7%] Built target ament_cmake_python_build_gearbox_sim_egg
[2.074s] [  7%] Built target gearbox_sim__cpp
[2.178s] [  9%] Building C object CMakeFiles/gearbox_sim__rosidl_generator_c.dir/rosidl_generator_c/gearbox_sim/srv/detail/run_press_cycle__functions.c.o
[2.178s] [ 10%] Building C object CMakeFiles/gearbox_sim__rosidl_generator_c.dir/rosidl_generator_c/gearbox_sim/action/detail/run_screwdriver__functions.c.o
[2.179s] [ 14%] Building C object CMakeFiles/gearbox_sim__rosidl_generator_c.dir/rosidl_generator_c/gearbox_sim/srv/detail/run_press_cycle__type_support.c.o
[2.179s] [ 14%] Building C object CMakeFiles/gearbox_sim__rosidl_generator_c.dir/rosidl_generator_c/gearbox_sim/action/detail/run_screwdriver__type_support.c.o
[2.179s] [ 16%] Building C object CMakeFiles/gearbox_sim__rosidl_generator_c.dir/rosidl_generator_c/gearbox_sim/srv/detail/run_press_cycle__description.c.o
[2.180s] [ 18%] Building C object CMakeFiles/gearbox_sim__rosidl_generator_c.dir/rosidl_generator_c/gearbox_sim/srv/detail/set_attachment__description.c.o
[2.186s] [ 20%] Building C object CMakeFiles/gearbox_sim__rosidl_generator_c.dir/rosidl_generator_c/gearbox_sim/action/detail/run_screwdriver__description.c.o
[2.194s] [ 21%] Building C object CMakeFiles/gearbox_sim__rosidl_generator_c.dir/rosidl_generator_c/gearbox_sim/srv/detail/set_attachment__functions.c.o
[2.248s] [ 23%] Building C object CMakeFiles/gearbox_sim__rosidl_generator_c.dir/rosidl_generator_c/gearbox_sim/srv/detail/set_attachment__type_support.c.o
[2.362s] [ 25%] Linking C shared library libgearbox_sim__rosidl_generator_c.so
[2.400s] [ 25%] Built target gearbox_sim__rosidl_generator_c
[2.414s] [ 27%] Generating C++ introspection for ROS interfaces
[2.414s] [ 30%] Generating C type support for eProsima Fast-RTPS
[2.414s] [ 30%] Generating C introspection for ROS interfaces
[2.414s] [ 32%] Generating C type support dispatch for ROS interfaces
[2.415s] [ 34%] Generating C++ type support dispatch for ROS interfaces
[2.415s] [ 36%] Generating C++ type support for eProsima Fast-RTPS
[2.981s] [ 38%] Building CXX object CMakeFiles/gearbox_sim__rosidl_typesupport_cpp.dir/rosidl_typesupport_cpp/gearbox_sim/action/run_screwdriver__type_support.cpp.o
[2.982s] [ 40%] Building CXX object CMakeFiles/gearbox_sim__rosidl_typesupport_cpp.dir/rosidl_typesupport_cpp/gearbox_sim/srv/run_press_cycle__type_support.cpp.o
[2.985s] [ 41%] Building CXX object CMakeFiles/gearbox_sim__rosidl_typesupport_cpp.dir/rosidl_typesupport_cpp/gearbox_sim/srv/set_attachment__type_support.cpp.o
[2.992s] [ 43%] Building CXX object CMakeFiles/gearbox_sim__rosidl_typesupport_c.dir/rosidl_typesupport_c/gearbox_sim/action/run_screwdriver__type_support.cpp.o
[3.157s] [ 45%] Building CXX object CMakeFiles/gearbox_sim__rosidl_typesupport_introspection_cpp.dir/rosidl_typesupport_introspection_cpp/gearbox_sim/action/detail/run_screwdriver__type_support.cpp.o
[3.163s] [ 47%] Building CXX object CMakeFiles/gearbox_sim__rosidl_typesupport_c.dir/rosidl_typesupport_c/gearbox_sim/srv/run_press_cycle__type_support.cpp.o
[3.299s] [ 49%] Building C object CMakeFiles/gearbox_sim__rosidl_typesupport_introspection_c.dir/rosidl_typesupport_introspection_c/gearbox_sim/action/detail/run_screwdriver__type_support.c.o
[3.305s] [ 50%] Building CXX object CMakeFiles/gearbox_sim__rosidl_typesupport_c.dir/rosidl_typesupport_c/gearbox_sim/srv/set_attachment__type_support.cpp.o
[3.416s] [ 52%] Linking CXX shared library libgearbox_sim__rosidl_typesupport_c.so
[3.499s] [ 54%] Building C object CMakeFiles/gearbox_sim__rosidl_typesupport_introspection_c.dir/rosidl_typesupport_introspection_c/gearbox_sim/srv/detail/run_press_cycle__type_support.c.o
[3.541s] [ 54%] Built target gearbox_sim__rosidl_typesupport_c
[3.571s] [ 56%] Building C object CMakeFiles/gearbox_sim__rosidl_typesupport_introspection_c.dir/rosidl_typesupport_introspection_c/gearbox_sim/srv/detail/set_attachment__type_support.c.o
[3.627s] [ 58%] Building CXX object CMakeFiles/gearbox_sim__rosidl_typesupport_introspection_cpp.dir/rosidl_typesupport_introspection_cpp/gearbox_sim/srv/detail/run_press_cycle__type_support.cpp.o
[3.643s] [ 60%] Building CXX object CMakeFiles/gearbox_sim__rosidl_typesupport_introspection_cpp.dir/rosidl_typesupport_introspection_cpp/gearbox_sim/srv/detail/set_attachment__type_support.cpp.o
[3.683s] [ 61%] Linking C shared library libgearbox_sim__rosidl_typesupport_introspection_c.so
[3.763s] [ 63%] Building CXX object CMakeFiles/gearbox_sim__rosidl_typesupport_fastrtps_cpp.dir/rosidl_typesupport_fastrtps_cpp/gearbox_sim/action/detail/dds_fastrtps/run_screwdriver__type_support.cpp.o
[3.765s] [ 61%] Built target gearbox_sim__rosidl_typesupport_introspection_c
[3.774s] [ 65%] Building CXX object CMakeFiles/gearbox_sim__rosidl_typesupport_fastrtps_cpp.dir/rosidl_typesupport_fastrtps_cpp/gearbox_sim/srv/detail/dds_fastrtps/run_press_cycle__type_support.cpp.o
[3.777s] [ 67%] Building CXX object CMakeFiles/gearbox_sim__rosidl_typesupport_fastrtps_cpp.dir/rosidl_typesupport_fastrtps_cpp/gearbox_sim/srv/detail/dds_fastrtps/set_attachment__type_support.cpp.o
[3.952s] [ 69%] Building CXX object CMakeFiles/gearbox_sim__rosidl_typesupport_fastrtps_c.dir/rosidl_typesupport_fastrtps_c/gearbox_sim/action/detail/run_screwdriver__type_support_c.cpp.o
[4.157s] [ 70%] Linking CXX shared library libgearbox_sim__rosidl_typesupport_cpp.so
[4.304s] [ 72%] Building CXX object CMakeFiles/gearbox_sim__rosidl_typesupport_fastrtps_c.dir/rosidl_typesupport_fastrtps_c/gearbox_sim/srv/detail/run_press_cycle__type_support_c.cpp.o
[4.349s] [ 74%] Building CXX object CMakeFiles/gearbox_sim__rosidl_typesupport_fastrtps_c.dir/rosidl_typesupport_fastrtps_c/gearbox_sim/srv/detail/set_attachment__type_support_c.cpp.o
[4.353s] [ 74%] Built target gearbox_sim__rosidl_typesupport_cpp
[4.367s] [ 76%] Linking CXX shared library libgearbox_sim__rosidl_typesupport_introspection_cpp.so
[4.500s] [ 76%] Built target gearbox_sim__rosidl_typesupport_introspection_cpp
[5.050s] [ 78%] Linking CXX shared library libgearbox_sim__rosidl_typesupport_fastrtps_c.so
[5.148s] [ 78%] Built target gearbox_sim__rosidl_typesupport_fastrtps_c
[5.222s] [ 80%] Linking CXX shared library libgearbox_sim__rosidl_typesupport_fastrtps_cpp.so
[5.310s] [ 80%] Built target gearbox_sim__rosidl_typesupport_fastrtps_cpp
[5.330s] [ 80%] Built target gearbox_sim
[5.352s] [ 81%] Generating Python code for ROS interfaces
[6.303s] [ 81%] Built target gearbox_sim__py
[6.328s] [ 83%] Building C object CMakeFiles/gearbox_sim__rosidl_generator_py.dir/rosidl_generator_py/gearbox_sim/srv/_run_press_cycle_s.c.o
[6.331s] [ 85%] Building C object CMakeFiles/gearbox_sim__rosidl_generator_py.dir/rosidl_generator_py/gearbox_sim/action/_run_screwdriver_s.c.o
[6.331s] [ 87%] Building C object CMakeFiles/gearbox_sim__rosidl_generator_py.dir/rosidl_generator_py/gearbox_sim/srv/_set_attachment_s.c.o
[6.540s] [ 89%] Linking C shared library libgearbox_sim__rosidl_generator_py.so
[6.584s] [ 89%] Built target gearbox_sim__rosidl_generator_py
[6.609s] [ 90%] Building C object CMakeFiles/gearbox_sim_s__rosidl_typesupport_fastrtps_c.dir/rosidl_generator_py/gearbox_sim/_gearbox_sim_s.ep.rosidl_typesupport_fastrtps_c.c.o
[6.610s] [ 92%] Building C object CMakeFiles/gearbox_sim_s__rosidl_typesupport_introspection_c.dir/rosidl_generator_py/gearbox_sim/_gearbox_sim_s.ep.rosidl_typesupport_introspection_c.c.o
[6.613s] [ 94%] Building C object CMakeFiles/gearbox_sim_s__rosidl_typesupport_c.dir/rosidl_generator_py/gearbox_sim/_gearbox_sim_s.ep.rosidl_typesupport_c.c.o
[6.776s] [ 96%] Linking C shared module rosidl_generator_py/gearbox_sim/gearbox_sim_s__rosidl_typesupport_fastrtps_c.so
[6.779s] [100%] Linking C shared module rosidl_generator_py/gearbox_sim/gearbox_sim_s__rosidl_typesupport_c.so
[6.779s] [100%] Linking C shared module rosidl_generator_py/gearbox_sim/gearbox_sim_s__rosidl_typesupport_introspection_c.so
[6.812s] [100%] Built target gearbox_sim_s__rosidl_typesupport_fastrtps_c
[6.812s] [100%] Built target gearbox_sim_s__rosidl_typesupport_c
[6.812s] [100%] Built target gearbox_sim_s__rosidl_typesupport_introspection_c
[6.824s] Invoked command in '/home/dark/ros2_ws/build/gearbox_sim' returned '0': CMAKE_PREFIX_PATH=${CMAKE_PREFIX_PATH}:/opt/ros/jazzy DEBUGINFOD_URLS=https://debuginfod.ubuntu.com /usr/bin/cmake --build /home/dark/ros2_ws/build/gearbox_sim -- -j8 -l8
[6.833s] Invoking command in '/home/dark/ros2_ws/build/gearbox_sim': CMAKE_PREFIX_PATH=${CMAKE_PREFIX_PATH}:/opt/ros/jazzy DEBUGINFOD_URLS=https://debuginfod.ubuntu.com /usr/bin/cmake --install /home/dark/ros2_ws/build/gearbox_sim
[6.842s] -- Install configuration: ""
[6.842s] -- Execute custom install script
[6.842s] -- Up-to-date symlink: /home/dark/ros2_ws/install/gearbox_sim/share/ament_index/resource_index/rosidl_interfaces/gearbox_sim
[6.843s] -- Up-to-date symlink: /home/dark/ros2_ws/install/gearbox_sim/share/gearbox_sim/action/RunScrewdriver.json
[6.843s] -- Up-to-date symlink: /home/dark/ros2_ws/install/gearbox_sim/share/gearbox_sim/srv/RunPressCycle.json
[6.843s] -- Symlinking: /home/dark/ros2_ws/install/gearbox_sim/share/gearbox_sim/srv/SetAttachment.json
[6.852s] -- Up-to-date symlink: /home/dark/ros2_ws/install/gearbox_sim/include/gearbox_sim/gearbox_sim/action/detail/run_screwdriver__functions.h
[6.853s] -- Up-to-date symlink: /home/dark/ros2_ws/install/gearbox_sim/include/gearbox_sim/gearbox_sim/action/detail/run_screwdriver__struct.h
[6.853s] -- Up-to-date symlink: /home/dark/ros2_ws/install/gearbox_sim/include/gearbox_sim/gearbox_sim/action/detail/run_screwdriver__type_support.h
[6.853s] -- Up-to-date symlink: /home/dark/ros2_ws/install/gearbox_sim/include/gearbox_sim/gearbox_sim/action/run_screwdriver.h
[6.853s] -- Up-to-date symlink: /home/dark/ros2_ws/install/gearbox_sim/include/gearbox_sim/gearbox_sim/msg/rosidl_generator_c__visibility_control.h
[6.853s] -- Up-to-date symlink: /home/dark/ros2_ws/install/gearbox_sim/include/gearbox_sim/gearbox_sim/srv/detail/run_press_cycle__functions.h
[6.854s] -- Up-to-date symlink: /home/dark/ros2_ws/install/gearbox_sim/include/gearbox_sim/gearbox_sim/srv/detail/run_press_cycle__struct.h
[6.854s] -- Up-to-date symlink: /home/dark/ros2_ws/install/gearbox_sim/include/gearbox_sim/gearbox_sim/srv/detail/run_press_cycle__type_support.h
[6.854s] -- Symlinking: /home/dark/ros2_ws/install/gearbox_sim/include/gearbox_sim/gearbox_sim/srv/detail/set_attachment__functions.h
[6.862s] -- Symlinking: /home/dark/ros2_ws/install/gearbox_sim/include/gearbox_sim/gearbox_sim/srv/detail/set_attachment__struct.h
[6.871s] -- Symlinking: /home/dark/ros2_ws/install/gearbox_sim/include/gearbox_sim/gearbox_sim/srv/detail/set_attachment__type_support.h
[6.880s] -- Up-to-date symlink: /home/dark/ros2_ws/install/gearbox_sim/include/gearbox_sim/gearbox_sim/srv/run_press_cycle.h
[6.880s] -- Symlinking: /home/dark/ros2_ws/install/gearbox_sim/include/gearbox_sim/gearbox_sim/srv/set_attachment.h
[6.888s] -- Up-to-date symlink: /home/dark/ros2_ws/install/gearbox_sim/share/gearbox_sim/environment/library_path.sh
[6.888s] -- Up-to-date symlink: /home/dark/ros2_ws/install/gearbox_sim/share/gearbox_sim/environment/library_path.dsv
[6.889s] -- Up-to-date symlink: /home/dark/ros2_ws/install/gearbox_sim/include/gearbox_sim/gearbox_sim/action/detail/run_screwdriver__rosidl_typesupport_fastrtps_c.h
[6.889s] -- Up-to-date symlink: /home/dark/ros2_ws/install/gearbox_sim/include/gearbox_sim/gearbox_sim/msg/rosidl_typesupport_fastrtps_c__visibility_control.h
[6.889s] -- Up-to-date symlink: /home/dark/ros2_ws/install/gearbox_sim/include/gearbox_sim/gearbox_sim/srv/detail/run_press_cycle__rosidl_typesupport_fastrtps_c.h
[6.890s] -- Symlinking: /home/dark/ros2_ws/install/gearbox_sim/include/gearbox_sim/gearbox_sim/srv/detail/set_attachment__rosidl_typesupport_fastrtps_c.h
[6.898s] -- Up-to-date symlink: /home/dark/ros2_ws/install/gearbox_sim/include/gearbox_sim/gearbox_sim/action/detail/run_screwdriver__rosidl_typesupport_introspection_c.h
[6.899s] -- Up-to-date symlink: /home/dark/ros2_ws/install/gearbox_sim/include/gearbox_sim/gearbox_sim/msg/rosidl_typesupport_introspection_c__visibility_control.h
[6.899s] -- Up-to-date symlink: /home/dark/ros2_ws/install/gearbox_sim/include/gearbox_sim/gearbox_sim/srv/detail/run_press_cycle__rosidl_typesupport_introspection_c.h
[6.899s] -- Symlinking: /home/dark/ros2_ws/install/gearbox_sim/include/gearbox_sim/gearbox_sim/srv/detail/set_attachment__rosidl_typesupport_introspection_c.h
[6.908s] -- Up-to-date symlink: /home/dark/ros2_ws/install/gearbox_sim/include/gearbox_sim/gearbox_sim/action/detail/run_screwdriver__builder.hpp
[6.908s] -- Up-to-date symlink: /home/dark/ros2_ws/install/gearbox_sim/include/gearbox_sim/gearbox_sim/action/detail/run_screwdriver__struct.hpp
[6.909s] -- Up-to-date symlink: /home/dark/ros2_ws/install/gearbox_sim/include/gearbox_sim/gearbox_sim/action/detail/run_screwdriver__traits.hpp
[6.909s] -- Up-to-date symlink: /home/dark/ros2_ws/install/gearbox_sim/include/gearbox_sim/gearbox_sim/action/detail/run_screwdriver__type_support.hpp
[6.909s] -- Up-to-date symlink: /home/dark/ros2_ws/install/gearbox_sim/include/gearbox_sim/gearbox_sim/action/run_screwdriver.hpp
[6.909s] -- Up-to-date symlink: /home/dark/ros2_ws/install/gearbox_sim/include/gearbox_sim/gearbox_sim/msg/rosidl_generator_cpp__visibility_control.hpp
[6.909s] -- Up-to-date symlink: /home/dark/ros2_ws/install/gearbox_sim/include/gearbox_sim/gearbox_sim/srv/detail/run_press_cycle__builder.hpp
[6.909s] -- Up-to-date symlink: /home/dark/ros2_ws/install/gearbox_sim/include/gearbox_sim/gearbox_sim/srv/detail/run_press_cycle__struct.hpp
[6.910s] -- Up-to-date symlink: /home/dark/ros2_ws/install/gearbox_sim/include/gearbox_sim/gearbox_sim/srv/detail/run_press_cycle__traits.hpp
[6.910s] -- Up-to-date symlink: /home/dark/ros2_ws/install/gearbox_sim/include/gearbox_sim/gearbox_sim/srv/detail/run_press_cycle__type_support.hpp
[6.910s] -- Symlinking: /home/dark/ros2_ws/install/gearbox_sim/include/gearbox_sim/gearbox_sim/srv/detail/set_attachment__builder.hpp
[6.919s] -- Symlinking: /home/dark/ros2_ws/install/gearbox_sim/include/gearbox_sim/gearbox_sim/srv/detail/set_attachment__struct.hpp
[6.927s] -- Symlinking: /home/dark/ros2_ws/install/gearbox_sim/include/gearbox_sim/gearbox_sim/srv/detail/set_attachment__traits.hpp
[6.936s] -- Symlinking: /home/dark/ros2_ws/install/gearbox_sim/include/gearbox_sim/gearbox_sim/srv/detail/set_attachment__type_support.hpp
[6.945s] -- Up-to-date symlink: /home/dark/ros2_ws/install/gearbox_sim/include/gearbox_sim/gearbox_sim/srv/run_press_cycle.hpp
[6.945s] -- Symlinking: /home/dark/ros2_ws/install/gearbox_sim/include/gearbox_sim/gearbox_sim/srv/set_attachment.hpp
[6.954s] -- Up-to-date symlink: /home/dark/ros2_ws/install/gearbox_sim/include/gearbox_sim/gearbox_sim/action/detail/run_screwdriver__rosidl_typesupport_fastrtps_cpp.hpp
[6.954s] -- Up-to-date symlink: /home/dark/ros2_ws/install/gearbox_sim/include/gearbox_sim/gearbox_sim/msg/rosidl_typesupport_fastrtps_cpp__visibility_control.h
[6.954s] -- Up-to-date symlink: /home/dark/ros2_ws/install/gearbox_sim/include/gearbox_sim/gearbox_sim/srv/detail/run_press_cycle__rosidl_typesupport_fastrtps_cpp.hpp
[6.954s] -- Symlinking: /home/dark/ros2_ws/install/gearbox_sim/include/gearbox_sim/gearbox_sim/srv/detail/set_attachment__rosidl_typesupport_fastrtps_cpp.hpp
[6.964s] -- Up-to-date symlink: /home/dark/ros2_ws/install/gearbox_sim/include/gearbox_sim/gearbox_sim/action/detail/run_screwdriver__rosidl_typesupport_introspection_cpp.hpp
[6.964s] -- Up-to-date symlink: /home/dark/ros2_ws/install/gearbox_sim/include/gearbox_sim/gearbox_sim/srv/detail/run_press_cycle__rosidl_typesupport_introspection_cpp.hpp
[6.964s] -- Symlinking: /home/dark/ros2_ws/install/gearbox_sim/include/gearbox_sim/gearbox_sim/srv/detail/set_attachment__rosidl_typesupport_introspection_cpp.hpp
[6.973s] -- Up-to-date symlink: /home/dark/ros2_ws/install/gearbox_sim/share/gearbox_sim/environment/pythonpath.sh
[6.973s] -- Up-to-date symlink: /home/dark/ros2_ws/install/gearbox_sim/share/gearbox_sim/environment/pythonpath.dsv
[6.973s] -- Up-to-date symlink: /home/dark/ros2_ws/install/gearbox_sim/lib/python3.12/site-packages/gearbox_sim-0.0.0-py3.12.egg-info/PKG-INFO
[6.973s] -- Up-to-date symlink: /home/dark/ros2_ws/install/gearbox_sim/lib/python3.12/site-packages/gearbox_sim-0.0.0-py3.12.egg-info/SOURCES.txt
[6.974s] -- Up-to-date symlink: /home/dark/ros2_ws/install/gearbox_sim/lib/python3.12/site-packages/gearbox_sim-0.0.0-py3.12.egg-info/dependency_links.txt
[6.974s] -- Up-to-date symlink: /home/dark/ros2_ws/install/gearbox_sim/lib/python3.12/site-packages/gearbox_sim-0.0.0-py3.12.egg-info/top_level.txt
[6.974s] -- Up-to-date symlink: /home/dark/ros2_ws/install/gearbox_sim/lib/python3.12/site-packages/gearbox_sim/__init__.py
[6.975s] -- Up-to-date symlink: /home/dark/ros2_ws/install/gearbox_sim/lib/python3.12/site-packages/gearbox_sim/_gearbox_sim_s.ep.rosidl_typesupport_c.c
[6.975s] -- Up-to-date symlink: /home/dark/ros2_ws/install/gearbox_sim/lib/python3.12/site-packages/gearbox_sim/_gearbox_sim_s.ep.rosidl_typesupport_fastrtps_c.c
[6.975s] -- Up-to-date symlink: /home/dark/ros2_ws/install/gearbox_sim/lib/python3.12/site-packages/gearbox_sim/_gearbox_sim_s.ep.rosidl_typesupport_introspection_c.c
[6.975s] -- Up-to-date symlink: /home/dark/ros2_ws/install/gearbox_sim/lib/python3.12/site-packages/gearbox_sim/action/__init__.py
[6.975s] -- Up-to-date symlink: /home/dark/ros2_ws/install/gearbox_sim/lib/python3.12/site-packages/gearbox_sim/action/_run_screwdriver.py
[6.976s] -- Up-to-date symlink: /home/dark/ros2_ws/install/gearbox_sim/lib/python3.12/site-packages/gearbox_sim/action/_run_screwdriver_s.c
[6.976s] -- Up-to-date symlink: /home/dark/ros2_ws/install/gearbox_sim/lib/python3.12/site-packages/gearbox_sim/gearbox_sim_s__rosidl_typesupport_c.so
[6.976s] -- Up-to-date symlink: /home/dark/ros2_ws/install/gearbox_sim/lib/python3.12/site-packages/gearbox_sim/gearbox_sim_s__rosidl_typesupport_fastrtps_c.so
[6.976s] -- Up-to-date symlink: /home/dark/ros2_ws/install/gearbox_sim/lib/python3.12/site-packages/gearbox_sim/gearbox_sim_s__rosidl_typesupport_introspection_c.so
[6.976s] -- Up-to-date symlink: /home/dark/ros2_ws/install/gearbox_sim/lib/python3.12/site-packages/gearbox_sim/srv/__init__.py
[6.977s] -- Up-to-date symlink: /home/dark/ros2_ws/install/gearbox_sim/lib/python3.12/site-packages/gearbox_sim/srv/_run_press_cycle.py
[6.977s] -- Up-to-date symlink: /home/dark/ros2_ws/install/gearbox_sim/lib/python3.12/site-packages/gearbox_sim/srv/_run_press_cycle_s.c
[6.977s] -- Symlinking: /home/dark/ros2_ws/install/gearbox_sim/lib/python3.12/site-packages/gearbox_sim/srv/_set_attachment.py
[6.986s] -- Symlinking: /home/dark/ros2_ws/install/gearbox_sim/lib/python3.12/site-packages/gearbox_sim/srv/_set_attachment_s.c
[6.995s] -- Up-to-date symlink: /home/dark/ros2_ws/install/gearbox_sim/lib/python3.12/site-packages/gearbox_sim/gearbox_sim_s__rosidl_typesupport_fastrtps_c.so
[6.996s] -- Up-to-date symlink: /home/dark/ros2_ws/install/gearbox_sim/lib/python3.12/site-packages/gearbox_sim/gearbox_sim_s__rosidl_typesupport_introspection_c.so
[6.996s] -- Up-to-date symlink: /home/dark/ros2_ws/install/gearbox_sim/lib/python3.12/site-packages/gearbox_sim/gearbox_sim_s__rosidl_typesupport_c.so
[6.996s] -- Up-to-date symlink: /home/dark/ros2_ws/install/gearbox_sim/share/ament_index/resource_index/rust_packages/gearbox_sim
[6.997s] -- Up-to-date symlink: /home/dark/ros2_ws/install/gearbox_sim/share/gearbox_sim/rust/Cargo.toml
[6.997s] -- Up-to-date symlink: /home/dark/ros2_ws/install/gearbox_sim/share/gearbox_sim/rust/build.rs
[6.997s] -- Up-to-date symlink: /home/dark/ros2_ws/install/gearbox_sim/share/gearbox_sim/rust/src/action.rs
[6.997s] -- Up-to-date symlink: /home/dark/ros2_ws/install/gearbox_sim/share/gearbox_sim/rust/src/action/rmw.rs
[6.998s] -- Up-to-date symlink: /home/dark/ros2_ws/install/gearbox_sim/share/gearbox_sim/rust/src/lib.rs
[6.998s] -- Up-to-date symlink: /home/dark/ros2_ws/install/gearbox_sim/share/gearbox_sim/rust/src/srv.rs
[6.998s] -- Up-to-date symlink: /home/dark/ros2_ws/install/gearbox_sim/share/gearbox_sim/rust/src/srv/rmw.rs
[6.998s] -- Up-to-date symlink: /home/dark/ros2_ws/install/gearbox_sim/share/gearbox_sim/action/RunScrewdriver.idl
[6.998s] -- Up-to-date symlink: /home/dark/ros2_ws/install/gearbox_sim/share/gearbox_sim/srv/RunPressCycle.idl
[6.998s] -- Symlinking: /home/dark/ros2_ws/install/gearbox_sim/share/gearbox_sim/srv/SetAttachment.idl
[7.008s] -- Up-to-date symlink: /home/dark/ros2_ws/install/gearbox_sim/share/gearbox_sim/action/RunScrewdriver.action
[7.009s] -- Up-to-date symlink: /home/dark/ros2_ws/install/gearbox_sim/share/gearbox_sim/srv/RunPressCycle.srv
[7.009s] -- Symlinking: /home/dark/ros2_ws/install/gearbox_sim/share/gearbox_sim/srv/SetAttachment.srv
[7.018s] -- Up-to-date symlink: /home/dark/ros2_ws/install/gearbox_sim/share/gearbox_sim/config/assembly_cell.srdf
[7.018s] -- Up-to-date symlink: /home/dark/ros2_ws/install/gearbox_sim/share/gearbox_sim/config/assembly_cell.yaml
[7.018s] -- Up-to-date symlink: /home/dark/ros2_ws/install/gearbox_sim/share/gearbox_sim/config/gearbox_animator.rviz
[7.018s] -- Up-to-date symlink: /home/dark/ros2_ws/install/gearbox_sim/share/gearbox_sim/config/kinematics.yaml
[7.018s] -- Up-to-date symlink: /home/dark/ros2_ws/install/gearbox_sim/share/gearbox_sim/config/moveit_controllers.yaml
[7.018s] -- Up-to-date symlink: /home/dark/ros2_ws/install/gearbox_sim/share/gearbox_sim/config/ros2_controllers.yaml
[7.019s] -- Up-to-date symlink: /home/dark/ros2_ws/install/gearbox_sim/share/gearbox_sim/config/ros_gz_bridge.yaml
[7.019s] -- Up-to-date symlink: /home/dark/ros2_ws/install/gearbox_sim/share/gearbox_sim/launch/__pycache__/assembly_cell.launch.cpython-312.pyc
[7.019s] -- Up-to-date symlink: /home/dark/ros2_ws/install/gearbox_sim/share/gearbox_sim/launch/__pycache__/gearbox_animator.launch.cpython-312.pyc
[7.019s] -- Up-to-date symlink: /home/dark/ros2_ws/install/gearbox_sim/share/gearbox_sim/launch/__pycache__/move_group.launch.cpython-312.pyc
[7.019s] -- Up-to-date symlink: /home/dark/ros2_ws/install/gearbox_sim/share/gearbox_sim/launch/__pycache__/sim_assembly.launch.cpython-312.pyc
[7.020s] -- Up-to-date symlink: /home/dark/ros2_ws/install/gearbox_sim/share/gearbox_sim/launch/assembly_cell.launch.py
[7.020s] -- Up-to-date symlink: /home/dark/ros2_ws/install/gearbox_sim/share/gearbox_sim/launch/gearbox_animator.launch.py
[7.020s] -- Up-to-date symlink: /home/dark/ros2_ws/install/gearbox_sim/share/gearbox_sim/launch/move_group.launch.py
[7.020s] -- Up-to-date symlink: /home/dark/ros2_ws/install/gearbox_sim/share/gearbox_sim/launch/sim_assembly.launch.py
[7.021s] -- Up-to-date symlink: /home/dark/ros2_ws/install/gearbox_sim/share/gearbox_sim/meshes/carrier.STL
[7.021s] -- Up-to-date symlink: /home/dark/ros2_ws/install/gearbox_sim/share/gearbox_sim/meshes/nema17/Back_box.STL
[7.021s] -- Up-to-date symlink: /home/dark/ros2_ws/install/gearbox_sim/share/gearbox_sim/meshes/nema17/Front_box.STL
[7.021s] -- Up-to-date symlink: /home/dark/ros2_ws/install/gearbox_sim/share/gearbox_sim/meshes/nema17/Middle_box.STL
[7.021s] -- Up-to-date symlink: /home/dark/ros2_ws/install/gearbox_sim/share/gearbox_sim/meshes/nema17/Small_roller.STL
[7.022s] -- Up-to-date symlink: /home/dark/ros2_ws/install/gearbox_sim/share/gearbox_sim/meshes/nema17/Spur_gear.STL
[7.022s] -- Up-to-date symlink: /home/dark/ros2_ws/install/gearbox_sim/share/gearbox_sim/meshes/nema17/Sun_gear.STL
[7.022s] -- Up-to-date symlink: /home/dark/ros2_ws/install/gearbox_sim/share/gearbox_sim/meshes/nema17/Untitled 2.JPG
[7.022s] -- Up-to-date symlink: /home/dark/ros2_ws/install/gearbox_sim/share/gearbox_sim/meshes/nema17/Untitled 3.JPG
[7.022s] -- Up-to-date symlink: /home/dark/ros2_ws/install/gearbox_sim/share/gearbox_sim/meshes/nema17/Untitled.JPG
[7.022s] -- Up-to-date symlink: /home/dark/ros2_ws/install/gearbox_sim/share/gearbox_sim/meshes/nema17/Vodilo.STL
[7.023s] -- Up-to-date symlink: /home/dark/ros2_ws/install/gearbox_sim/share/gearbox_sim/meshes/nema17/big_roller.STL
[7.023s] -- Up-to-date symlink: /home/dark/ros2_ws/install/gearbox_sim/share/gearbox_sim/meshes/nema17/hex_nut.STL
[7.023s] -- Up-to-date symlink: /home/dark/ros2_ws/install/gearbox_sim/share/gearbox_sim/meshes/nema17/satellite.STL
[7.023s] -- Up-to-date symlink: /home/dark/ros2_ws/install/gearbox_sim/share/gearbox_sim/meshes/nema17/screw.STL
[7.023s] -- Up-to-date symlink: /home/dark/ros2_ws/install/gearbox_sim/share/gearbox_sim/meshes/nema17/stop_ring.STL
[7.023s] -- Up-to-date symlink: /home/dark/ros2_ws/install/gearbox_sim/share/gearbox_sim/meshes/planet_gear.STL
[7.023s] -- Up-to-date symlink: /home/dark/ros2_ws/install/gearbox_sim/share/gearbox_sim/meshes/ring_gear.STL
[7.024s] -- Up-to-date symlink: /home/dark/ros2_ws/install/gearbox_sim/share/gearbox_sim/meshes/satellite.STL
[7.024s] -- Up-to-date symlink: /home/dark/ros2_ws/install/gearbox_sim/share/gearbox_sim/urdf/gearbox.urdf
[7.024s] -- Up-to-date symlink: /home/dark/ros2_ws/install/gearbox_sim/share/gearbox_sim/urdf/gearbox_gazebo.urdf.xacro
[7.024s] -- Up-to-date symlink: /home/dark/ros2_ws/install/gearbox_sim/share/gearbox_sim/urdf/include/nema17_parts.xacro
[7.024s] -- Up-to-date symlink: /home/dark/ros2_ws/install/gearbox_sim/share/gearbox_sim/urdf/include/workcell_macros.xacro
[7.025s] -- Up-to-date symlink: /home/dark/ros2_ws/install/gearbox_sim/share/gearbox_sim/urdf/main_scene.urdf.xacro
[7.025s] -- Up-to-date symlink: /home/dark/ros2_ws/install/gearbox_sim/share/gearbox_sim/urdf/ur5e_robotiq_ft.urdf.xacro
[7.025s] -- Up-to-date symlink: /home/dark/ros2_ws/install/gearbox_sim/share/gearbox_sim/worlds/assembly_cell.sdf
[7.025s] -- Up-to-date symlink: /home/dark/ros2_ws/install/gearbox_sim/share/gearbox_sim/worlds/assembly_scene.sdf
[7.026s] -- Up-to-date symlink: /home/dark/ros2_ws/install/gearbox_sim/share/gearbox_sim/worlds/assembly_scene_calibration.sdf
[7.026s] -- Up-to-date symlink: /home/dark/ros2_ws/install/gearbox_sim/lib/gearbox_sim/animator.py
[7.026s] -- Up-to-date symlink: /home/dark/ros2_ws/install/gearbox_sim/lib/gearbox_sim/assembly_demo.py
[7.026s] -- Up-to-date symlink: /home/dark/ros2_ws/install/gearbox_sim/lib/gearbox_sim/assembly_state_machine.py
[7.026s] -- Up-to-date symlink: /home/dark/ros2_ws/install/gearbox_sim/lib/gearbox_sim/get_joints.py
[7.026s] -- Up-to-date symlink: /home/dark/ros2_ws/install/gearbox_sim/lib/gearbox_sim/joint_gui_teleop.py
[7.027s] -- Up-to-date symlink: /home/dark/ros2_ws/install/gearbox_sim/lib/gearbox_sim/motion_planner.py
[7.027s] -- Up-to-date symlink: /home/dark/ros2_ws/install/gearbox_sim/lib/gearbox_sim/press_controller.py
[7.027s] -- Symlinking: /home/dark/ros2_ws/install/gearbox_sim/lib/gearbox_sim/grasp_attacher.py
[7.036s] -- Up-to-date symlink: /home/dark/ros2_ws/install/gearbox_sim/lib/gearbox_sim/screwdriver_server.py
[7.036s] -- Up-to-date symlink: /home/dark/ros2_ws/install/gearbox_sim/share/ament_index/resource_index/package_run_dependencies/gearbox_sim
[7.036s] -- Up-to-date symlink: /home/dark/ros2_ws/install/gearbox_sim/share/ament_index/resource_index/parent_prefix_path/gearbox_sim
[7.036s] -- Up-to-date symlink: /home/dark/ros2_ws/install/gearbox_sim/share/gearbox_sim/environment/ament_prefix_path.sh
[7.036s] -- Up-to-date symlink: /home/dark/ros2_ws/install/gearbox_sim/share/gearbox_sim/environment/ament_prefix_path.dsv
[7.037s] -- Up-to-date symlink: /home/dark/ros2_ws/install/gearbox_sim/share/gearbox_sim/environment/path.sh
[7.037s] -- Up-to-date symlink: /home/dark/ros2_ws/install/gearbox_sim/share/gearbox_sim/environment/path.dsv
[7.037s] -- Up-to-date symlink: /home/dark/ros2_ws/install/gearbox_sim/share/gearbox_sim/local_setup.bash
[7.037s] -- Up-to-date symlink: /home/dark/ros2_ws/install/gearbox_sim/share/gearbox_sim/local_setup.sh
[7.038s] -- Up-to-date symlink: /home/dark/ros2_ws/install/gearbox_sim/share/gearbox_sim/local_setup.zsh
[7.038s] -- Up-to-date symlink: /home/dark/ros2_ws/install/gearbox_sim/share/gearbox_sim/local_setup.dsv
[7.038s] -- Symlinking: /home/dark/ros2_ws/install/gearbox_sim/share/gearbox_sim/package.dsv
[7.047s] -- Up-to-date symlink: /home/dark/ros2_ws/install/gearbox_sim/share/ament_index/resource_index/packages/gearbox_sim
[7.048s] -- Up-to-date symlink: /home/dark/ros2_ws/install/gearbox_sim/share/gearbox_sim/cmake/rosidl_cmake-extras.cmake
[7.048s] -- Up-to-date symlink: /home/dark/ros2_ws/install/gearbox_sim/share/gearbox_sim/cmake/ament_cmake_export_dependencies-extras.cmake
[7.048s] -- Up-to-date symlink: /home/dark/ros2_ws/install/gearbox_sim/share/gearbox_sim/cmake/ament_cmake_export_include_directories-extras.cmake
[7.048s] -- Up-to-date symlink: /home/dark/ros2_ws/install/gearbox_sim/share/gearbox_sim/cmake/ament_cmake_export_libraries-extras.cmake
[7.048s] -- Up-to-date symlink: /home/dark/ros2_ws/install/gearbox_sim/share/gearbox_sim/cmake/ament_cmake_export_targets-extras.cmake
[7.049s] -- Up-to-date symlink: /home/dark/ros2_ws/install/gearbox_sim/share/gearbox_sim/cmake/rosidl_cmake_export_typesupport_targets-extras.cmake
[7.049s] -- Up-to-date symlink: /home/dark/ros2_ws/install/gearbox_sim/share/gearbox_sim/cmake/rosidl_cmake_export_typesupport_libraries-extras.cmake
[7.049s] -- Up-to-date symlink: /home/dark/ros2_ws/install/gearbox_sim/share/gearbox_sim/cmake/gearbox_simConfig.cmake
[7.049s] -- Up-to-date symlink: /home/dark/ros2_ws/install/gearbox_sim/share/gearbox_sim/cmake/gearbox_simConfig-version.cmake
[7.050s] -- Up-to-date symlink: /home/dark/ros2_ws/install/gearbox_sim/share/gearbox_sim/package.xml
[7.050s] -- Installing: /home/dark/ros2_ws/install/gearbox_sim/lib/libgearbox_sim__rosidl_generator_c.so
[7.050s] -- Set non-toolchain portion of runtime path of "/home/dark/ros2_ws/install/gearbox_sim/lib/libgearbox_sim__rosidl_generator_c.so" to ""
[7.051s] -- Installing: /home/dark/ros2_ws/install/gearbox_sim/lib/libgearbox_sim__rosidl_typesupport_fastrtps_c.so
[7.051s] -- Set non-toolchain portion of runtime path of "/home/dark/ros2_ws/install/gearbox_sim/lib/libgearbox_sim__rosidl_typesupport_fastrtps_c.so" to ""
[7.051s] -- Installing: /home/dark/ros2_ws/install/gearbox_sim/lib/libgearbox_sim__rosidl_typesupport_introspection_c.so
[7.052s] -- Set non-toolchain portion of runtime path of "/home/dark/ros2_ws/install/gearbox_sim/lib/libgearbox_sim__rosidl_typesupport_introspection_c.so" to ""
[7.052s] -- Installing: /home/dark/ros2_ws/install/gearbox_sim/lib/libgearbox_sim__rosidl_typesupport_c.so
[7.052s] -- Set non-toolchain portion of runtime path of "/home/dark/ros2_ws/install/gearbox_sim/lib/libgearbox_sim__rosidl_typesupport_c.so" to ""
[7.052s] -- Installing: /home/dark/ros2_ws/install/gearbox_sim/lib/libgearbox_sim__rosidl_typesupport_fastrtps_cpp.so
[7.053s] -- Set non-toolchain portion of runtime path of "/home/dark/ros2_ws/install/gearbox_sim/lib/libgearbox_sim__rosidl_typesupport_fastrtps_cpp.so" to ""
[7.053s] -- Installing: /home/dark/ros2_ws/install/gearbox_sim/lib/libgearbox_sim__rosidl_typesupport_introspection_cpp.so
[7.054s] -- Set non-toolchain portion of runtime path of "/home/dark/ros2_ws/install/gearbox_sim/lib/libgearbox_sim__rosidl_typesupport_introspection_cpp.so" to ""
[7.054s] -- Installing: /home/dark/ros2_ws/install/gearbox_sim/lib/libgearbox_sim__rosidl_typesupport_cpp.so
[7.055s] -- Set non-toolchain portion of runtime path of "/home/dark/ros2_ws/install/gearbox_sim/lib/libgearbox_sim__rosidl_typesupport_cpp.so" to ""
[7.108s] Listing '/home/dark/ros2_ws/install/gearbox_sim/lib/python3.12/site-packages/gearbox_sim'...
[7.108s] Compiling '/home/dark/ros2_ws/install/gearbox_sim/lib/python3.12/site-packages/gearbox_sim/__init__.py'...
[7.108s] Listing '/home/dark/ros2_ws/install/gearbox_sim/lib/python3.12/site-packages/gearbox_sim/action'...
[7.108s] Compiling '/home/dark/ros2_ws/install/gearbox_sim/lib/python3.12/site-packages/gearbox_sim/action/__init__.py'...
[7.108s] Compiling '/home/dark/ros2_ws/install/gearbox_sim/lib/python3.12/site-packages/gearbox_sim/action/_run_screwdriver.py'...
[7.108s] Listing '/home/dark/ros2_ws/install/gearbox_sim/lib/python3.12/site-packages/gearbox_sim/srv'...
[7.108s] Compiling '/home/dark/ros2_ws/install/gearbox_sim/lib/python3.12/site-packages/gearbox_sim/srv/__init__.py'...
[7.109s] Compiling '/home/dark/ros2_ws/install/gearbox_sim/lib/python3.12/site-packages/gearbox_sim/srv/_run_press_cycle.py'...
[7.109s] Compiling '/home/dark/ros2_ws/install/gearbox_sim/lib/python3.12/site-packages/gearbox_sim/srv/_set_attachment.py'...
[7.114s] -- Installing: /home/dark/ros2_ws/install/gearbox_sim/lib/libgearbox_sim__rosidl_generator_py.so
[7.115s] -- Set non-toolchain portion of runtime path of "/home/dark/ros2_ws/install/gearbox_sim/lib/libgearbox_sim__rosidl_generator_py.so" to ""
[7.115s] -- Up-to-date: /home/dark/ros2_ws/install/gearbox_sim/share/gearbox_sim/cmake/export_gearbox_sim__rosidl_generator_cExport.cmake
[7.115s] -- Up-to-date: /home/dark/ros2_ws/install/gearbox_sim/share/gearbox_sim/cmake/export_gearbox_sim__rosidl_generator_cExport-noconfig.cmake
[7.116s] -- Up-to-date: /home/dark/ros2_ws/install/gearbox_sim/share/gearbox_sim/cmake/export_gearbox_sim__rosidl_typesupport_fastrtps_cExport.cmake
[7.116s] -- Up-to-date: /home/dark/ros2_ws/install/gearbox_sim/share/gearbox_sim/cmake/export_gearbox_sim__rosidl_typesupport_fastrtps_cExport-noconfig.cmake
[7.116s] -- Up-to-date: /home/dark/ros2_ws/install/gearbox_sim/share/gearbox_sim/cmake/gearbox_sim__rosidl_typesupport_introspection_cExport.cmake
[7.116s] -- Up-to-date: /home/dark/ros2_ws/install/gearbox_sim/share/gearbox_sim/cmake/gearbox_sim__rosidl_typesupport_introspection_cExport-noconfig.cmake
[7.116s] -- Up-to-date: /home/dark/ros2_ws/install/gearbox_sim/share/gearbox_sim/cmake/gearbox_sim__rosidl_typesupport_cExport.cmake
[7.116s] -- Up-to-date: /home/dark/ros2_ws/install/gearbox_sim/share/gearbox_sim/cmake/gearbox_sim__rosidl_typesupport_cExport-noconfig.cmake
[7.116s] -- Up-to-date: /home/dark/ros2_ws/install/gearbox_sim/share/gearbox_sim/cmake/export_gearbox_sim__rosidl_generator_cppExport.cmake
[7.117s] -- Up-to-date: /home/dark/ros2_ws/install/gearbox_sim/share/gearbox_sim/cmake/export_gearbox_sim__rosidl_typesupport_fastrtps_cppExport.cmake
[7.117s] -- Up-to-date: /home/dark/ros2_ws/install/gearbox_sim/share/gearbox_sim/cmake/export_gearbox_sim__rosidl_typesupport_fastrtps_cppExport-noconfig.cmake
[7.117s] -- Up-to-date: /home/dark/ros2_ws/install/gearbox_sim/share/gearbox_sim/cmake/gearbox_sim__rosidl_typesupport_introspection_cppExport.cmake
[7.117s] -- Up-to-date: /home/dark/ros2_ws/install/gearbox_sim/share/gearbox_sim/cmake/gearbox_sim__rosidl_typesupport_introspection_cppExport-noconfig.cmake
[7.117s] -- Up-to-date: /home/dark/ros2_ws/install/gearbox_sim/share/gearbox_sim/cmake/gearbox_sim__rosidl_typesupport_cppExport.cmake
[7.117s] -- Up-to-date: /home/dark/ros2_ws/install/gearbox_sim/share/gearbox_sim/cmake/gearbox_sim__rosidl_typesupport_cppExport-noconfig.cmake
[7.117s] -- Up-to-date: /home/dark/ros2_ws/install/gearbox_sim/share/gearbox_sim/cmake/export_gearbox_sim__rosidl_generator_pyExport.cmake
[7.117s] -- Up-to-date: /home/dark/ros2_ws/install/gearbox_sim/share/gearbox_sim/cmake/export_gearbox_sim__rosidl_generator_pyExport-noconfig.cmake
[7.118s] Invoked command in '/home/dark/ros2_ws/build/gearbox_sim' returned '0': CMAKE_PREFIX_PATH=${CMAKE_PREFIX_PATH}:/opt/ros/jazzy DEBUGINFOD_URLS=https://debuginfod.ubuntu.com /usr/bin/cmake --install /home/dark/ros2_ws/build/gearbox_sim
