[0.016s] Invoking command in '/home/dark/ros2_ws/build/robotiq_2f_gripper_interfaces': CMAKE_PREFIX_PATH=${CMAKE_PREFIX_PATH}:/opt/ros/jazzy DEBUGINFOD_URLS=https://debuginfod.ubuntu.com /usr/bin/cmake /home/dark/ros2_ws/src/robotiq_2f_gripper_ros2/robotiq_2f_gripper_interfaces -DAMENT_CMAKE_SYMLINK_INSTALL=1 -DCMAKE_INSTALL_PREFIX=/home/dark/ros2_ws/install/robotiq_2f_gripper_interfaces
[0.292s] -- The CXX compiler identification is GNU 13.3.0
[0.309s] -- Detecting CXX compiler ABI info
[0.401s] -- Detecting CXX compiler ABI info - done
[0.410s] -- Check for working CXX compiler: /usr/bin/c++ - skipped
[0.411s] -- Detecting CXX compile features
[0.411s] -- Detecting CXX compile features - done
[0.419s] -- Found ament_cmake: 2.5.6 (/opt/ros/jazzy/share/ament_cmake/cmake)
[0.581s] -- Found Python3: /usr/bin/python3 (found version "3.12.3") found components: Interpreter 
[0.643s] -- Override CMake install command with custom implementation using symlinks instead of copying resources
[0.693s] -- Found hardware_interface: 4.44.0 (/opt/ros/jazzy/share/hardware_interface/cmake)
[0.771s] -- Found rosidl_generator_c: 4.6.7 (/opt/ros/jazzy/share/rosidl_generator_c/cmake)
[0.805s] -- Found rosidl_generator_cpp: 4.6.7 (/opt/ros/jazzy/share/rosidl_generator_cpp/cmake)
[0.849s] -- Using all available rosidl_typesupport_c: rosidl_typesupport_fastrtps_c;rosidl_typesupport_introspection_c
[0.888s] -- Using all available rosidl_typesupport_cpp: rosidl_typesupport_fastrtps_cpp;rosidl_typesupport_introspection_cpp
[1.181s] -- Found TinyXML2 via Config file: /usr/lib/x86_64-linux-gnu/cmake/tinyxml2
[1.251s] -- Found rmw_implementation_cmake: 7.3.3 (/opt/ros/jazzy/share/rmw_implementation_cmake/cmake)
[1.257s] -- Found rmw_fastrtps_cpp: 8.4.3 (/opt/ros/jazzy/share/rmw_fastrtps_cpp/cmake)
[1.296s] -- Found TinyXML2 via Config file: /usr/lib/x86_64-linux-gnu/cmake/tinyxml2
[1.351s] -- Found OpenSSL: /usr/lib/x86_64-linux-gnu/libcrypto.so (found version "3.0.13")  
[1.355s] -- Found TinyXML2 via Config file: /usr/lib/x86_64-linux-gnu/cmake/tinyxml2
[1.370s] -- Found FastRTPS: /opt/ros/jazzy/include (Required is at least version "2.13") 
[1.375s] -- Found TinyXML2 via Config file: /usr/lib/x86_64-linux-gnu/cmake/tinyxml2
[1.385s] -- Found TinyXML2 via Config file: /usr/lib/x86_64-linux-gnu/cmake/tinyxml2
[1.395s] -- Using RMW implementation 'rmw_fastrtps_cpp' as default
[1.731s] [31mCMake Error at CMakeLists.txt:18 (find_package):
[1.731s]   By not providing "Findserial.cmake" in CMAKE_MODULE_PATH this project has
[1.731s]   asked CMake to find a package configuration file provided by "serial", but
[1.731s]   CMake did not find one.
[1.731s] 
[1.732s]   Could not find a package configuration file provided by "serial" with any
[1.732s]   of the following names:
[1.732s] 
[1.732s]     serialConfig.cmake
[1.732s]     serial-config.cmake
[1.732s] 
[1.732s]   Add the installation prefix of "serial" to CMAKE_PREFIX_PATH or set
[1.732s]   "serial_DIR" to a directory containing one of the above files.  If "serial"
[1.732s]   provides a separate development package or SDK, be sure it has been
[1.732s]   installed.
[1.732s] 
[1.732s] [0m
[1.732s] -- Configuring incomplete, errors occurred!
[1.739s] Invoked command in '/home/dark/ros2_ws/build/robotiq_2f_gripper_interfaces' returned '1': CMAKE_PREFIX_PATH=${CMAKE_PREFIX_PATH}:/opt/ros/jazzy DEBUGINFOD_URLS=https://debuginfod.ubuntu.com /usr/bin/cmake /home/dark/ros2_ws/src/robotiq_2f_gripper_ros2/robotiq_2f_gripper_interfaces -DAMENT_CMAKE_SYMLINK_INSTALL=1 -DCMAKE_INSTALL_PREFIX=/home/dark/ros2_ws/install/robotiq_2f_gripper_interfaces
