[0.013s] Invoking command in '/home/dark/ros2_ws/build/robotiq_2f_gripper_msgs': CMAKE_PREFIX_PATH=${CMAKE_PREFIX_PATH}:/opt/ros/jazzy DEBUGINFOD_URLS=https://debuginfod.ubuntu.com /usr/bin/cmake /home/dark/ros2_ws/src/robotiq_2f_gripper_ros2/robotiq_2f_gripper_msgs -DAMENT_CMAKE_SYMLINK_INSTALL=1 -DCMAKE_INSTALL_PREFIX=/home/dark/ros2_ws/install/robotiq_2f_gripper_msgs
[0.279s] -- The C compiler identification is GNU 13.3.0
[0.337s] -- The CXX compiler identification is GNU 13.3.0
[0.353s] -- Detecting C compiler ABI info
[0.436s] -- Detecting C compiler ABI info - done
[0.457s] -- Check for working C compiler: /usr/bin/cc - skipped
[0.457s] -- Detecting C compile features
[0.457s] -- Detecting C compile features - done
[0.465s] -- Detecting CXX compiler ABI info
[0.554s] -- Detecting CXX compiler ABI info - done
[0.571s] -- Check for working CXX compiler: /usr/bin/c++ - skipped
[0.571s] -- Detecting CXX compile features
[0.572s] -- Detecting CXX compile features - done
[0.576s] -- Found ament_cmake: 2.5.6 (/opt/ros/jazzy/share/ament_cmake/cmake)
[0.710s] -- Found Python3: /usr/bin/python3 (found version "3.12.3") found components: Interpreter 
[0.771s] -- Override CMake install command with custom implementation using symlinks instead of copying resources
[0.841s] -- Found rosidl_default_generators: 1.6.0 (/opt/ros/jazzy/share/rosidl_default_generators/cmake)
[0.854s] -- Using all available rosidl_typesupport_c: rosidl_typesupport_fastrtps_c;rosidl_typesupport_introspection_c
[0.925s] -- Using all available rosidl_typesupport_cpp: rosidl_typesupport_fastrtps_cpp;rosidl_typesupport_introspection_cpp
[0.989s] -- Found rosidl_adapter: 4.6.7 (/opt/ros/jazzy/share/rosidl_adapter/cmake)
[0.996s] -- Found std_msgs: 5.3.7 (/opt/ros/jazzy/share/std_msgs/cmake)
[1.035s] -- Found unique_identifier_msgs: 2.5.0 (/opt/ros/jazzy/share/unique_identifier_msgs/cmake)
[1.604s] -- Found ament_cmake_ros: 0.12.0 (/opt/ros/jazzy/share/ament_cmake_ros/cmake)
[2.004s] -- Using all available rosidl_typesupport_c: rosidl_typesupport_fastrtps_c;rosidl_typesupport_introspection_c
[2.530s] -- Using all available rosidl_typesupport_cpp: rosidl_typesupport_fastrtps_cpp;rosidl_typesupport_introspection_cpp
[2.536s] -- Found python_cmake_module: 0.11.1 (/opt/ros/jazzy/share/python_cmake_module/cmake)
[2.643s] -- Found PythonExtra: /usr/bin/python3  
[2.993s] -- Found Python3: /usr/bin/python3 (found version "3.12.3") found components: Interpreter Development NumPy Development.Module Development.Embed 
[3.091s] -- Found Python3: /usr/bin/python3 (found version "3.12.3") found components: Interpreter 
[3.095s] -- Found ament_lint_auto: 0.17.5 (/opt/ros/jazzy/share/ament_lint_auto/cmake)
[3.127s] -- Added test 'lint_cmake' to check CMake code style
[3.128s] -- Added test 'xmllint' to check XML markup files
[3.132s] -- Configuring done (3.1s)
[3.167s] -- Generating done (0.0s)
[3.178s] -- Build files have been written to: /home/dark/ros2_ws/build/robotiq_2f_gripper_msgs
