[0.116s] DEBUG:colcon:Command line arguments: ['/usr/bin/colcon', 'build', '--packages-select', 'gearbox_sim']
[0.116s] DEBUG:colcon:Parsed command line arguments: Namespace(log_base=None, log_level=None, verb_name='build', build_base='build', install_base='install', merge_install=False, symlink_install=False, test_result_base=None, continue_on_error=False, executor='parallel', parallel_workers=8, event_handlers=None, ignore_user_meta=False, metas=['./colcon.meta'], base_paths=['.'], packages_ignore=None, packages_ignore_regex=None, paths=None, packages_up_to=None, packages_up_to_regex=None, packages_above=None, packages_above_and_dependencies=None, packages_above_depth=None, packages_select_by_dep=None, packages_skip_by_dep=None, packages_skip_up_to=None, packages_select_build_failed=False, packages_skip_build_finished=False, packages_select_test_failures=False, packages_skip_test_passed=False, packages_select=['gearbox_sim'], packages_skip=None, packages_select_regex=None, packages_skip_regex=None, packages_start=None, packages_end=None, allow_overriding=[], cmake_args=None, cmake_target=None, cmake_target_skip_unavailable=False, cmake_clean_cache=False, cmake_clean_first=False, cmake_force_configure=False, ament_cmake_args=None, catkin_cmake_args=None, catkin_skip_building_tests=False, verb_parser=<colcon_defaults.argument_parser.defaults.DefaultArgumentsDecorator object at 0x772808b81c70>, verb_extension=<colcon_core.verb.build.BuildVerb object at 0x772808b814c0>, main=<bound method BuildVerb.main of <colcon_core.verb.build.BuildVerb object at 0x772808b814c0>>)
[0.151s] Level 1:colcon.colcon_core.package_discovery:discover_packages(colcon_meta) check parameters
[0.151s] Level 1:colcon.colcon_core.package_discovery:discover_packages(recursive) check parameters
[0.151s] Level 1:colcon.colcon_core.package_discovery:discover_packages(ignore) check parameters
[0.151s] Level 1:colcon.colcon_core.package_discovery:discover_packages(path) check parameters
[0.151s] Level 1:colcon.colcon_core.package_discovery:discover_packages(colcon_meta) discover
[0.151s] Level 1:colcon.colcon_core.package_discovery:discover_packages(recursive) discover
[0.151s] INFO:colcon.colcon_core.package_discovery:Crawling recursively for packages in '/home/dark/ros2_ws'
[0.151s] Level 1:colcon.colcon_core.package_identification:_identify(.) by extensions ['ignore', 'ignore_ament_install']
[0.151s] Level 1:colcon.colcon_core.package_identification:_identify(.) by extension 'ignore'
[0.151s] Level 1:colcon.colcon_core.package_identification:_identify(.) by extension 'ignore_ament_install'
[0.151s] Level 1:colcon.colcon_core.package_identification:_identify(.) by extensions ['colcon_pkg']
[0.151s] Level 1:colcon.colcon_core.package_identification:_identify(.) by extension 'colcon_pkg'
[0.151s] Level 1:colcon.colcon_core.package_identification:_identify(.) by extensions ['colcon_meta']
[0.151s] Level 1:colcon.colcon_core.package_identification:_identify(.) by extension 'colcon_meta'
[0.151s] Level 1:colcon.colcon_core.package_identification:_identify(.) by extensions ['ros']
[0.151s] Level 1:colcon.colcon_core.package_identification:_identify(.) by extension 'ros'
[0.176s] Level 1:colcon.colcon_core.package_identification:_identify(.) by extensions ['cmake', 'python']
[0.176s] Level 1:colcon.colcon_core.package_identification:_identify(.) by extension 'cmake'
[0.176s] Level 1:colcon.colcon_core.package_identification:_identify(.) by extension 'python'
[0.176s] Level 1:colcon.colcon_core.package_identification:_identify(.) by extensions ['python_setup_py']
[0.176s] Level 1:colcon.colcon_core.package_identification:_identify(.) by extension 'python_setup_py'
[0.176s] Level 1:colcon.colcon_core.package_identification:_identify(build) by extensions ['ignore', 'ignore_ament_install']
[0.176s] Level 1:colcon.colcon_core.package_identification:_identify(build) by extension 'ignore'
[0.176s] Level 1:colcon.colcon_core.package_identification:_identify(build) ignored
[0.176s] Level 1:colcon.colcon_core.package_identification:_identify(install) by extensions ['ignore', 'ignore_ament_install']
[0.177s] Level 1:colcon.colcon_core.package_identification:_identify(install) by extension 'ignore'
[0.177s] Level 1:colcon.colcon_core.package_identification:_identify(install) ignored
[0.177s] Level 1:colcon.colcon_core.package_identification:_identify(log) by extensions ['ignore', 'ignore_ament_install']
[0.177s] Level 1:colcon.colcon_core.package_identification:_identify(log) by extension 'ignore'
[0.177s] Level 1:colcon.colcon_core.package_identification:_identify(log) ignored
[0.177s] Level 1:colcon.colcon_core.package_identification:_identify(src) by extensions ['ignore', 'ignore_ament_install']
[0.177s] Level 1:colcon.colcon_core.package_identification:_identify(src) by extension 'ignore'
[0.177s] Level 1:colcon.colcon_core.package_identification:_identify(src) by extension 'ignore_ament_install'
[0.177s] Level 1:colcon.colcon_core.package_identification:_identify(src) by extensions ['colcon_pkg']
[0.177s] Level 1:colcon.colcon_core.package_identification:_identify(src) by extension 'colcon_pkg'
[0.177s] Level 1:colcon.colcon_core.package_identification:_identify(src) by extensions ['colcon_meta']
[0.178s] Level 1:colcon.colcon_core.package_identification:_identify(src) by extension 'colcon_meta'
[0.178s] Level 1:colcon.colcon_core.package_identification:_identify(src) by extensions ['ros']
[0.178s] Level 1:colcon.colcon_core.package_identification:_identify(src) by extension 'ros'
[0.178s] Level 1:colcon.colcon_core.package_identification:_identify(src) by extensions ['cmake', 'python']
[0.178s] Level 1:colcon.colcon_core.package_identification:_identify(src) by extension 'cmake'
[0.178s] Level 1:colcon.colcon_core.package_identification:_identify(src) by extension 'python'
[0.178s] Level 1:colcon.colcon_core.package_identification:_identify(src) by extensions ['python_setup_py']
[0.178s] Level 1:colcon.colcon_core.package_identification:_identify(src) by extension 'python_setup_py'
[0.178s] Level 1:colcon.colcon_core.package_identification:_identify(src/gearbox_sim) by extensions ['ignore', 'ignore_ament_install']
[0.178s] Level 1:colcon.colcon_core.package_identification:_identify(src/gearbox_sim) by extension 'ignore'
[0.178s] Level 1:colcon.colcon_core.package_identification:_identify(src/gearbox_sim) by extension 'ignore_ament_install'
[0.178s] Level 1:colcon.colcon_core.package_identification:_identify(src/gearbox_sim) by extensions ['colcon_pkg']
[0.178s] Level 1:colcon.colcon_core.package_identification:_identify(src/gearbox_sim) by extension 'colcon_pkg'
[0.178s] Level 1:colcon.colcon_core.package_identification:_identify(src/gearbox_sim) by extensions ['colcon_meta']
[0.178s] Level 1:colcon.colcon_core.package_identification:_identify(src/gearbox_sim) by extension 'colcon_meta'
[0.178s] Level 1:colcon.colcon_core.package_identification:_identify(src/gearbox_sim) by extensions ['ros']
[0.178s] Level 1:colcon.colcon_core.package_identification:_identify(src/gearbox_sim) by extension 'ros'
[0.183s] DEBUG:colcon.colcon_core.package_identification:Package 'src/gearbox_sim' with type 'ros.ament_cmake' and name 'gearbox_sim'
[0.183s] Level 1:colcon.colcon_core.package_identification:_identify(src/robotiq_2f_gripper_ros2) by extensions ['ignore', 'ignore_ament_install']
[0.183s] Level 1:colcon.colcon_core.package_identification:_identify(src/robotiq_2f_gripper_ros2) by extension 'ignore'
[0.183s] Level 1:colcon.colcon_core.package_identification:_identify(src/robotiq_2f_gripper_ros2) by extension 'ignore_ament_install'
[0.183s] Level 1:colcon.colcon_core.package_identification:_identify(src/robotiq_2f_gripper_ros2) by extensions ['colcon_pkg']
[0.183s] Level 1:colcon.colcon_core.package_identification:_identify(src/robotiq_2f_gripper_ros2) by extension 'colcon_pkg'
[0.183s] Level 1:colcon.colcon_core.package_identification:_identify(src/robotiq_2f_gripper_ros2) by extensions ['colcon_meta']
[0.183s] Level 1:colcon.colcon_core.package_identification:_identify(src/robotiq_2f_gripper_ros2) by extension 'colcon_meta'
[0.183s] Level 1:colcon.colcon_core.package_identification:_identify(src/robotiq_2f_gripper_ros2) by extensions ['ros']
[0.183s] Level 1:colcon.colcon_core.package_identification:_identify(src/robotiq_2f_gripper_ros2) by extension 'ros'
[0.184s] Level 1:colcon.colcon_core.package_identification:_identify(src/robotiq_2f_gripper_ros2) by extensions ['cmake', 'python']
[0.184s] Level 1:colcon.colcon_core.package_identification:_identify(src/robotiq_2f_gripper_ros2) by extension 'cmake'
[0.184s] Level 1:colcon.colcon_core.package_identification:_identify(src/robotiq_2f_gripper_ros2) by extension 'python'
[0.184s] Level 1:colcon.colcon_core.package_identification:_identify(src/robotiq_2f_gripper_ros2) by extensions ['python_setup_py']
[0.184s] Level 1:colcon.colcon_core.package_identification:_identify(src/robotiq_2f_gripper_ros2) by extension 'python_setup_py'
[0.184s] Level 1:colcon.colcon_core.package_identification:_identify(src/robotiq_2f_gripper_ros2/robotiq_2f_gripper_description) by extensions ['ignore', 'ignore_ament_install']
[0.184s] Level 1:colcon.colcon_core.package_identification:_identify(src/robotiq_2f_gripper_ros2/robotiq_2f_gripper_description) by extension 'ignore'
[0.184s] Level 1:colcon.colcon_core.package_identification:_identify(src/robotiq_2f_gripper_ros2/robotiq_2f_gripper_description) by extension 'ignore_ament_install'
[0.184s] Level 1:colcon.colcon_core.package_identification:_identify(src/robotiq_2f_gripper_ros2/robotiq_2f_gripper_description) by extensions ['colcon_pkg']
[0.184s] Level 1:colcon.colcon_core.package_identification:_identify(src/robotiq_2f_gripper_ros2/robotiq_2f_gripper_description) by extension 'colcon_pkg'
[0.184s] Level 1:colcon.colcon_core.package_identification:_identify(src/robotiq_2f_gripper_ros2/robotiq_2f_gripper_description) by extensions ['colcon_meta']
[0.184s] Level 1:colcon.colcon_core.package_identification:_identify(src/robotiq_2f_gripper_ros2/robotiq_2f_gripper_description) by extension 'colcon_meta'
[0.184s] Level 1:colcon.colcon_core.package_identification:_identify(src/robotiq_2f_gripper_ros2/robotiq_2f_gripper_description) by extensions ['ros']
[0.184s] Level 1:colcon.colcon_core.package_identification:_identify(src/robotiq_2f_gripper_ros2/robotiq_2f_gripper_description) by extension 'ros'
[0.185s] DEBUG:colcon.colcon_core.package_identification:Package 'src/robotiq_2f_gripper_ros2/robotiq_2f_gripper_description' with type 'ros.ament_cmake' and name 'robotiq_2f_gripper_description'
[0.185s] Level 1:colcon.colcon_core.package_identification:_identify(src/robotiq_2f_gripper_ros2/robotiq_2f_gripper_hardware) by extensions ['ignore', 'ignore_ament_install']
[0.185s] Level 1:colcon.colcon_core.package_identification:_identify(src/robotiq_2f_gripper_ros2/robotiq_2f_gripper_hardware) by extension 'ignore'
[0.185s] Level 1:colcon.colcon_core.package_identification:_identify(src/robotiq_2f_gripper_ros2/robotiq_2f_gripper_hardware) ignored
[0.186s] Level 1:colcon.colcon_core.package_identification:_identify(src/robotiq_2f_gripper_ros2/robotiq_2f_gripper_interfaces) by extensions ['ignore', 'ignore_ament_install']
[0.186s] Level 1:colcon.colcon_core.package_identification:_identify(src/robotiq_2f_gripper_ros2/robotiq_2f_gripper_interfaces) by extension 'ignore'
[0.186s] Level 1:colcon.colcon_core.package_identification:_identify(src/robotiq_2f_gripper_ros2/robotiq_2f_gripper_interfaces) ignored
[0.186s] Level 1:colcon.colcon_core.package_identification:_identify(src/robotiq_2f_gripper_ros2/robotiq_2f_gripper_msgs) by extensions ['ignore', 'ignore_ament_install']
[0.186s] Level 1:colcon.colcon_core.package_identification:_identify(src/robotiq_2f_gripper_ros2/robotiq_2f_gripper_msgs) by extension 'ignore'
[0.186s] Level 1:colcon.colcon_core.package_identification:_identify(src/robotiq_2f_gripper_ros2/robotiq_2f_gripper_msgs) ignored
[0.186s] Level 1:colcon.colcon_core.package_identification:_identify(src/robotiq_2f_gripper_ros2/serial-ros2) by extensions ['ignore', 'ignore_ament_install']
[0.186s] Level 1:colcon.colcon_core.package_identification:_identify(src/robotiq_2f_gripper_ros2/serial-ros2) by extension 'ignore'
[0.186s] Level 1:colcon.colcon_core.package_identification:_identify(src/robotiq_2f_gripper_ros2/serial-ros2) by extension 'ignore_ament_install'
[0.186s] Level 1:colcon.colcon_core.package_identification:_identify(src/robotiq_2f_gripper_ros2/serial-ros2) by extensions ['colcon_pkg']
[0.186s] Level 1:colcon.colcon_core.package_identification:_identify(src/robotiq_2f_gripper_ros2/serial-ros2) by extension 'colcon_pkg'
[0.187s] Level 1:colcon.colcon_core.package_identification:_identify(src/robotiq_2f_gripper_ros2/serial-ros2) by extensions ['colcon_meta']
[0.187s] Level 1:colcon.colcon_core.package_identification:_identify(src/robotiq_2f_gripper_ros2/serial-ros2) by extension 'colcon_meta'
[0.187s] Level 1:colcon.colcon_core.package_identification:_identify(src/robotiq_2f_gripper_ros2/serial-ros2) by extensions ['ros']
[0.187s] Level 1:colcon.colcon_core.package_identification:_identify(src/robotiq_2f_gripper_ros2/serial-ros2) by extension 'ros'
[0.187s] Level 1:colcon.colcon_core.package_identification:_identify(src/robotiq_2f_gripper_ros2/serial-ros2) by extensions ['cmake', 'python']
[0.187s] Level 1:colcon.colcon_core.package_identification:_identify(src/robotiq_2f_gripper_ros2/serial-ros2) by extension 'cmake'
[0.187s] Level 1:colcon.colcon_core.package_identification:_identify(src/robotiq_2f_gripper_ros2/serial-ros2) by extension 'python'
[0.187s] Level 1:colcon.colcon_core.package_identification:_identify(src/robotiq_2f_gripper_ros2/serial-ros2) by extensions ['python_setup_py']
[0.187s] Level 1:colcon.colcon_core.package_identification:_identify(src/robotiq_2f_gripper_ros2/serial-ros2) by extension 'python_setup_py'
[0.187s] Level 1:colcon.colcon_core.package_discovery:discover_packages(recursive) using defaults
[0.187s] Level 1:colcon.colcon_core.package_discovery:discover_packages(ignore) discover
[0.187s] Level 1:colcon.colcon_core.package_discovery:discover_packages(ignore) using defaults
[0.187s] Level 1:colcon.colcon_core.package_discovery:discover_packages(path) discover
[0.187s] Level 1:colcon.colcon_core.package_discovery:discover_packages(path) using defaults
[0.204s] INFO:colcon.colcon_core.package_selection:Skipping not selected package 'robotiq_2f_gripper_description' in 'src/robotiq_2f_gripper_ros2/robotiq_2f_gripper_description'
[0.204s] Level 1:colcon.colcon_core.package_discovery:discover_packages(prefix_path) check parameters
[0.204s] Level 1:colcon.colcon_core.package_discovery:discover_packages(prefix_path) discover
[0.206s] DEBUG:colcon.colcon_installed_package_information.package_discovery:Found 4 installed packages in /home/dark/ros2_ws/install
[0.208s] DEBUG:colcon.colcon_installed_package_information.package_discovery:Found 399 installed packages in /opt/ros/jazzy
[0.210s] Level 1:colcon.colcon_core.package_discovery:discover_packages(prefix_path) using defaults
[0.266s] Level 5:colcon.colcon_core.verb:set package 'gearbox_sim' build argument 'cmake_args' from command line to 'None'
[0.267s] Level 5:colcon.colcon_core.verb:set package 'gearbox_sim' build argument 'cmake_target' from command line to 'None'
[0.267s] Level 5:colcon.colcon_core.verb:set package 'gearbox_sim' build argument 'cmake_target_skip_unavailable' from command line to 'False'
[0.267s] Level 5:colcon.colcon_core.verb:set package 'gearbox_sim' build argument 'cmake_clean_cache' from command line to 'False'
[0.267s] Level 5:colcon.colcon_core.verb:set package 'gearbox_sim' build argument 'cmake_clean_first' from command line to 'False'
[0.267s] Level 5:colcon.colcon_core.verb:set package 'gearbox_sim' build argument 'cmake_force_configure' from command line to 'False'
[0.267s] Level 5:colcon.colcon_core.verb:set package 'gearbox_sim' build argument 'ament_cmake_args' from command line to 'None'
[0.267s] Level 5:colcon.colcon_core.verb:set package 'gearbox_sim' build argument 'catkin_cmake_args' from command line to 'None'
[0.267s] Level 5:colcon.colcon_core.verb:set package 'gearbox_sim' build argument 'catkin_skip_building_tests' from command line to 'False'
[0.267s] DEBUG:colcon.colcon_core.verb:Building package 'gearbox_sim' with the following arguments: {'ament_cmake_args': None, 'build_base': '/home/dark/ros2_ws/build/gearbox_sim', 'catkin_cmake_args': None, 'catkin_skip_building_tests': False, 'cmake_args': None, 'cmake_clean_cache': False, 'cmake_clean_first': False, 'cmake_force_configure': False, 'cmake_target': None, 'cmake_target_skip_unavailable': False, 'install_base': '/home/dark/ros2_ws/install/gearbox_sim', 'merge_install': False, 'path': '/home/dark/ros2_ws/src/gearbox_sim', 'symlink_install': False, 'test_result_base': None}
[0.267s] INFO:colcon.colcon_core.executor:Executing jobs using 'parallel' executor
[0.268s] DEBUG:colcon.colcon_parallel_executor.executor.parallel:run_until_complete
[0.268s] INFO:colcon.colcon_ros.task.ament_cmake.build:Building ROS package in '/home/dark/ros2_ws/src/gearbox_sim' with build type 'ament_cmake'
[0.268s] INFO:colcon.colcon_cmake.task.cmake.build:Building CMake package in '/home/dark/ros2_ws/src/gearbox_sim'
[0.270s] INFO:colcon.colcon_core.plugin_system:Skipping extension 'colcon_core.shell.bat': Not used on non-Windows systems
[0.270s] INFO:colcon.colcon_core.shell:Skip shell extension 'powershell' for command environment: Not usable outside of PowerShell
[0.270s] DEBUG:colcon.colcon_core.shell:Skip shell extension 'dsv' for command environment
[0.281s] DEBUG:colcon.colcon_core.event_handler.log_command:Invoking command in '/home/dark/ros2_ws/build/gearbox_sim': CMAKE_PREFIX_PATH=${CMAKE_PREFIX_PATH}:/opt/ros/jazzy DEBUGINFOD_URLS=https://debuginfod.ubuntu.com /usr/bin/cmake --build /home/dark/ros2_ws/build/gearbox_sim -- -j8 -l8
[0.774s] DEBUG:colcon.colcon_core.event_handler.log_command:Invoked command in '/home/dark/ros2_ws/build/gearbox_sim' returned '0': CMAKE_PREFIX_PATH=${CMAKE_PREFIX_PATH}:/opt/ros/jazzy DEBUGINFOD_URLS=https://debuginfod.ubuntu.com /usr/bin/cmake --build /home/dark/ros2_ws/build/gearbox_sim -- -j8 -l8
[0.784s] DEBUG:colcon.colcon_core.event_handler.log_command:Invoking command in '/home/dark/ros2_ws/build/gearbox_sim': CMAKE_PREFIX_PATH=${CMAKE_PREFIX_PATH}:/opt/ros/jazzy DEBUGINFOD_URLS=https://debuginfod.ubuntu.com /usr/bin/cmake --install /home/dark/ros2_ws/build/gearbox_sim
[0.904s] Level 1:colcon.colcon_core.environment:create_environment_scripts_only(gearbox_sim)
[0.907s] Level 1:colcon.colcon_core.environment:checking '/home/dark/ros2_ws/install/gearbox_sim' for CMake module files
[0.908s] DEBUG:colcon.colcon_core.event_handler.log_command:Invoked command in '/home/dark/ros2_ws/build/gearbox_sim' returned '0': CMAKE_PREFIX_PATH=${CMAKE_PREFIX_PATH}:/opt/ros/jazzy DEBUGINFOD_URLS=https://debuginfod.ubuntu.com /usr/bin/cmake --install /home/dark/ros2_ws/build/gearbox_sim
[0.912s] Level 1:colcon.colcon_core.environment:checking '/home/dark/ros2_ws/install/gearbox_sim' for CMake config files
[0.916s] Level 1:colcon.colcon_core.shell:create_environment_hook('gearbox_sim', 'cmake_prefix_path')
[0.916s] INFO:colcon.colcon_core.shell:Creating environment hook '/home/dark/ros2_ws/install/gearbox_sim/share/gearbox_sim/hook/cmake_prefix_path.ps1'
[0.917s] INFO:colcon.colcon_core.shell:Creating environment descriptor '/home/dark/ros2_ws/install/gearbox_sim/share/gearbox_sim/hook/cmake_prefix_path.dsv'
[0.917s] INFO:colcon.colcon_core.shell:Creating environment hook '/home/dark/ros2_ws/install/gearbox_sim/share/gearbox_sim/hook/cmake_prefix_path.sh'
[0.918s] Level 1:colcon.colcon_core.environment:checking '/home/dark/ros2_ws/install/gearbox_sim/lib'
[0.919s] Level 1:colcon.colcon_core.shell:create_environment_hook('gearbox_sim', 'ld_library_path_lib')
[0.919s] INFO:colcon.colcon_core.shell:Creating environment hook '/home/dark/ros2_ws/install/gearbox_sim/share/gearbox_sim/hook/ld_library_path_lib.ps1'
[0.919s] INFO:colcon.colcon_core.shell:Creating environment descriptor '/home/dark/ros2_ws/install/gearbox_sim/share/gearbox_sim/hook/ld_library_path_lib.dsv'
[0.920s] INFO:colcon.colcon_core.shell:Creating environment hook '/home/dark/ros2_ws/install/gearbox_sim/share/gearbox_sim/hook/ld_library_path_lib.sh'
[0.920s] Level 1:colcon.colcon_core.environment:checking '/home/dark/ros2_ws/install/gearbox_sim/bin'
[0.920s] Level 1:colcon.colcon_core.environment:checking '/home/dark/ros2_ws/install/gearbox_sim/lib/pkgconfig/gearbox_sim.pc'
[0.920s] Level 1:colcon.colcon_core.environment:checking '/home/dark/ros2_ws/install/gearbox_sim/lib/python3.12/site-packages'
[0.921s] Level 1:colcon.colcon_core.shell:create_environment_hook('gearbox_sim', 'pythonpath')
[0.921s] INFO:colcon.colcon_core.shell:Creating environment hook '/home/dark/ros2_ws/install/gearbox_sim/share/gearbox_sim/hook/pythonpath.ps1'
[0.921s] INFO:colcon.colcon_core.shell:Creating environment descriptor '/home/dark/ros2_ws/install/gearbox_sim/share/gearbox_sim/hook/pythonpath.dsv'
[0.922s] INFO:colcon.colcon_core.shell:Creating environment hook '/home/dark/ros2_ws/install/gearbox_sim/share/gearbox_sim/hook/pythonpath.sh'
[0.923s] Level 1:colcon.colcon_core.environment:checking '/home/dark/ros2_ws/install/gearbox_sim/bin'
[0.923s] INFO:colcon.colcon_core.shell:Creating package script '/home/dark/ros2_ws/install/gearbox_sim/share/gearbox_sim/package.ps1'
[0.925s] INFO:colcon.colcon_core.shell:Creating package descriptor '/home/dark/ros2_ws/install/gearbox_sim/share/gearbox_sim/package.dsv'
[0.926s] INFO:colcon.colcon_core.shell:Creating package script '/home/dark/ros2_ws/install/gearbox_sim/share/gearbox_sim/package.sh'
[0.927s] INFO:colcon.colcon_core.shell:Creating package script '/home/dark/ros2_ws/install/gearbox_sim/share/gearbox_sim/package.bash'
[0.928s] INFO:colcon.colcon_core.shell:Creating package script '/home/dark/ros2_ws/install/gearbox_sim/share/gearbox_sim/package.zsh'
[0.929s] Level 1:colcon.colcon_core.environment:create_file_with_runtime_dependencies(/home/dark/ros2_ws/install/gearbox_sim/share/colcon-core/packages/gearbox_sim)
[0.929s] Level 1:colcon.colcon_core.environment:create_environment_scripts_only(gearbox_sim)
[0.930s] Level 1:colcon.colcon_core.environment:checking '/home/dark/ros2_ws/install/gearbox_sim' for CMake module files
[0.931s] Level 1:colcon.colcon_core.environment:checking '/home/dark/ros2_ws/install/gearbox_sim' for CMake config files
[0.932s] Level 1:colcon.colcon_core.shell:create_environment_hook('gearbox_sim', 'cmake_prefix_path')
[0.932s] INFO:colcon.colcon_core.shell:Creating environment hook '/home/dark/ros2_ws/install/gearbox_sim/share/gearbox_sim/hook/cmake_prefix_path.ps1'
[0.933s] INFO:colcon.colcon_core.shell:Creating environment descriptor '/home/dark/ros2_ws/install/gearbox_sim/share/gearbox_sim/hook/cmake_prefix_path.dsv'
[0.933s] INFO:colcon.colcon_core.shell:Creating environment hook '/home/dark/ros2_ws/install/gearbox_sim/share/gearbox_sim/hook/cmake_prefix_path.sh'
[0.934s] Level 1:colcon.colcon_core.environment:checking '/home/dark/ros2_ws/install/gearbox_sim/lib'
[0.934s] Level 1:colcon.colcon_core.shell:create_environment_hook('gearbox_sim', 'ld_library_path_lib')
[0.934s] INFO:colcon.colcon_core.shell:Creating environment hook '/home/dark/ros2_ws/install/gearbox_sim/share/gearbox_sim/hook/ld_library_path_lib.ps1'
[0.935s] INFO:colcon.colcon_core.shell:Creating environment descriptor '/home/dark/ros2_ws/install/gearbox_sim/share/gearbox_sim/hook/ld_library_path_lib.dsv'
[0.935s] INFO:colcon.colcon_core.shell:Creating environment hook '/home/dark/ros2_ws/install/gearbox_sim/share/gearbox_sim/hook/ld_library_path_lib.sh'
[0.936s] Level 1:colcon.colcon_core.environment:checking '/home/dark/ros2_ws/install/gearbox_sim/bin'
[0.936s] Level 1:colcon.colcon_core.environment:checking '/home/dark/ros2_ws/install/gearbox_sim/lib/pkgconfig/gearbox_sim.pc'
[0.936s] Level 1:colcon.colcon_core.environment:checking '/home/dark/ros2_ws/install/gearbox_sim/lib/python3.12/site-packages'
[0.936s] Level 1:colcon.colcon_core.shell:create_environment_hook('gearbox_sim', 'pythonpath')
[0.936s] INFO:colcon.colcon_core.shell:Creating environment hook '/home/dark/ros2_ws/install/gearbox_sim/share/gearbox_sim/hook/pythonpath.ps1'
[0.937s] INFO:colcon.colcon_core.shell:Creating environment descriptor '/home/dark/ros2_ws/install/gearbox_sim/share/gearbox_sim/hook/pythonpath.dsv'
[0.937s] INFO:colcon.colcon_core.shell:Creating environment hook '/home/dark/ros2_ws/install/gearbox_sim/share/gearbox_sim/hook/pythonpath.sh'
[0.938s] Level 1:colcon.colcon_core.environment:checking '/home/dark/ros2_ws/install/gearbox_sim/bin'
[0.938s] INFO:colcon.colcon_core.shell:Creating package script '/home/dark/ros2_ws/install/gearbox_sim/share/gearbox_sim/package.ps1'
[0.939s] INFO:colcon.colcon_core.shell:Creating package descriptor '/home/dark/ros2_ws/install/gearbox_sim/share/gearbox_sim/package.dsv'
[0.940s] INFO:colcon.colcon_core.shell:Creating package script '/home/dark/ros2_ws/install/gearbox_sim/share/gearbox_sim/package.sh'
[0.941s] INFO:colcon.colcon_core.shell:Creating package script '/home/dark/ros2_ws/install/gearbox_sim/share/gearbox_sim/package.bash'
[0.941s] INFO:colcon.colcon_core.shell:Creating package script '/home/dark/ros2_ws/install/gearbox_sim/share/gearbox_sim/package.zsh'
[0.941s] Level 1:colcon.colcon_core.environment:create_file_with_runtime_dependencies(/home/dark/ros2_ws/install/gearbox_sim/share/colcon-core/packages/gearbox_sim)
[0.942s] DEBUG:colcon.colcon_parallel_executor.executor.parallel:closing loop
[0.942s] DEBUG:colcon.colcon_parallel_executor.executor.parallel:loop closed
[0.942s] DEBUG:colcon.colcon_parallel_executor.executor.parallel:run_until_complete finished with '0'
[0.942s] DEBUG:colcon.colcon_core.event_reactor:joining thread
[0.948s] INFO:colcon.colcon_core.plugin_system:Skipping extension 'colcon_notification.desktop_notification.terminal_notifier': Not used on non-Darwin systems
[0.948s] INFO:colcon.colcon_core.plugin_system:Skipping extension 'colcon_notification.desktop_notification.win32': Not used on non-Windows systems
[0.948s] INFO:colcon.colcon_notification.desktop_notification:Sending desktop notification using 'notify2'
[0.958s] DEBUG:colcon.colcon_core.event_reactor:joined thread
[0.959s] INFO:colcon.colcon_core.shell:Creating prefix script '/home/dark/ros2_ws/install/local_setup.ps1'
[0.960s] INFO:colcon.colcon_core.shell:Creating prefix util module '/home/dark/ros2_ws/install/_local_setup_util_ps1.py'
[0.961s] INFO:colcon.colcon_core.shell:Creating prefix chain script '/home/dark/ros2_ws/install/setup.ps1'
[0.962s] INFO:colcon.colcon_core.shell:Creating prefix script '/home/dark/ros2_ws/install/local_setup.sh'
[0.963s] INFO:colcon.colcon_core.shell:Creating prefix util module '/home/dark/ros2_ws/install/_local_setup_util_sh.py'
[0.963s] INFO:colcon.colcon_core.shell:Creating prefix chain script '/home/dark/ros2_ws/install/setup.sh'
[0.964s] INFO:colcon.colcon_core.shell:Creating prefix script '/home/dark/ros2_ws/install/local_setup.bash'
[0.965s] INFO:colcon.colcon_core.shell:Creating prefix chain script '/home/dark/ros2_ws/install/setup.bash'
[0.966s] INFO:colcon.colcon_core.shell:Creating prefix script '/home/dark/ros2_ws/install/local_setup.zsh'
[0.966s] INFO:colcon.colcon_core.shell:Creating prefix chain script '/home/dark/ros2_ws/install/setup.zsh'
