[0.014s] Invoking command in '/home/dark/ros2_ws/build/gearbox_sim': CMAKE_PREFIX_PATH=${CMAKE_PREFIX_PATH}:/opt/ros/jazzy DEBUGINFOD_URLS=https://debuginfod.ubuntu.com /usr/bin/cmake --build /home/dark/ros2_ws/build/gearbox_sim -- -j8 -l8
[0.042s] -- Found ament_cmake: 2.5.6 (/opt/ros/jazzy/share/ament_cmake/cmake)
[0.159s] -- Override CMake install command with custom implementation using symlinks instead of copying resources
[0.167s] -- Found rosidl_default_generators: 1.6.0 (/opt/ros/jazzy/share/rosidl_default_generators/cmake)
[0.169s] -- Using all available rosidl_typesupport_c: rosidl_typesupport_fastrtps_c;rosidl_typesupport_introspection_c
[0.214s] -- Using all available rosidl_typesupport_cpp: rosidl_typesupport_fastrtps_cpp;rosidl_typesupport_introspection_cpp
[0.256s] -- Found rosidl_adapter: 4.6.7 (/opt/ros/jazzy/share/rosidl_adapter/cmake)
[0.651s] -- Found ament_cmake_ros: 0.12.0 (/opt/ros/jazzy/share/ament_cmake_ros/cmake)
[0.765s] -- Using all available rosidl_typesupport_c: rosidl_typesupport_fastrtps_c;rosidl_typesupport_introspection_c
[0.899s] -- Using all available rosidl_typesupport_cpp: rosidl_typesupport_fastrtps_cpp;rosidl_typesupport_introspection_cpp
[0.901s] -- Found python_cmake_module: 0.11.1 (/opt/ros/jazzy/share/python_cmake_module/cmake)
[1.201s] -- Found Python3: /usr/bin/python3 (found version "3.12.3") found components: Interpreter Development NumPy Development.Module Development.Embed 
[1.260s] -- Found Python3: /usr/bin/python3 (found version "3.12.3") found components: Interpreter 
[1.274s] -- Configuring done (1.2s)
[1.325s] -- Generating done (0.0s)
[1.342s] -- Build files have been written to: /home/dark/ros2_ws/build/gearbox_sim
[1.387s] [  2%] Built target gearbox_sim__rosidl_generator_type_description
[1.391s] [  4%] Built target gearbox_sim__rs
[1.397s] [  4%] Built target ament_cmake_python_symlink_gearbox_sim
[1.414s] [  6%] Built target gearbox_sim__cpp
[1.420s] [ 24%] Built target gearbox_sim__rosidl_generator_c
[1.456s] [ 33%] Built target gearbox_sim__rosidl_typesupport_introspection_c
[1.465s] [ 42%] Built target gearbox_sim__rosidl_typesupport_fastrtps_cpp
[1.475s] [ 51%] Built target gearbox_sim__rosidl_typesupport_fastrtps_c
[1.478s] [ 60%] Built target gearbox_sim__rosidl_typesupport_introspection_cpp
[1.481s] [ 68%] Built target gearbox_sim__rosidl_typesupport_c
[1.482s] [ 77%] Built target gearbox_sim__rosidl_typesupport_cpp
[1.506s] [ 77%] Built target gearbox_sim
[1.531s] [ 80%] Built target gearbox_sim__py
[1.561s] [ 86%] Built target gearbox_sim__rosidl_generator_py
[1.592s] [ 91%] Built target gearbox_sim_s__rosidl_typesupport_introspection_c
[1.594s] [ 95%] Built target gearbox_sim_s__rosidl_typesupport_c
[1.598s] [100%] Built target gearbox_sim_s__rosidl_typesupport_fastrtps_c
[1.710s] running egg_info
[1.731s] writing gearbox_sim.egg-info/PKG-INFO
[1.731s] writing dependency_links to gearbox_sim.egg-info/dependency_links.txt
[1.731s] writing top-level names to gearbox_sim.egg-info/top_level.txt
[1.800s] reading manifest file 'gearbox_sim.egg-info/SOURCES.txt'
[1.801s] writing manifest file 'gearbox_sim.egg-info/SOURCES.txt'
[1.831s] [100%] Built target ament_cmake_python_build_gearbox_sim_egg
[1.843s] Invoked command in '/home/dark/ros2_ws/build/gearbox_sim' returned '0': CMAKE_PREFIX_PATH=${CMAKE_PREFIX_PATH}:/opt/ros/jazzy DEBUGINFOD_URLS=https://debuginfod.ubuntu.com /usr/bin/cmake --build /home/dark/ros2_ws/build/gearbox_sim -- -j8 -l8
[1.853s] Invoking command in '/home/dark/ros2_ws/build/gearbox_sim': CMAKE_PREFIX_PATH=${CMAKE_PREFIX_PATH}:/opt/ros/jazzy DEBUGINFOD_URLS=https://debuginfod.ubuntu.com /usr/bin/cmake --install /home/dark/ros2_ws/build/gearbox_sim
[1.861s] -- Install configuration: ""
[1.862s] -- Execute custom install script
[1.862s] -- Up-to-date symlink: /home/dark/ros2_ws/install/gearbox_sim/share/ament_index/resource_index/rosidl_interfaces/gearbox_sim
[1.862s] -- Up-to-date symlink: /home/dark/ros2_ws/install/gearbox_sim/share/gearbox_sim/action/RunScrewdriver.json
[1.862s] -- Up-to-date symlink: /home/dark/ros2_ws/install/gearbox_sim/share/gearbox_sim/srv/RunPressCycle.json
[1.863s] -- Up-to-date symlink: /home/dark/ros2_ws/install/gearbox_sim/include/gearbox_sim/gearbox_sim/action/detail/run_screwdriver__functions.h
[1.863s] -- Up-to-date symlink: /home/dark/ros2_ws/install/gearbox_sim/include/gearbox_sim/gearbox_sim/action/detail/run_screwdriver__struct.h
[1.863s] -- Up-to-date symlink: /home/dark/ros2_ws/install/gearbox_sim/include/gearbox_sim/gearbox_sim/action/detail/run_screwdriver__type_support.h
[1.864s] -- Up-to-date symlink: /home/dark/ros2_ws/install/gearbox_sim/include/gearbox_sim/gearbox_sim/action/run_screwdriver.h
[1.864s] -- Up-to-date symlink: /home/dark/ros2_ws/install/gearbox_sim/include/gearbox_sim/gearbox_sim/msg/rosidl_generator_c__visibility_control.h
[1.864s] -- Up-to-date symlink: /home/dark/ros2_ws/install/gearbox_sim/include/gearbox_sim/gearbox_sim/srv/detail/run_press_cycle__functions.h
[1.864s] -- Up-to-date symlink: /home/dark/ros2_ws/install/gearbox_sim/include/gearbox_sim/gearbox_sim/srv/detail/run_press_cycle__struct.h
[1.864s] -- Up-to-date symlink: /home/dark/ros2_ws/install/gearbox_sim/include/gearbox_sim/gearbox_sim/srv/detail/run_press_cycle__type_support.h
[1.864s] -- Up-to-date symlink: /home/dark/ros2_ws/install/gearbox_sim/include/gearbox_sim/gearbox_sim/srv/run_press_cycle.h
[1.865s] -- Up-to-date symlink: /home/dark/ros2_ws/install/gearbox_sim/share/gearbox_sim/environment/library_path.sh
[1.865s] -- Up-to-date symlink: /home/dark/ros2_ws/install/gearbox_sim/share/gearbox_sim/environment/library_path.dsv
[1.866s] -- Up-to-date symlink: /home/dark/ros2_ws/install/gearbox_sim/include/gearbox_sim/gearbox_sim/action/detail/run_screwdriver__rosidl_typesupport_fastrtps_c.h
[1.866s] -- Up-to-date symlink: /home/dark/ros2_ws/install/gearbox_sim/include/gearbox_sim/gearbox_sim/msg/rosidl_typesupport_fastrtps_c__visibility_control.h
[1.866s] -- Up-to-date symlink: /home/dark/ros2_ws/install/gearbox_sim/include/gearbox_sim/gearbox_sim/srv/detail/run_press_cycle__rosidl_typesupport_fastrtps_c.h
[1.866s] -- Up-to-date symlink: /home/dark/ros2_ws/install/gearbox_sim/include/gearbox_sim/gearbox_sim/action/detail/run_screwdriver__rosidl_typesupport_introspection_c.h
[1.867s] -- Up-to-date symlink: /home/dark/ros2_ws/install/gearbox_sim/include/gearbox_sim/gearbox_sim/msg/rosidl_typesupport_introspection_c__visibility_control.h
[1.867s] -- Up-to-date symlink: /home/dark/ros2_ws/install/gearbox_sim/include/gearbox_sim/gearbox_sim/srv/detail/run_press_cycle__rosidl_typesupport_introspection_c.h
[1.867s] -- Up-to-date symlink: /home/dark/ros2_ws/install/gearbox_sim/include/gearbox_sim/gearbox_sim/action/detail/run_screwdriver__builder.hpp
[1.868s] -- Up-to-date symlink: /home/dark/ros2_ws/install/gearbox_sim/include/gearbox_sim/gearbox_sim/action/detail/run_screwdriver__struct.hpp
[1.868s] -- Up-to-date symlink: /home/dark/ros2_ws/install/gearbox_sim/include/gearbox_sim/gearbox_sim/action/detail/run_screwdriver__traits.hpp
[1.868s] -- Up-to-date symlink: /home/dark/ros2_ws/install/gearbox_sim/include/gearbox_sim/gearbox_sim/action/detail/run_screwdriver__type_support.hpp
[1.868s] -- Up-to-date symlink: /home/dark/ros2_ws/install/gearbox_sim/include/gearbox_sim/gearbox_sim/action/run_screwdriver.hpp
[1.868s] -- Up-to-date symlink: /home/dark/ros2_ws/install/gearbox_sim/include/gearbox_sim/gearbox_sim/msg/rosidl_generator_cpp__visibility_control.hpp
[1.868s] -- Up-to-date symlink: /home/dark/ros2_ws/install/gearbox_sim/include/gearbox_sim/gearbox_sim/srv/detail/run_press_cycle__builder.hpp
[1.870s] -- Up-to-date symlink: /home/dark/ros2_ws/install/gearbox_sim/include/gearbox_sim/gearbox_sim/srv/detail/run_press_cycle__struct.hpp
[1.870s] -- Up-to-date symlink: /home/dark/ros2_ws/install/gearbox_sim/include/gearbox_sim/gearbox_sim/srv/detail/run_press_cycle__traits.hpp
[1.870s] -- Up-to-date symlink: /home/dark/ros2_ws/install/gearbox_sim/include/gearbox_sim/gearbox_sim/srv/detail/run_press_cycle__type_support.hpp
[1.870s] -- Up-to-date symlink: /home/dark/ros2_ws/install/gearbox_sim/include/gearbox_sim/gearbox_sim/srv/run_press_cycle.hpp
[1.870s] -- Up-to-date symlink: /home/dark/ros2_ws/install/gearbox_sim/include/gearbox_sim/gearbox_sim/action/detail/run_screwdriver__rosidl_typesupport_fastrtps_cpp.hpp
[1.871s] -- Up-to-date symlink: /home/dark/ros2_ws/install/gearbox_sim/include/gearbox_sim/gearbox_sim/msg/rosidl_typesupport_fastrtps_cpp__visibility_control.h
[1.871s] -- Up-to-date symlink: /home/dark/ros2_ws/install/gearbox_sim/include/gearbox_sim/gearbox_sim/srv/detail/run_press_cycle__rosidl_typesupport_fastrtps_cpp.hpp
[1.871s] -- Up-to-date symlink: /home/dark/ros2_ws/install/gearbox_sim/include/gearbox_sim/gearbox_sim/action/detail/run_screwdriver__rosidl_typesupport_introspection_cpp.hpp
[1.871s] -- Up-to-date symlink: /home/dark/ros2_ws/install/gearbox_sim/include/gearbox_sim/gearbox_sim/srv/detail/run_press_cycle__rosidl_typesupport_introspection_cpp.hpp
[1.872s] -- Up-to-date symlink: /home/dark/ros2_ws/install/gearbox_sim/share/gearbox_sim/environment/pythonpath.sh
[1.872s] -- Up-to-date symlink: /home/dark/ros2_ws/install/gearbox_sim/share/gearbox_sim/environment/pythonpath.dsv
[1.872s] -- Up-to-date symlink: /home/dark/ros2_ws/install/gearbox_sim/lib/python3.12/site-packages/gearbox_sim-0.0.0-py3.12.egg-info/PKG-INFO
[1.873s] -- Up-to-date symlink: /home/dark/ros2_ws/install/gearbox_sim/lib/python3.12/site-packages/gearbox_sim-0.0.0-py3.12.egg-info/SOURCES.txt
[1.873s] -- Up-to-date symlink: /home/dark/ros2_ws/install/gearbox_sim/lib/python3.12/site-packages/gearbox_sim-0.0.0-py3.12.egg-info/dependency_links.txt
[1.873s] -- Up-to-date symlink: /home/dark/ros2_ws/install/gearbox_sim/lib/python3.12/site-packages/gearbox_sim-0.0.0-py3.12.egg-info/top_level.txt
[1.874s] -- Up-to-date symlink: /home/dark/ros2_ws/install/gearbox_sim/lib/python3.12/site-packages/gearbox_sim/__init__.py
[1.874s] -- Up-to-date symlink: /home/dark/ros2_ws/install/gearbox_sim/lib/python3.12/site-packages/gearbox_sim/_gearbox_sim_s.ep.rosidl_typesupport_c.c
[1.874s] -- Up-to-date symlink: /home/dark/ros2_ws/install/gearbox_sim/lib/python3.12/site-packages/gearbox_sim/_gearbox_sim_s.ep.rosidl_typesupport_fastrtps_c.c
[1.874s] -- Up-to-date symlink: /home/dark/ros2_ws/install/gearbox_sim/lib/python3.12/site-packages/gearbox_sim/_gearbox_sim_s.ep.rosidl_typesupport_introspection_c.c
[1.874s] -- Up-to-date symlink: /home/dark/ros2_ws/install/gearbox_sim/lib/python3.12/site-packages/gearbox_sim/action/__init__.py
[1.875s] -- Up-to-date symlink: /home/dark/ros2_ws/install/gearbox_sim/lib/python3.12/site-packages/gearbox_sim/action/_run_screwdriver.py
[1.875s] -- Up-to-date symlink: /home/dark/ros2_ws/install/gearbox_sim/lib/python3.12/site-packages/gearbox_sim/action/_run_screwdriver_s.c
[1.875s] -- Up-to-date symlink: /home/dark/ros2_ws/install/gearbox_sim/lib/python3.12/site-packages/gearbox_sim/gearbox_sim_s__rosidl_typesupport_c.so
[1.875s] -- Up-to-date symlink: /home/dark/ros2_ws/install/gearbox_sim/lib/python3.12/site-packages/gearbox_sim/gearbox_sim_s__rosidl_typesupport_fastrtps_c.so
[1.875s] -- Up-to-date symlink: /home/dark/ros2_ws/install/gearbox_sim/lib/python3.12/site-packages/gearbox_sim/gearbox_sim_s__rosidl_typesupport_introspection_c.so
[1.875s] -- Up-to-date symlink: /home/dark/ros2_ws/install/gearbox_sim/lib/python3.12/site-packages/gearbox_sim/srv/__init__.py
[1.875s] -- Up-to-date symlink: /home/dark/ros2_ws/install/gearbox_sim/lib/python3.12/site-packages/gearbox_sim/srv/_run_press_cycle.py
[1.876s] -- Up-to-date symlink: /home/dark/ros2_ws/install/gearbox_sim/lib/python3.12/site-packages/gearbox_sim/srv/_run_press_cycle_s.c
[1.876s] -- Up-to-date symlink: /home/dark/ros2_ws/install/gearbox_sim/lib/python3.12/site-packages/gearbox_sim/gearbox_sim_s__rosidl_typesupport_fastrtps_c.so
[1.876s] -- Up-to-date symlink: /home/dark/ros2_ws/install/gearbox_sim/lib/python3.12/site-packages/gearbox_sim/gearbox_sim_s__rosidl_typesupport_introspection_c.so
[1.877s] -- Up-to-date symlink: /home/dark/ros2_ws/install/gearbox_sim/lib/python3.12/site-packages/gearbox_sim/gearbox_sim_s__rosidl_typesupport_c.so
[1.877s] -- Up-to-date symlink: /home/dark/ros2_ws/install/gearbox_sim/share/ament_index/resource_index/rust_packages/gearbox_sim
[1.877s] -- Up-to-date symlink: /home/dark/ros2_ws/install/gearbox_sim/share/gearbox_sim/rust/Cargo.toml
[1.878s] -- Up-to-date symlink: /home/dark/ros2_ws/install/gearbox_sim/share/gearbox_sim/rust/build.rs
[1.878s] -- Up-to-date symlink: /home/dark/ros2_ws/install/gearbox_sim/share/gearbox_sim/rust/src/action.rs
[1.878s] -- Up-to-date symlink: /home/dark/ros2_ws/install/gearbox_sim/share/gearbox_sim/rust/src/action/rmw.rs
[1.878s] -- Up-to-date symlink: /home/dark/ros2_ws/install/gearbox_sim/share/gearbox_sim/rust/src/lib.rs
[1.878s] -- Up-to-date symlink: /home/dark/ros2_ws/install/gearbox_sim/share/gearbox_sim/rust/src/srv.rs
[1.878s] -- Up-to-date symlink: /home/dark/ros2_ws/install/gearbox_sim/share/gearbox_sim/rust/src/srv/rmw.rs
[1.879s] -- Up-to-date symlink: /home/dark/ros2_ws/install/gearbox_sim/share/gearbox_sim/action/RunScrewdriver.idl
[1.879s] -- Up-to-date symlink: /home/dark/ros2_ws/install/gearbox_sim/share/gearbox_sim/srv/RunPressCycle.idl
[1.879s] -- Up-to-date symlink: /home/dark/ros2_ws/install/gearbox_sim/share/gearbox_sim/action/RunScrewdriver.action
[1.879s] -- Up-to-date symlink: /home/dark/ros2_ws/install/gearbox_sim/share/gearbox_sim/srv/RunPressCycle.srv
[1.879s] -- Up-to-date symlink: /home/dark/ros2_ws/install/gearbox_sim/share/gearbox_sim/config/assembly_cell.yaml
[1.879s] -- Up-to-date symlink: /home/dark/ros2_ws/install/gearbox_sim/share/gearbox_sim/config/gearbox_animator.rviz
[1.879s] -- Up-to-date symlink: /home/dark/ros2_ws/install/gearbox_sim/share/gearbox_sim/config/ros_gz_bridge.yaml
[1.880s] -- Up-to-date symlink: /home/dark/ros2_ws/install/gearbox_sim/share/gearbox_sim/launch/__pycache__/gearbox_animator.launch.cpython-312.pyc
[1.880s] -- Up-to-date symlink: /home/dark/ros2_ws/install/gearbox_sim/share/gearbox_sim/launch/__pycache__/sim_assembly.launch.cpython-312.pyc
[1.880s] -- Up-to-date symlink: /home/dark/ros2_ws/install/gearbox_sim/share/gearbox_sim/launch/assembly_cell.launch.py
[1.880s] -- Up-to-date symlink: /home/dark/ros2_ws/install/gearbox_sim/share/gearbox_sim/launch/gearbox_animator.launch.py
[1.880s] -- Up-to-date symlink: /home/dark/ros2_ws/install/gearbox_sim/share/gearbox_sim/launch/sim_assembly.launch.py
[1.880s] -- Up-to-date symlink: /home/dark/ros2_ws/install/gearbox_sim/share/gearbox_sim/meshes/carrier.STL
[1.881s] -- Up-to-date symlink: /home/dark/ros2_ws/install/gearbox_sim/share/gearbox_sim/meshes/nema17/Back_box.STL
[1.881s] -- Up-to-date symlink: /home/dark/ros2_ws/install/gearbox_sim/share/gearbox_sim/meshes/nema17/Front_box.STL
[1.881s] -- Up-to-date symlink: /home/dark/ros2_ws/install/gearbox_sim/share/gearbox_sim/meshes/nema17/Middle_box.STL
[1.881s] -- Up-to-date symlink: /home/dark/ros2_ws/install/gearbox_sim/share/gearbox_sim/meshes/nema17/Small_roller.STL
[1.882s] -- Up-to-date symlink: /home/dark/ros2_ws/install/gearbox_sim/share/gearbox_sim/meshes/nema17/Spur_gear.STL
[1.882s] -- Up-to-date symlink: /home/dark/ros2_ws/install/gearbox_sim/share/gearbox_sim/meshes/nema17/Sun_gear.STL
[1.882s] -- Up-to-date symlink: /home/dark/ros2_ws/install/gearbox_sim/share/gearbox_sim/meshes/nema17/Untitled 2.JPG
[1.882s] -- Up-to-date symlink: /home/dark/ros2_ws/install/gearbox_sim/share/gearbox_sim/meshes/nema17/Untitled 3.JPG
[1.882s] -- Up-to-date symlink: /home/dark/ros2_ws/install/gearbox_sim/share/gearbox_sim/meshes/nema17/Untitled.JPG
[1.882s] -- Up-to-date symlink: /home/dark/ros2_ws/install/gearbox_sim/share/gearbox_sim/meshes/nema17/Vodilo.STL
[1.883s] -- Up-to-date symlink: /home/dark/ros2_ws/install/gearbox_sim/share/gearbox_sim/meshes/nema17/big_roller.STL
[1.883s] -- Up-to-date symlink: /home/dark/ros2_ws/install/gearbox_sim/share/gearbox_sim/meshes/nema17/hex_nut.STL
[1.883s] -- Up-to-date symlink: /home/dark/ros2_ws/install/gearbox_sim/share/gearbox_sim/meshes/nema17/satellite.STL
[1.883s] -- Up-to-date symlink: /home/dark/ros2_ws/install/gearbox_sim/share/gearbox_sim/meshes/nema17/screw.STL
[1.883s] -- Up-to-date symlink: /home/dark/ros2_ws/install/gearbox_sim/share/gearbox_sim/meshes/nema17/stop_ring.STL
[1.883s] -- Up-to-date symlink: /home/dark/ros2_ws/install/gearbox_sim/share/gearbox_sim/meshes/planet_gear.STL
[1.883s] -- Up-to-date symlink: /home/dark/ros2_ws/install/gearbox_sim/share/gearbox_sim/meshes/ring_gear.STL
[1.883s] -- Up-to-date symlink: /home/dark/ros2_ws/install/gearbox_sim/share/gearbox_sim/meshes/satellite.STL
[1.884s] -- Up-to-date symlink: /home/dark/ros2_ws/install/gearbox_sim/share/gearbox_sim/urdf/gearbox.urdf
[1.884s] -- Up-to-date symlink: /home/dark/ros2_ws/install/gearbox_sim/share/gearbox_sim/urdf/gearbox_gazebo.urdf.xacro
[1.884s] -- Up-to-date symlink: /home/dark/ros2_ws/install/gearbox_sim/share/gearbox_sim/urdf/include/nema17_parts.xacro
[1.884s] -- Up-to-date symlink: /home/dark/ros2_ws/install/gearbox_sim/share/gearbox_sim/urdf/include/workcell_macros.xacro
[1.884s] -- Up-to-date symlink: /home/dark/ros2_ws/install/gearbox_sim/share/gearbox_sim/urdf/main_scene.urdf.xacro
[1.884s] -- Up-to-date symlink: /home/dark/ros2_ws/install/gearbox_sim/share/gearbox_sim/urdf/ur5e_robotiq_ft.urdf.xacro
[1.885s] -- Up-to-date symlink: /home/dark/ros2_ws/install/gearbox_sim/share/gearbox_sim/worlds/assembly_cell.sdf
[1.885s] -- Up-to-date symlink: /home/dark/ros2_ws/install/gearbox_sim/share/gearbox_sim/worlds/assembly_scene.sdf
[1.885s] -- Up-to-date symlink: /home/dark/ros2_ws/install/gearbox_sim/share/gearbox_sim/worlds/assembly_scene_calibration.sdf
[1.885s] -- Up-to-date symlink: /home/dark/ros2_ws/install/gearbox_sim/lib/gearbox_sim/animator.py
[1.885s] -- Up-to-date symlink: /home/dark/ros2_ws/install/gearbox_sim/lib/gearbox_sim/assembly_demo.py
[1.885s] -- Symlinking: /home/dark/ros2_ws/install/gearbox_sim/lib/gearbox_sim/assembly_state_machine.py
[1.894s] -- Up-to-date symlink: /home/dark/ros2_ws/install/gearbox_sim/lib/gearbox_sim/get_joints.py
[1.895s] -- Up-to-date symlink: /home/dark/ros2_ws/install/gearbox_sim/lib/gearbox_sim/joint_gui_teleop.py
[1.895s] -- Symlinking: /home/dark/ros2_ws/install/gearbox_sim/lib/gearbox_sim/motion_planner.py
[1.903s] -- Symlinking: /home/dark/ros2_ws/install/gearbox_sim/lib/gearbox_sim/press_controller.py
[1.913s] -- Symlinking: /home/dark/ros2_ws/install/gearbox_sim/lib/gearbox_sim/screwdriver_server.py
[1.922s] -- Up-to-date symlink: /home/dark/ros2_ws/install/gearbox_sim/share/ament_index/resource_index/package_run_dependencies/gearbox_sim
[1.923s] -- Up-to-date symlink: /home/dark/ros2_ws/install/gearbox_sim/share/ament_index/resource_index/parent_prefix_path/gearbox_sim
[1.923s] -- Up-to-date symlink: /home/dark/ros2_ws/install/gearbox_sim/share/gearbox_sim/environment/ament_prefix_path.sh
[1.923s] -- Up-to-date symlink: /home/dark/ros2_ws/install/gearbox_sim/share/gearbox_sim/environment/ament_prefix_path.dsv
[1.923s] -- Up-to-date symlink: /home/dark/ros2_ws/install/gearbox_sim/share/gearbox_sim/environment/path.sh
[1.923s] -- Up-to-date symlink: /home/dark/ros2_ws/install/gearbox_sim/share/gearbox_sim/environment/path.dsv
[1.924s] -- Up-to-date symlink: /home/dark/ros2_ws/install/gearbox_sim/share/gearbox_sim/local_setup.bash
[1.924s] -- Up-to-date symlink: /home/dark/ros2_ws/install/gearbox_sim/share/gearbox_sim/local_setup.sh
[1.924s] -- Up-to-date symlink: /home/dark/ros2_ws/install/gearbox_sim/share/gearbox_sim/local_setup.zsh
[1.924s] -- Up-to-date symlink: /home/dark/ros2_ws/install/gearbox_sim/share/gearbox_sim/local_setup.dsv
[1.925s] -- Symlinking: /home/dark/ros2_ws/install/gearbox_sim/share/gearbox_sim/package.dsv
[1.934s] -- Up-to-date symlink: /home/dark/ros2_ws/install/gearbox_sim/share/ament_index/resource_index/packages/gearbox_sim
[1.934s] -- Up-to-date symlink: /home/dark/ros2_ws/install/gearbox_sim/share/gearbox_sim/cmake/rosidl_cmake-extras.cmake
[1.934s] -- Up-to-date symlink: /home/dark/ros2_ws/install/gearbox_sim/share/gearbox_sim/cmake/ament_cmake_export_dependencies-extras.cmake
[1.934s] -- Up-to-date symlink: /home/dark/ros2_ws/install/gearbox_sim/share/gearbox_sim/cmake/ament_cmake_export_include_directories-extras.cmake
[1.934s] -- Up-to-date symlink: /home/dark/ros2_ws/install/gearbox_sim/share/gearbox_sim/cmake/ament_cmake_export_libraries-extras.cmake
[1.935s] -- Up-to-date symlink: /home/dark/ros2_ws/install/gearbox_sim/share/gearbox_sim/cmake/ament_cmake_export_targets-extras.cmake
[1.935s] -- Up-to-date symlink: /home/dark/ros2_ws/install/gearbox_sim/share/gearbox_sim/cmake/rosidl_cmake_export_typesupport_targets-extras.cmake
[1.935s] -- Up-to-date symlink: /home/dark/ros2_ws/install/gearbox_sim/share/gearbox_sim/cmake/rosidl_cmake_export_typesupport_libraries-extras.cmake
[1.935s] -- Up-to-date symlink: /home/dark/ros2_ws/install/gearbox_sim/share/gearbox_sim/cmake/gearbox_simConfig.cmake
[1.935s] -- Up-to-date symlink: /home/dark/ros2_ws/install/gearbox_sim/share/gearbox_sim/cmake/gearbox_simConfig-version.cmake
[1.936s] -- Up-to-date symlink: /home/dark/ros2_ws/install/gearbox_sim/share/gearbox_sim/package.xml
[1.936s] -- Up-to-date: /home/dark/ros2_ws/install/gearbox_sim/lib/libgearbox_sim__rosidl_generator_c.so
[1.936s] -- Up-to-date: /home/dark/ros2_ws/install/gearbox_sim/lib/libgearbox_sim__rosidl_typesupport_fastrtps_c.so
[1.937s] -- Up-to-date: /home/dark/ros2_ws/install/gearbox_sim/lib/libgearbox_sim__rosidl_typesupport_introspection_c.so
[1.937s] -- Up-to-date: /home/dark/ros2_ws/install/gearbox_sim/lib/libgearbox_sim__rosidl_typesupport_c.so
[1.938s] -- Up-to-date: /home/dark/ros2_ws/install/gearbox_sim/lib/libgearbox_sim__rosidl_typesupport_fastrtps_cpp.so
[1.938s] -- Up-to-date: /home/dark/ros2_ws/install/gearbox_sim/lib/libgearbox_sim__rosidl_typesupport_introspection_cpp.so
[1.939s] -- Up-to-date: /home/dark/ros2_ws/install/gearbox_sim/lib/libgearbox_sim__rosidl_typesupport_cpp.so
[1.975s] Listing '/home/dark/ros2_ws/install/gearbox_sim/lib/python3.12/site-packages/gearbox_sim'...
[1.975s] Compiling '/home/dark/ros2_ws/install/gearbox_sim/lib/python3.12/site-packages/gearbox_sim/__init__.py'...
[1.975s] Listing '/home/dark/ros2_ws/install/gearbox_sim/lib/python3.12/site-packages/gearbox_sim/action'...
[1.975s] Listing '/home/dark/ros2_ws/install/gearbox_sim/lib/python3.12/site-packages/gearbox_sim/srv'...
[1.980s] -- Up-to-date: /home/dark/ros2_ws/install/gearbox_sim/lib/libgearbox_sim__rosidl_generator_py.so
[1.980s] -- Up-to-date: /home/dark/ros2_ws/install/gearbox_sim/share/gearbox_sim/cmake/export_gearbox_sim__rosidl_generator_cExport.cmake
[1.981s] -- Up-to-date: /home/dark/ros2_ws/install/gearbox_sim/share/gearbox_sim/cmake/export_gearbox_sim__rosidl_generator_cExport-noconfig.cmake
[1.981s] -- Up-to-date: /home/dark/ros2_ws/install/gearbox_sim/share/gearbox_sim/cmake/export_gearbox_sim__rosidl_typesupport_fastrtps_cExport.cmake
[1.981s] -- Up-to-date: /home/dark/ros2_ws/install/gearbox_sim/share/gearbox_sim/cmake/export_gearbox_sim__rosidl_typesupport_fastrtps_cExport-noconfig.cmake
[1.981s] -- Up-to-date: /home/dark/ros2_ws/install/gearbox_sim/share/gearbox_sim/cmake/gearbox_sim__rosidl_typesupport_introspection_cExport.cmake
[1.981s] -- Up-to-date: /home/dark/ros2_ws/install/gearbox_sim/share/gearbox_sim/cmake/gearbox_sim__rosidl_typesupport_introspection_cExport-noconfig.cmake
[1.981s] -- Up-to-date: /home/dark/ros2_ws/install/gearbox_sim/share/gearbox_sim/cmake/gearbox_sim__rosidl_typesupport_cExport.cmake
[1.981s] -- Up-to-date: /home/dark/ros2_ws/install/gearbox_sim/share/gearbox_sim/cmake/gearbox_sim__rosidl_typesupport_cExport-noconfig.cmake
[1.981s] -- Up-to-date: /home/dark/ros2_ws/install/gearbox_sim/share/gearbox_sim/cmake/export_gearbox_sim__rosidl_generator_cppExport.cmake
[1.981s] -- Up-to-date: /home/dark/ros2_ws/install/gearbox_sim/share/gearbox_sim/cmake/export_gearbox_sim__rosidl_typesupport_fastrtps_cppExport.cmake
[1.982s] -- Up-to-date: /home/dark/ros2_ws/install/gearbox_sim/share/gearbox_sim/cmake/export_gearbox_sim__rosidl_typesupport_fastrtps_cppExport-noconfig.cmake
[1.982s] -- Up-to-date: /home/dark/ros2_ws/install/gearbox_sim/share/gearbox_sim/cmake/gearbox_sim__rosidl_typesupport_introspection_cppExport.cmake
[1.982s] -- Up-to-date: /home/dark/ros2_ws/install/gearbox_sim/share/gearbox_sim/cmake/gearbox_sim__rosidl_typesupport_introspection_cppExport-noconfig.cmake
[1.982s] -- Up-to-date: /home/dark/ros2_ws/install/gearbox_sim/share/gearbox_sim/cmake/gearbox_sim__rosidl_typesupport_cppExport.cmake
[1.982s] -- Up-to-date: /home/dark/ros2_ws/install/gearbox_sim/share/gearbox_sim/cmake/gearbox_sim__rosidl_typesupport_cppExport-noconfig.cmake
[1.982s] -- Up-to-date: /home/dark/ros2_ws/install/gearbox_sim/share/gearbox_sim/cmake/export_gearbox_sim__rosidl_generator_pyExport.cmake
[1.982s] -- Up-to-date: /home/dark/ros2_ws/install/gearbox_sim/share/gearbox_sim/cmake/export_gearbox_sim__rosidl_generator_pyExport-noconfig.cmake
[1.984s] Invoked command in '/home/dark/ros2_ws/build/gearbox_sim' returned '0': CMAKE_PREFIX_PATH=${CMAKE_PREFIX_PATH}:/opt/ros/jazzy DEBUGINFOD_URLS=https://debuginfod.ubuntu.com /usr/bin/cmake --install /home/dark/ros2_ws/build/gearbox_sim
