[0.011s] Invoking command in '/home/dark/ros2_ws/build/gearbox_sim': CMAKE_PREFIX_PATH=${CMAKE_PREFIX_PATH}:/opt/ros/jazzy DEBUGINFOD_URLS=https://debuginfod.ubuntu.com /usr/bin/cmake --build /home/dark/ros2_ws/build/gearbox_sim -- -j8 -l8
[0.038s] -- Found ament_cmake: 2.5.6 (/opt/ros/jazzy/share/ament_cmake/cmake)
[0.134s] -- Override CMake install command with custom implementation using symlinks instead of copying resources
[0.142s] -- Found rosidl_default_generators: 1.6.0 (/opt/ros/jazzy/share/rosidl_default_generators/cmake)
[0.144s] -- Using all available rosidl_typesupport_c: rosidl_typesupport_fastrtps_c;rosidl_typesupport_introspection_c
[0.181s] -- Using all available rosidl_typesupport_cpp: rosidl_typesupport_fastrtps_cpp;rosidl_typesupport_introspection_cpp
[0.213s] -- Found rosidl_adapter: 4.6.7 (/opt/ros/jazzy/share/rosidl_adapter/cmake)
[0.579s] -- Found ament_cmake_ros: 0.12.0 (/opt/ros/jazzy/share/ament_cmake_ros/cmake)
[0.677s] -- Using all available rosidl_typesupport_c: rosidl_typesupport_fastrtps_c;rosidl_typesupport_introspection_c
[0.801s] -- Using all available rosidl_typesupport_cpp: rosidl_typesupport_fastrtps_cpp;rosidl_typesupport_introspection_cpp
[0.802s] -- Found python_cmake_module: 0.11.1 (/opt/ros/jazzy/share/python_cmake_module/cmake)
[1.065s] -- Found Python3: /usr/bin/python3 (found version "3.12.3") found components: Interpreter Development NumPy Development.Module Development.Embed 
[1.111s] -- Found Python3: /usr/bin/python3 (found version "3.12.3") found components: Interpreter 
[1.126s] -- Configuring done (1.1s)
[1.187s] -- Generating done (0.0s)
[1.203s] -- Build files have been written to: /home/dark/ros2_ws/build/gearbox_sim
[1.240s] [  1%] Built target gearbox_sim__rs
[1.241s] [  3%] Built target gearbox_sim__rosidl_generator_type_description
[1.249s] [  3%] Built target ament_cmake_python_symlink_gearbox_sim
[1.267s] [  5%] Built target gearbox_sim__cpp
[1.269s] [ 25%] Built target gearbox_sim__rosidl_generator_c
[1.310s] [ 34%] Built target gearbox_sim__rosidl_typesupport_c
[1.312s] [ 43%] Built target gearbox_sim__rosidl_typesupport_fastrtps_c
[1.313s] [ 52%] Built target gearbox_sim__rosidl_typesupport_introspection_c
[1.314s] [ 61%] Built target gearbox_sim__rosidl_typesupport_cpp
[1.317s] [ 70%] Built target gearbox_sim__rosidl_typesupport_fastrtps_cpp
[1.319s] [ 80%] Built target gearbox_sim__rosidl_typesupport_introspection_cpp
[1.341s] [ 80%] Built target gearbox_sim
[1.366s] [ 81%] Built target gearbox_sim__py
[1.395s] [ 89%] Built target gearbox_sim__rosidl_generator_py
[1.424s] [ 96%] Built target gearbox_sim_s__rosidl_typesupport_introspection_c
[1.424s] [ 96%] Built target gearbox_sim_s__rosidl_typesupport_fastrtps_c
[1.426s] [100%] Built target gearbox_sim_s__rosidl_typesupport_c
[1.510s] running egg_info
[1.531s] writing gearbox_sim.egg-info/PKG-INFO
[1.532s] writing dependency_links to gearbox_sim.egg-info/dependency_links.txt
[1.532s] writing top-level names to gearbox_sim.egg-info/top_level.txt
[1.593s] reading manifest file 'gearbox_sim.egg-info/SOURCES.txt'
[1.594s] writing manifest file 'gearbox_sim.egg-info/SOURCES.txt'
[1.624s] [100%] Built target ament_cmake_python_build_gearbox_sim_egg
[1.636s] Invoked command in '/home/dark/ros2_ws/build/gearbox_sim' returned '0': CMAKE_PREFIX_PATH=${CMAKE_PREFIX_PATH}:/opt/ros/jazzy DEBUGINFOD_URLS=https://debuginfod.ubuntu.com /usr/bin/cmake --build /home/dark/ros2_ws/build/gearbox_sim -- -j8 -l8
[1.646s] Invoking command in '/home/dark/ros2_ws/build/gearbox_sim': CMAKE_PREFIX_PATH=${CMAKE_PREFIX_PATH}:/opt/ros/jazzy DEBUGINFOD_URLS=https://debuginfod.ubuntu.com /usr/bin/cmake --install /home/dark/ros2_ws/build/gearbox_sim
[1.655s] -- Install configuration: ""
[1.655s] -- Execute custom install script
[1.655s] -- Up-to-date symlink: /home/dark/ros2_ws/install/gearbox_sim/share/ament_index/resource_index/rosidl_interfaces/gearbox_sim
[1.655s] -- Up-to-date symlink: /home/dark/ros2_ws/install/gearbox_sim/share/gearbox_sim/action/RunScrewdriver.json
[1.656s] -- Up-to-date symlink: /home/dark/ros2_ws/install/gearbox_sim/share/gearbox_sim/srv/RunPressCycle.json
[1.656s] -- Up-to-date symlink: /home/dark/ros2_ws/install/gearbox_sim/share/gearbox_sim/srv/SetAttachment.json
[1.656s] -- Up-to-date symlink: /home/dark/ros2_ws/install/gearbox_sim/include/gearbox_sim/gearbox_sim/action/detail/run_screwdriver__functions.h
[1.657s] -- Up-to-date symlink: /home/dark/ros2_ws/install/gearbox_sim/include/gearbox_sim/gearbox_sim/action/detail/run_screwdriver__struct.h
[1.657s] -- Up-to-date symlink: /home/dark/ros2_ws/install/gearbox_sim/include/gearbox_sim/gearbox_sim/action/detail/run_screwdriver__type_support.h
[1.657s] -- Up-to-date symlink: /home/dark/ros2_ws/install/gearbox_sim/include/gearbox_sim/gearbox_sim/action/run_screwdriver.h
[1.657s] -- Up-to-date symlink: /home/dark/ros2_ws/install/gearbox_sim/include/gearbox_sim/gearbox_sim/msg/rosidl_generator_c__visibility_control.h
[1.657s] -- Up-to-date symlink: /home/dark/ros2_ws/install/gearbox_sim/include/gearbox_sim/gearbox_sim/srv/detail/run_press_cycle__functions.h
[1.658s] -- Up-to-date symlink: /home/dark/ros2_ws/install/gearbox_sim/include/gearbox_sim/gearbox_sim/srv/detail/run_press_cycle__struct.h
[1.658s] -- Up-to-date symlink: /home/dark/ros2_ws/install/gearbox_sim/include/gearbox_sim/gearbox_sim/srv/detail/run_press_cycle__type_support.h
[1.658s] -- Up-to-date symlink: /home/dark/ros2_ws/install/gearbox_sim/include/gearbox_sim/gearbox_sim/srv/detail/set_attachment__functions.h
[1.658s] -- Up-to-date symlink: /home/dark/ros2_ws/install/gearbox_sim/include/gearbox_sim/gearbox_sim/srv/detail/set_attachment__struct.h
[1.658s] -- Up-to-date symlink: /home/dark/ros2_ws/install/gearbox_sim/include/gearbox_sim/gearbox_sim/srv/detail/set_attachment__type_support.h
[1.658s] -- Up-to-date symlink: /home/dark/ros2_ws/install/gearbox_sim/include/gearbox_sim/gearbox_sim/srv/run_press_cycle.h
[1.658s] -- Up-to-date symlink: /home/dark/ros2_ws/install/gearbox_sim/include/gearbox_sim/gearbox_sim/srv/set_attachment.h
[1.659s] -- Up-to-date symlink: /home/dark/ros2_ws/install/gearbox_sim/share/gearbox_sim/environment/library_path.sh
[1.659s] -- Up-to-date symlink: /home/dark/ros2_ws/install/gearbox_sim/share/gearbox_sim/environment/library_path.dsv
[1.659s] -- Up-to-date symlink: /home/dark/ros2_ws/install/gearbox_sim/include/gearbox_sim/gearbox_sim/action/detail/run_screwdriver__rosidl_typesupport_fastrtps_c.h
[1.659s] -- Up-to-date symlink: /home/dark/ros2_ws/install/gearbox_sim/include/gearbox_sim/gearbox_sim/msg/rosidl_typesupport_fastrtps_c__visibility_control.h
[1.660s] -- Up-to-date symlink: /home/dark/ros2_ws/install/gearbox_sim/include/gearbox_sim/gearbox_sim/srv/detail/run_press_cycle__rosidl_typesupport_fastrtps_c.h
[1.660s] -- Up-to-date symlink: /home/dark/ros2_ws/install/gearbox_sim/include/gearbox_sim/gearbox_sim/srv/detail/set_attachment__rosidl_typesupport_fastrtps_c.h
[1.660s] -- Up-to-date symlink: /home/dark/ros2_ws/install/gearbox_sim/include/gearbox_sim/gearbox_sim/action/detail/run_screwdriver__rosidl_typesupport_introspection_c.h
[1.661s] -- Up-to-date symlink: /home/dark/ros2_ws/install/gearbox_sim/include/gearbox_sim/gearbox_sim/msg/rosidl_typesupport_introspection_c__visibility_control.h
[1.661s] -- Up-to-date symlink: /home/dark/ros2_ws/install/gearbox_sim/include/gearbox_sim/gearbox_sim/srv/detail/run_press_cycle__rosidl_typesupport_introspection_c.h
[1.661s] -- Up-to-date symlink: /home/dark/ros2_ws/install/gearbox_sim/include/gearbox_sim/gearbox_sim/srv/detail/set_attachment__rosidl_typesupport_introspection_c.h
[1.662s] -- Up-to-date symlink: /home/dark/ros2_ws/install/gearbox_sim/include/gearbox_sim/gearbox_sim/action/detail/run_screwdriver__builder.hpp
[1.662s] -- Up-to-date symlink: /home/dark/ros2_ws/install/gearbox_sim/include/gearbox_sim/gearbox_sim/action/detail/run_screwdriver__struct.hpp
[1.662s] -- Up-to-date symlink: /home/dark/ros2_ws/install/gearbox_sim/include/gearbox_sim/gearbox_sim/action/detail/run_screwdriver__traits.hpp
[1.662s] -- Up-to-date symlink: /home/dark/ros2_ws/install/gearbox_sim/include/gearbox_sim/gearbox_sim/action/detail/run_screwdriver__type_support.hpp
[1.662s] -- Up-to-date symlink: /home/dark/ros2_ws/install/gearbox_sim/include/gearbox_sim/gearbox_sim/action/run_screwdriver.hpp
[1.662s] -- Up-to-date symlink: /home/dark/ros2_ws/install/gearbox_sim/include/gearbox_sim/gearbox_sim/msg/rosidl_generator_cpp__visibility_control.hpp
[1.663s] -- Up-to-date symlink: /home/dark/ros2_ws/install/gearbox_sim/include/gearbox_sim/gearbox_sim/srv/detail/run_press_cycle__builder.hpp
[1.663s] -- Up-to-date symlink: /home/dark/ros2_ws/install/gearbox_sim/include/gearbox_sim/gearbox_sim/srv/detail/run_press_cycle__struct.hpp
[1.663s] -- Up-to-date symlink: /home/dark/ros2_ws/install/gearbox_sim/include/gearbox_sim/gearbox_sim/srv/detail/run_press_cycle__traits.hpp
[1.663s] -- Up-to-date symlink: /home/dark/ros2_ws/install/gearbox_sim/include/gearbox_sim/gearbox_sim/srv/detail/run_press_cycle__type_support.hpp
[1.663s] -- Up-to-date symlink: /home/dark/ros2_ws/install/gearbox_sim/include/gearbox_sim/gearbox_sim/srv/detail/set_attachment__builder.hpp
[1.664s] -- Up-to-date symlink: /home/dark/ros2_ws/install/gearbox_sim/include/gearbox_sim/gearbox_sim/srv/detail/set_attachment__struct.hpp
[1.664s] -- Up-to-date symlink: /home/dark/ros2_ws/install/gearbox_sim/include/gearbox_sim/gearbox_sim/srv/detail/set_attachment__traits.hpp
[1.664s] -- Up-to-date symlink: /home/dark/ros2_ws/install/gearbox_sim/include/gearbox_sim/gearbox_sim/srv/detail/set_attachment__type_support.hpp
[1.664s] -- Up-to-date symlink: /home/dark/ros2_ws/install/gearbox_sim/include/gearbox_sim/gearbox_sim/srv/run_press_cycle.hpp
[1.664s] -- Up-to-date symlink: /home/dark/ros2_ws/install/gearbox_sim/include/gearbox_sim/gearbox_sim/srv/set_attachment.hpp
[1.665s] -- Up-to-date symlink: /home/dark/ros2_ws/install/gearbox_sim/include/gearbox_sim/gearbox_sim/action/detail/run_screwdriver__rosidl_typesupport_fastrtps_cpp.hpp
[1.665s] -- Up-to-date symlink: /home/dark/ros2_ws/install/gearbox_sim/include/gearbox_sim/gearbox_sim/msg/rosidl_typesupport_fastrtps_cpp__visibility_control.h
[1.665s] -- Up-to-date symlink: /home/dark/ros2_ws/install/gearbox_sim/include/gearbox_sim/gearbox_sim/srv/detail/run_press_cycle__rosidl_typesupport_fastrtps_cpp.hpp
[1.666s] -- Up-to-date symlink: /home/dark/ros2_ws/install/gearbox_sim/include/gearbox_sim/gearbox_sim/srv/detail/set_attachment__rosidl_typesupport_fastrtps_cpp.hpp
[1.666s] -- Up-to-date symlink: /home/dark/ros2_ws/install/gearbox_sim/include/gearbox_sim/gearbox_sim/action/detail/run_screwdriver__rosidl_typesupport_introspection_cpp.hpp
[1.667s] -- Up-to-date symlink: /home/dark/ros2_ws/install/gearbox_sim/include/gearbox_sim/gearbox_sim/srv/detail/run_press_cycle__rosidl_typesupport_introspection_cpp.hpp
[1.667s] -- Up-to-date symlink: /home/dark/ros2_ws/install/gearbox_sim/include/gearbox_sim/gearbox_sim/srv/detail/set_attachment__rosidl_typesupport_introspection_cpp.hpp
[1.667s] -- Up-to-date symlink: /home/dark/ros2_ws/install/gearbox_sim/share/gearbox_sim/environment/pythonpath.sh
[1.667s] -- Up-to-date symlink: /home/dark/ros2_ws/install/gearbox_sim/share/gearbox_sim/environment/pythonpath.dsv
[1.668s] -- Up-to-date symlink: /home/dark/ros2_ws/install/gearbox_sim/lib/python3.12/site-packages/gearbox_sim-0.0.0-py3.12.egg-info/PKG-INFO
[1.668s] -- Up-to-date symlink: /home/dark/ros2_ws/install/gearbox_sim/lib/python3.12/site-packages/gearbox_sim-0.0.0-py3.12.egg-info/SOURCES.txt
[1.668s] -- Up-to-date symlink: /home/dark/ros2_ws/install/gearbox_sim/lib/python3.12/site-packages/gearbox_sim-0.0.0-py3.12.egg-info/dependency_links.txt
[1.668s] -- Up-to-date symlink: /home/dark/ros2_ws/install/gearbox_sim/lib/python3.12/site-packages/gearbox_sim-0.0.0-py3.12.egg-info/top_level.txt
[1.669s] -- Up-to-date symlink: /home/dark/ros2_ws/install/gearbox_sim/lib/python3.12/site-packages/gearbox_sim/__init__.py
[1.669s] -- Up-to-date symlink: /home/dark/ros2_ws/install/gearbox_sim/lib/python3.12/site-packages/gearbox_sim/_gearbox_sim_s.ep.rosidl_typesupport_c.c
[1.669s] -- Up-to-date symlink: /home/dark/ros2_ws/install/gearbox_sim/lib/python3.12/site-packages/gearbox_sim/_gearbox_sim_s.ep.rosidl_typesupport_fastrtps_c.c
[1.670s] -- Up-to-date symlink: /home/dark/ros2_ws/install/gearbox_sim/lib/python3.12/site-packages/gearbox_sim/_gearbox_sim_s.ep.rosidl_typesupport_introspection_c.c
[1.670s] -- Up-to-date symlink: /home/dark/ros2_ws/install/gearbox_sim/lib/python3.12/site-packages/gearbox_sim/action/__init__.py
[1.670s] -- Up-to-date symlink: /home/dark/ros2_ws/install/gearbox_sim/lib/python3.12/site-packages/gearbox_sim/action/_run_screwdriver.py
[1.670s] -- Up-to-date symlink: /home/dark/ros2_ws/install/gearbox_sim/lib/python3.12/site-packages/gearbox_sim/action/_run_screwdriver_s.c
[1.670s] -- Up-to-date symlink: /home/dark/ros2_ws/install/gearbox_sim/lib/python3.12/site-packages/gearbox_sim/gearbox_sim_s__rosidl_typesupport_c.so
[1.670s] -- Up-to-date symlink: /home/dark/ros2_ws/install/gearbox_sim/lib/python3.12/site-packages/gearbox_sim/gearbox_sim_s__rosidl_typesupport_fastrtps_c.so
[1.671s] -- Up-to-date symlink: /home/dark/ros2_ws/install/gearbox_sim/lib/python3.12/site-packages/gearbox_sim/gearbox_sim_s__rosidl_typesupport_introspection_c.so
[1.671s] -- Up-to-date symlink: /home/dark/ros2_ws/install/gearbox_sim/lib/python3.12/site-packages/gearbox_sim/srv/__init__.py
[1.671s] -- Up-to-date symlink: /home/dark/ros2_ws/install/gearbox_sim/lib/python3.12/site-packages/gearbox_sim/srv/_run_press_cycle.py
[1.671s] -- Up-to-date symlink: /home/dark/ros2_ws/install/gearbox_sim/lib/python3.12/site-packages/gearbox_sim/srv/_run_press_cycle_s.c
[1.671s] -- Up-to-date symlink: /home/dark/ros2_ws/install/gearbox_sim/lib/python3.12/site-packages/gearbox_sim/srv/_set_attachment.py
[1.672s] -- Up-to-date symlink: /home/dark/ros2_ws/install/gearbox_sim/lib/python3.12/site-packages/gearbox_sim/srv/_set_attachment_s.c
[1.672s] -- Up-to-date symlink: /home/dark/ros2_ws/install/gearbox_sim/lib/python3.12/site-packages/gearbox_sim/gearbox_sim_s__rosidl_typesupport_fastrtps_c.so
[1.672s] -- Up-to-date symlink: /home/dark/ros2_ws/install/gearbox_sim/lib/python3.12/site-packages/gearbox_sim/gearbox_sim_s__rosidl_typesupport_introspection_c.so
[1.672s] -- Up-to-date symlink: /home/dark/ros2_ws/install/gearbox_sim/lib/python3.12/site-packages/gearbox_sim/gearbox_sim_s__rosidl_typesupport_c.so
[1.673s] -- Up-to-date symlink: /home/dark/ros2_ws/install/gearbox_sim/share/ament_index/resource_index/rust_packages/gearbox_sim
[1.673s] -- Up-to-date symlink: /home/dark/ros2_ws/install/gearbox_sim/share/gearbox_sim/rust/Cargo.toml
[1.673s] -- Up-to-date symlink: /home/dark/ros2_ws/install/gearbox_sim/share/gearbox_sim/rust/build.rs
[1.674s] -- Up-to-date symlink: /home/dark/ros2_ws/install/gearbox_sim/share/gearbox_sim/rust/src/action.rs
[1.674s] -- Up-to-date symlink: /home/dark/ros2_ws/install/gearbox_sim/share/gearbox_sim/rust/src/action/rmw.rs
[1.674s] -- Up-to-date symlink: /home/dark/ros2_ws/install/gearbox_sim/share/gearbox_sim/rust/src/lib.rs
[1.674s] -- Up-to-date symlink: /home/dark/ros2_ws/install/gearbox_sim/share/gearbox_sim/rust/src/srv.rs
[1.674s] -- Up-to-date symlink: /home/dark/ros2_ws/install/gearbox_sim/share/gearbox_sim/rust/src/srv/rmw.rs
[1.674s] -- Up-to-date symlink: /home/dark/ros2_ws/install/gearbox_sim/share/gearbox_sim/action/RunScrewdriver.idl
[1.674s] -- Up-to-date symlink: /home/dark/ros2_ws/install/gearbox_sim/share/gearbox_sim/srv/RunPressCycle.idl
[1.675s] -- Up-to-date symlink: /home/dark/ros2_ws/install/gearbox_sim/share/gearbox_sim/srv/SetAttachment.idl
[1.675s] -- Up-to-date symlink: /home/dark/ros2_ws/install/gearbox_sim/share/gearbox_sim/action/RunScrewdriver.action
[1.675s] -- Up-to-date symlink: /home/dark/ros2_ws/install/gearbox_sim/share/gearbox_sim/srv/RunPressCycle.srv
[1.675s] -- Up-to-date symlink: /home/dark/ros2_ws/install/gearbox_sim/share/gearbox_sim/srv/SetAttachment.srv
[1.675s] -- Up-to-date symlink: /home/dark/ros2_ws/install/gearbox_sim/share/gearbox_sim/config/assembly_cell.srdf
[1.676s] -- Up-to-date symlink: /home/dark/ros2_ws/install/gearbox_sim/share/gearbox_sim/config/assembly_cell.yaml
[1.676s] -- Up-to-date symlink: /home/dark/ros2_ws/install/gearbox_sim/share/gearbox_sim/config/gearbox_animator.rviz
[1.676s] -- Symlinking: /home/dark/ros2_ws/install/gearbox_sim/share/gearbox_sim/config/joint_limits.yaml
[1.685s] -- Up-to-date symlink: /home/dark/ros2_ws/install/gearbox_sim/share/gearbox_sim/config/kinematics.yaml
[1.685s] -- Up-to-date symlink: /home/dark/ros2_ws/install/gearbox_sim/share/gearbox_sim/config/moveit_controllers.yaml
[1.685s] -- Up-to-date symlink: /home/dark/ros2_ws/install/gearbox_sim/share/gearbox_sim/config/ros2_controllers.yaml
[1.685s] -- Up-to-date symlink: /home/dark/ros2_ws/install/gearbox_sim/share/gearbox_sim/config/ros_gz_bridge.yaml
[1.685s] -- Symlinking: /home/dark/ros2_ws/install/gearbox_sim/share/gearbox_sim/launch/__pycache__/assembly_cell.launch.cpython-312.pyc
[1.695s] -- Up-to-date symlink: /home/dark/ros2_ws/install/gearbox_sim/share/gearbox_sim/launch/__pycache__/gearbox_animator.launch.cpython-312.pyc
[1.695s] -- Up-to-date symlink: /home/dark/ros2_ws/install/gearbox_sim/share/gearbox_sim/launch/__pycache__/move_group.launch.cpython-312.pyc
[1.695s] -- Up-to-date symlink: /home/dark/ros2_ws/install/gearbox_sim/share/gearbox_sim/launch/__pycache__/sim_assembly.launch.cpython-312.pyc
[1.695s] -- Up-to-date symlink: /home/dark/ros2_ws/install/gearbox_sim/share/gearbox_sim/launch/assembly_cell.launch.py
[1.695s] -- Up-to-date symlink: /home/dark/ros2_ws/install/gearbox_sim/share/gearbox_sim/launch/gearbox_animator.launch.py
[1.695s] -- Up-to-date symlink: /home/dark/ros2_ws/install/gearbox_sim/share/gearbox_sim/launch/move_group.launch.py
[1.696s] -- Up-to-date symlink: /home/dark/ros2_ws/install/gearbox_sim/share/gearbox_sim/launch/sim_assembly.launch.py
[1.696s] -- Up-to-date symlink: /home/dark/ros2_ws/install/gearbox_sim/share/gearbox_sim/meshes/carrier.STL
[1.696s] -- Up-to-date symlink: /home/dark/ros2_ws/install/gearbox_sim/share/gearbox_sim/meshes/nema17/Back_box.STL
[1.696s] -- Up-to-date symlink: /home/dark/ros2_ws/install/gearbox_sim/share/gearbox_sim/meshes/nema17/Front_box.STL
[1.697s] -- Up-to-date symlink: /home/dark/ros2_ws/install/gearbox_sim/share/gearbox_sim/meshes/nema17/Middle_box.STL
[1.697s] -- Up-to-date symlink: /home/dark/ros2_ws/install/gearbox_sim/share/gearbox_sim/meshes/nema17/Small_roller.STL
[1.697s] -- Up-to-date symlink: /home/dark/ros2_ws/install/gearbox_sim/share/gearbox_sim/meshes/nema17/Spur_gear.STL
[1.697s] -- Up-to-date symlink: /home/dark/ros2_ws/install/gearbox_sim/share/gearbox_sim/meshes/nema17/Sun_gear.STL
[1.697s] -- Up-to-date symlink: /home/dark/ros2_ws/install/gearbox_sim/share/gearbox_sim/meshes/nema17/Untitled 2.JPG
[1.698s] -- Up-to-date symlink: /home/dark/ros2_ws/install/gearbox_sim/share/gearbox_sim/meshes/nema17/Untitled 3.JPG
[1.698s] -- Up-to-date symlink: /home/dark/ros2_ws/install/gearbox_sim/share/gearbox_sim/meshes/nema17/Untitled.JPG
[1.698s] -- Up-to-date symlink: /home/dark/ros2_ws/install/gearbox_sim/share/gearbox_sim/meshes/nema17/Vodilo.STL
[1.698s] -- Up-to-date symlink: /home/dark/ros2_ws/install/gearbox_sim/share/gearbox_sim/meshes/nema17/big_roller.STL
[1.698s] -- Up-to-date symlink: /home/dark/ros2_ws/install/gearbox_sim/share/gearbox_sim/meshes/nema17/hex_nut.STL
[1.698s] -- Up-to-date symlink: /home/dark/ros2_ws/install/gearbox_sim/share/gearbox_sim/meshes/nema17/satellite.STL
[1.699s] -- Up-to-date symlink: /home/dark/ros2_ws/install/gearbox_sim/share/gearbox_sim/meshes/nema17/screw.STL
[1.699s] -- Up-to-date symlink: /home/dark/ros2_ws/install/gearbox_sim/share/gearbox_sim/meshes/nema17/stop_ring.STL
[1.699s] -- Up-to-date symlink: /home/dark/ros2_ws/install/gearbox_sim/share/gearbox_sim/meshes/planet_gear.STL
[1.699s] -- Up-to-date symlink: /home/dark/ros2_ws/install/gearbox_sim/share/gearbox_sim/meshes/ring_gear.STL
[1.699s] -- Up-to-date symlink: /home/dark/ros2_ws/install/gearbox_sim/share/gearbox_sim/meshes/satellite.STL
[1.699s] -- Up-to-date symlink: /home/dark/ros2_ws/install/gearbox_sim/share/gearbox_sim/urdf/gearbox.urdf
[1.699s] -- Up-to-date symlink: /home/dark/ros2_ws/install/gearbox_sim/share/gearbox_sim/urdf/gearbox_gazebo.urdf.xacro
[1.700s] -- Up-to-date symlink: /home/dark/ros2_ws/install/gearbox_sim/share/gearbox_sim/urdf/include/nema17_parts.xacro
[1.700s] -- Up-to-date symlink: /home/dark/ros2_ws/install/gearbox_sim/share/gearbox_sim/urdf/include/workcell_macros.xacro
[1.700s] -- Up-to-date symlink: /home/dark/ros2_ws/install/gearbox_sim/share/gearbox_sim/urdf/main_scene.urdf.xacro
[1.700s] -- Up-to-date symlink: /home/dark/ros2_ws/install/gearbox_sim/share/gearbox_sim/urdf/ur5e_robotiq_ft.urdf.xacro
[1.700s] -- Up-to-date symlink: /home/dark/ros2_ws/install/gearbox_sim/share/gearbox_sim/worlds/assembly_cell.sdf
[1.701s] -- Up-to-date symlink: /home/dark/ros2_ws/install/gearbox_sim/share/gearbox_sim/worlds/assembly_scene.sdf
[1.701s] -- Up-to-date symlink: /home/dark/ros2_ws/install/gearbox_sim/share/gearbox_sim/worlds/assembly_scene_calibration.sdf
[1.701s] -- Symlinking: /home/dark/ros2_ws/install/gearbox_sim/share/gearbox_sim/.setup_assistant
[1.710s] -- Up-to-date symlink: /home/dark/ros2_ws/install/gearbox_sim/lib/gearbox_sim/animator.py
[1.710s] -- Up-to-date symlink: /home/dark/ros2_ws/install/gearbox_sim/lib/gearbox_sim/assembly_demo.py
[1.710s] -- Up-to-date symlink: /home/dark/ros2_ws/install/gearbox_sim/lib/gearbox_sim/assembly_state_machine.py
[1.710s] -- Up-to-date symlink: /home/dark/ros2_ws/install/gearbox_sim/lib/gearbox_sim/get_joints.py
[1.710s] -- Up-to-date symlink: /home/dark/ros2_ws/install/gearbox_sim/lib/gearbox_sim/joint_gui_teleop.py
[1.710s] -- Up-to-date symlink: /home/dark/ros2_ws/install/gearbox_sim/lib/gearbox_sim/motion_planner.py
[1.711s] -- Up-to-date symlink: /home/dark/ros2_ws/install/gearbox_sim/lib/gearbox_sim/press_controller.py
[1.711s] -- Up-to-date symlink: /home/dark/ros2_ws/install/gearbox_sim/lib/gearbox_sim/grasp_attacher.py
[1.711s] -- Up-to-date symlink: /home/dark/ros2_ws/install/gearbox_sim/lib/gearbox_sim/screwdriver_server.py
[1.711s] -- Up-to-date symlink: /home/dark/ros2_ws/install/gearbox_sim/share/ament_index/resource_index/package_run_dependencies/gearbox_sim
[1.711s] -- Up-to-date symlink: /home/dark/ros2_ws/install/gearbox_sim/share/ament_index/resource_index/parent_prefix_path/gearbox_sim
[1.711s] -- Up-to-date symlink: /home/dark/ros2_ws/install/gearbox_sim/share/gearbox_sim/environment/ament_prefix_path.sh
[1.711s] -- Up-to-date symlink: /home/dark/ros2_ws/install/gearbox_sim/share/gearbox_sim/environment/ament_prefix_path.dsv
[1.712s] -- Up-to-date symlink: /home/dark/ros2_ws/install/gearbox_sim/share/gearbox_sim/environment/path.sh
[1.712s] -- Up-to-date symlink: /home/dark/ros2_ws/install/gearbox_sim/share/gearbox_sim/environment/path.dsv
[1.712s] -- Up-to-date symlink: /home/dark/ros2_ws/install/gearbox_sim/share/gearbox_sim/local_setup.bash
[1.712s] -- Up-to-date symlink: /home/dark/ros2_ws/install/gearbox_sim/share/gearbox_sim/local_setup.sh
[1.712s] -- Up-to-date symlink: /home/dark/ros2_ws/install/gearbox_sim/share/gearbox_sim/local_setup.zsh
[1.712s] -- Up-to-date symlink: /home/dark/ros2_ws/install/gearbox_sim/share/gearbox_sim/local_setup.dsv
[1.713s] -- Symlinking: /home/dark/ros2_ws/install/gearbox_sim/share/gearbox_sim/package.dsv
[1.722s] -- Up-to-date symlink: /home/dark/ros2_ws/install/gearbox_sim/share/ament_index/resource_index/packages/gearbox_sim
[1.722s] -- Up-to-date symlink: /home/dark/ros2_ws/install/gearbox_sim/share/gearbox_sim/cmake/rosidl_cmake-extras.cmake
[1.722s] -- Up-to-date symlink: /home/dark/ros2_ws/install/gearbox_sim/share/gearbox_sim/cmake/ament_cmake_export_dependencies-extras.cmake
[1.722s] -- Up-to-date symlink: /home/dark/ros2_ws/install/gearbox_sim/share/gearbox_sim/cmake/ament_cmake_export_include_directories-extras.cmake
[1.723s] -- Up-to-date symlink: /home/dark/ros2_ws/install/gearbox_sim/share/gearbox_sim/cmake/ament_cmake_export_libraries-extras.cmake
[1.723s] -- Up-to-date symlink: /home/dark/ros2_ws/install/gearbox_sim/share/gearbox_sim/cmake/ament_cmake_export_targets-extras.cmake
[1.723s] -- Up-to-date symlink: /home/dark/ros2_ws/install/gearbox_sim/share/gearbox_sim/cmake/rosidl_cmake_export_typesupport_targets-extras.cmake
[1.723s] -- Up-to-date symlink: /home/dark/ros2_ws/install/gearbox_sim/share/gearbox_sim/cmake/rosidl_cmake_export_typesupport_libraries-extras.cmake
[1.724s] -- Up-to-date symlink: /home/dark/ros2_ws/install/gearbox_sim/share/gearbox_sim/cmake/gearbox_simConfig.cmake
[1.724s] -- Up-to-date symlink: /home/dark/ros2_ws/install/gearbox_sim/share/gearbox_sim/cmake/gearbox_simConfig-version.cmake
[1.724s] -- Up-to-date symlink: /home/dark/ros2_ws/install/gearbox_sim/share/gearbox_sim/package.xml
[1.724s] -- Up-to-date: /home/dark/ros2_ws/install/gearbox_sim/lib/libgearbox_sim__rosidl_generator_c.so
[1.725s] -- Up-to-date: /home/dark/ros2_ws/install/gearbox_sim/lib/libgearbox_sim__rosidl_typesupport_fastrtps_c.so
[1.725s] -- Up-to-date: /home/dark/ros2_ws/install/gearbox_sim/lib/libgearbox_sim__rosidl_typesupport_introspection_c.so
[1.725s] -- Up-to-date: /home/dark/ros2_ws/install/gearbox_sim/lib/libgearbox_sim__rosidl_typesupport_c.so
[1.726s] -- Up-to-date: /home/dark/ros2_ws/install/gearbox_sim/lib/libgearbox_sim__rosidl_typesupport_fastrtps_cpp.so
[1.726s] -- Up-to-date: /home/dark/ros2_ws/install/gearbox_sim/lib/libgearbox_sim__rosidl_typesupport_introspection_cpp.so
[1.727s] -- Up-to-date: /home/dark/ros2_ws/install/gearbox_sim/lib/libgearbox_sim__rosidl_typesupport_cpp.so
[1.760s] Listing '/home/dark/ros2_ws/install/gearbox_sim/lib/python3.12/site-packages/gearbox_sim'...
[1.760s] Compiling '/home/dark/ros2_ws/install/gearbox_sim/lib/python3.12/site-packages/gearbox_sim/__init__.py'...
[1.760s] Listing '/home/dark/ros2_ws/install/gearbox_sim/lib/python3.12/site-packages/gearbox_sim/action'...
[1.760s] Listing '/home/dark/ros2_ws/install/gearbox_sim/lib/python3.12/site-packages/gearbox_sim/srv'...
[1.765s] -- Up-to-date: /home/dark/ros2_ws/install/gearbox_sim/lib/libgearbox_sim__rosidl_generator_py.so
[1.765s] -- Up-to-date: /home/dark/ros2_ws/install/gearbox_sim/share/gearbox_sim/cmake/export_gearbox_sim__rosidl_generator_cExport.cmake
[1.766s] -- Up-to-date: /home/dark/ros2_ws/install/gearbox_sim/share/gearbox_sim/cmake/export_gearbox_sim__rosidl_generator_cExport-noconfig.cmake
[1.766s] -- Up-to-date: /home/dark/ros2_ws/install/gearbox_sim/share/gearbox_sim/cmake/export_gearbox_sim__rosidl_typesupport_fastrtps_cExport.cmake
[1.766s] -- Up-to-date: /home/dark/ros2_ws/install/gearbox_sim/share/gearbox_sim/cmake/export_gearbox_sim__rosidl_typesupport_fastrtps_cExport-noconfig.cmake
[1.766s] -- Up-to-date: /home/dark/ros2_ws/install/gearbox_sim/share/gearbox_sim/cmake/gearbox_sim__rosidl_typesupport_introspection_cExport.cmake
[1.767s] -- Up-to-date: /home/dark/ros2_ws/install/gearbox_sim/share/gearbox_sim/cmake/gearbox_sim__rosidl_typesupport_introspection_cExport-noconfig.cmake
[1.767s] -- Up-to-date: /home/dark/ros2_ws/install/gearbox_sim/share/gearbox_sim/cmake/gearbox_sim__rosidl_typesupport_cExport.cmake
[1.767s] -- Up-to-date: /home/dark/ros2_ws/install/gearbox_sim/share/gearbox_sim/cmake/gearbox_sim__rosidl_typesupport_cExport-noconfig.cmake
[1.767s] -- Up-to-date: /home/dark/ros2_ws/install/gearbox_sim/share/gearbox_sim/cmake/export_gearbox_sim__rosidl_generator_cppExport.cmake
[1.767s] -- Up-to-date: /home/dark/ros2_ws/install/gearbox_sim/share/gearbox_sim/cmake/export_gearbox_sim__rosidl_typesupport_fastrtps_cppExport.cmake
[1.767s] -- Up-to-date: /home/dark/ros2_ws/install/gearbox_sim/share/gearbox_sim/cmake/export_gearbox_sim__rosidl_typesupport_fastrtps_cppExport-noconfig.cmake
[1.767s] -- Up-to-date: /home/dark/ros2_ws/install/gearbox_sim/share/gearbox_sim/cmake/gearbox_sim__rosidl_typesupport_introspection_cppExport.cmake
[1.767s] -- Up-to-date: /home/dark/ros2_ws/install/gearbox_sim/share/gearbox_sim/cmake/gearbox_sim__rosidl_typesupport_introspection_cppExport-noconfig.cmake
[1.767s] -- Up-to-date: /home/dark/ros2_ws/install/gearbox_sim/share/gearbox_sim/cmake/gearbox_sim__rosidl_typesupport_cppExport.cmake
[1.768s] -- Up-to-date: /home/dark/ros2_ws/install/gearbox_sim/share/gearbox_sim/cmake/gearbox_sim__rosidl_typesupport_cppExport-noconfig.cmake
[1.768s] -- Up-to-date: /home/dark/ros2_ws/install/gearbox_sim/share/gearbox_sim/cmake/export_gearbox_sim__rosidl_generator_pyExport.cmake
[1.768s] -- Up-to-date: /home/dark/ros2_ws/install/gearbox_sim/share/gearbox_sim/cmake/export_gearbox_sim__rosidl_generator_pyExport-noconfig.cmake
[1.769s] Invoked command in '/home/dark/ros2_ws/build/gearbox_sim' returned '0': CMAKE_PREFIX_PATH=${CMAKE_PREFIX_PATH}:/opt/ros/jazzy DEBUGINFOD_URLS=https://debuginfod.ubuntu.com /usr/bin/cmake --install /home/dark/ros2_ws/build/gearbox_sim
