[0.016s] Invoking command in '/home/dark/ros2_ws/build/gearbox_sim': CMAKE_PREFIX_PATH=${CMAKE_PREFIX_PATH}:/opt/ros/jazzy DEBUGINFOD_URLS=https://debuginfod.ubuntu.com /usr/bin/cmake --build /home/dark/ros2_ws/build/gearbox_sim -- -j8 -l8
[0.179s] [  1%] Built target gearbox_sim__rosidl_generator_type_description
[0.271s] [  1%] Built target ament_cmake_python_symlink_gearbox_sim
[0.305s] [  3%] Built target gearbox_sim__cpp
[0.827s] running egg_info
[0.890s] writing gearbox_sim.egg-info/PKG-INFO
[0.892s] writing dependency_links to gearbox_sim.egg-info/dependency_links.txt
[0.892s] writing top-level names to gearbox_sim.egg-info/top_level.txt
[0.995s] reading manifest file 'gearbox_sim.egg-info/SOURCES.txt'
[0.997s] writing manifest file 'gearbox_sim.egg-info/SOURCES.txt'
[1.066s] [  3%] Built target ament_cmake_python_build_gearbox_sim_egg
[1.129s] [ 23%] Built target gearbox_sim__rosidl_generator_c
[1.178s] [ 25%] Built target gearbox_sim__rs
[1.241s] [ 34%] Built target gearbox_sim__rosidl_typesupport_cpp
[1.304s] [ 43%] Built target gearbox_sim__rosidl_typesupport_introspection_cpp
[1.397s] [ 52%] Built target gearbox_sim__rosidl_typesupport_fastrtps_cpp
[1.458s] [ 61%] Built target gearbox_sim__rosidl_typesupport_c
[1.503s] [ 70%] Built target gearbox_sim__rosidl_typesupport_introspection_c
[1.559s] [ 80%] Built target gearbox_sim__rosidl_typesupport_fastrtps_c
[1.603s] [ 80%] Built target gearbox_sim
[1.646s] [ 81%] Built target gearbox_sim__py
[1.731s] [ 89%] Built target gearbox_sim__rosidl_generator_py
[1.780s] [ 92%] Built target gearbox_sim_s__rosidl_typesupport_fastrtps_c
[1.845s] [ 96%] Built target gearbox_sim_s__rosidl_typesupport_c
[1.981s] [100%] Built target gearbox_sim_s__rosidl_typesupport_introspection_c
[2.013s] Invoked command in '/home/dark/ros2_ws/build/gearbox_sim' returned '0': CMAKE_PREFIX_PATH=${CMAKE_PREFIX_PATH}:/opt/ros/jazzy DEBUGINFOD_URLS=https://debuginfod.ubuntu.com /usr/bin/cmake --build /home/dark/ros2_ws/build/gearbox_sim -- -j8 -l8
[2.040s] Invoking command in '/home/dark/ros2_ws/build/gearbox_sim': CMAKE_PREFIX_PATH=${CMAKE_PREFIX_PATH}:/opt/ros/jazzy DEBUGINFOD_URLS=https://debuginfod.ubuntu.com /usr/bin/cmake --install /home/dark/ros2_ws/build/gearbox_sim
[2.063s] -- Install configuration: ""
[2.064s] -- Execute custom install script
[2.066s] -- Up-to-date symlink: /home/dark/ros2_ws/install/gearbox_sim/share/ament_index/resource_index/rosidl_interfaces/gearbox_sim
[2.068s] -- Up-to-date symlink: /home/dark/ros2_ws/install/gearbox_sim/share/gearbox_sim/action/RunScrewdriver.json
[2.068s] -- Up-to-date symlink: /home/dark/ros2_ws/install/gearbox_sim/share/gearbox_sim/srv/RunPressCycle.json
[2.069s] -- Up-to-date symlink: /home/dark/ros2_ws/install/gearbox_sim/share/gearbox_sim/srv/SetAttachment.json
[2.071s] -- Up-to-date symlink: /home/dark/ros2_ws/install/gearbox_sim/include/gearbox_sim/gearbox_sim/action/detail/run_screwdriver__functions.h
[2.072s] -- Up-to-date symlink: /home/dark/ros2_ws/install/gearbox_sim/include/gearbox_sim/gearbox_sim/action/detail/run_screwdriver__struct.h
[2.077s] -- Up-to-date symlink: /home/dark/ros2_ws/install/gearbox_sim/include/gearbox_sim/gearbox_sim/action/detail/run_screwdriver__type_support.h
[2.077s] -- Up-to-date symlink: /home/dark/ros2_ws/install/gearbox_sim/include/gearbox_sim/gearbox_sim/action/run_screwdriver.h
[2.077s] -- Up-to-date symlink: /home/dark/ros2_ws/install/gearbox_sim/include/gearbox_sim/gearbox_sim/msg/rosidl_generator_c__visibility_control.h
[2.077s] -- Up-to-date symlink: /home/dark/ros2_ws/install/gearbox_sim/include/gearbox_sim/gearbox_sim/srv/detail/run_press_cycle__functions.h
[2.077s] -- Up-to-date symlink: /home/dark/ros2_ws/install/gearbox_sim/include/gearbox_sim/gearbox_sim/srv/detail/run_press_cycle__struct.h
[2.077s] -- Up-to-date symlink: /home/dark/ros2_ws/install/gearbox_sim/include/gearbox_sim/gearbox_sim/srv/detail/run_press_cycle__type_support.h
[2.078s] -- Up-to-date symlink: /home/dark/ros2_ws/install/gearbox_sim/include/gearbox_sim/gearbox_sim/srv/detail/set_attachment__functions.h
[2.078s] -- Up-to-date symlink: /home/dark/ros2_ws/install/gearbox_sim/include/gearbox_sim/gearbox_sim/srv/detail/set_attachment__struct.h
[2.078s] -- Up-to-date symlink: /home/dark/ros2_ws/install/gearbox_sim/include/gearbox_sim/gearbox_sim/srv/detail/set_attachment__type_support.h
[2.078s] -- Up-to-date symlink: /home/dark/ros2_ws/install/gearbox_sim/include/gearbox_sim/gearbox_sim/srv/run_press_cycle.h
[2.078s] -- Up-to-date symlink: /home/dark/ros2_ws/install/gearbox_sim/include/gearbox_sim/gearbox_sim/srv/set_attachment.h
[2.078s] -- Up-to-date symlink: /home/dark/ros2_ws/install/gearbox_sim/share/gearbox_sim/environment/library_path.sh
[2.078s] -- Up-to-date symlink: /home/dark/ros2_ws/install/gearbox_sim/share/gearbox_sim/environment/library_path.dsv
[2.080s] -- Up-to-date symlink: /home/dark/ros2_ws/install/gearbox_sim/include/gearbox_sim/gearbox_sim/action/detail/run_screwdriver__rosidl_typesupport_fastrtps_c.h
[2.080s] -- Up-to-date symlink: /home/dark/ros2_ws/install/gearbox_sim/include/gearbox_sim/gearbox_sim/msg/rosidl_typesupport_fastrtps_c__visibility_control.h
[2.081s] -- Up-to-date symlink: /home/dark/ros2_ws/install/gearbox_sim/include/gearbox_sim/gearbox_sim/srv/detail/run_press_cycle__rosidl_typesupport_fastrtps_c.h
[2.081s] -- Up-to-date symlink: /home/dark/ros2_ws/install/gearbox_sim/include/gearbox_sim/gearbox_sim/srv/detail/set_attachment__rosidl_typesupport_fastrtps_c.h
[2.083s] -- Up-to-date symlink: /home/dark/ros2_ws/install/gearbox_sim/include/gearbox_sim/gearbox_sim/action/detail/run_screwdriver__rosidl_typesupport_introspection_c.h
[2.083s] -- Up-to-date symlink: /home/dark/ros2_ws/install/gearbox_sim/include/gearbox_sim/gearbox_sim/msg/rosidl_typesupport_introspection_c__visibility_control.h
[2.083s] -- Up-to-date symlink: /home/dark/ros2_ws/install/gearbox_sim/include/gearbox_sim/gearbox_sim/srv/detail/run_press_cycle__rosidl_typesupport_introspection_c.h
[2.083s] -- Up-to-date symlink: /home/dark/ros2_ws/install/gearbox_sim/include/gearbox_sim/gearbox_sim/srv/detail/set_attachment__rosidl_typesupport_introspection_c.h
[2.084s] -- Up-to-date symlink: /home/dark/ros2_ws/install/gearbox_sim/include/gearbox_sim/gearbox_sim/action/detail/run_screwdriver__builder.hpp
[2.084s] -- Up-to-date symlink: /home/dark/ros2_ws/install/gearbox_sim/include/gearbox_sim/gearbox_sim/action/detail/run_screwdriver__struct.hpp
[2.089s] -- Up-to-date symlink: /home/dark/ros2_ws/install/gearbox_sim/include/gearbox_sim/gearbox_sim/action/detail/run_screwdriver__traits.hpp
[2.089s] -- Up-to-date symlink: /home/dark/ros2_ws/install/gearbox_sim/include/gearbox_sim/gearbox_sim/action/detail/run_screwdriver__type_support.hpp
[2.089s] -- Up-to-date symlink: /home/dark/ros2_ws/install/gearbox_sim/include/gearbox_sim/gearbox_sim/action/run_screwdriver.hpp
[2.092s] -- Up-to-date symlink: /home/dark/ros2_ws/install/gearbox_sim/include/gearbox_sim/gearbox_sim/msg/rosidl_generator_cpp__visibility_control.hpp
[2.092s] -- Up-to-date symlink: /home/dark/ros2_ws/install/gearbox_sim/include/gearbox_sim/gearbox_sim/srv/detail/run_press_cycle__builder.hpp
[2.092s] -- Up-to-date symlink: /home/dark/ros2_ws/install/gearbox_sim/include/gearbox_sim/gearbox_sim/srv/detail/run_press_cycle__struct.hpp
[2.093s] -- Up-to-date symlink: /home/dark/ros2_ws/install/gearbox_sim/include/gearbox_sim/gearbox_sim/srv/detail/run_press_cycle__traits.hpp
[2.093s] -- Up-to-date symlink: /home/dark/ros2_ws/install/gearbox_sim/include/gearbox_sim/gearbox_sim/srv/detail/run_press_cycle__type_support.hpp
[2.093s] -- Up-to-date symlink: /home/dark/ros2_ws/install/gearbox_sim/include/gearbox_sim/gearbox_sim/srv/detail/set_attachment__builder.hpp
[2.093s] -- Up-to-date symlink: /home/dark/ros2_ws/install/gearbox_sim/include/gearbox_sim/gearbox_sim/srv/detail/set_attachment__struct.hpp
[2.093s] -- Up-to-date symlink: /home/dark/ros2_ws/install/gearbox_sim/include/gearbox_sim/gearbox_sim/srv/detail/set_attachment__traits.hpp
[2.094s] -- Up-to-date symlink: /home/dark/ros2_ws/install/gearbox_sim/include/gearbox_sim/gearbox_sim/srv/detail/set_attachment__type_support.hpp
[2.095s] -- Up-to-date symlink: /home/dark/ros2_ws/install/gearbox_sim/include/gearbox_sim/gearbox_sim/srv/run_press_cycle.hpp
[2.095s] -- Up-to-date symlink: /home/dark/ros2_ws/install/gearbox_sim/include/gearbox_sim/gearbox_sim/srv/set_attachment.hpp
[2.098s] -- Up-to-date symlink: /home/dark/ros2_ws/install/gearbox_sim/include/gearbox_sim/gearbox_sim/action/detail/run_screwdriver__rosidl_typesupport_fastrtps_cpp.hpp
[2.099s] -- Up-to-date symlink: /home/dark/ros2_ws/install/gearbox_sim/include/gearbox_sim/gearbox_sim/msg/rosidl_typesupport_fastrtps_cpp__visibility_control.h
[2.100s] -- Up-to-date symlink: /home/dark/ros2_ws/install/gearbox_sim/include/gearbox_sim/gearbox_sim/srv/detail/run_press_cycle__rosidl_typesupport_fastrtps_cpp.hpp
[2.100s] -- Up-to-date symlink: /home/dark/ros2_ws/install/gearbox_sim/include/gearbox_sim/gearbox_sim/srv/detail/set_attachment__rosidl_typesupport_fastrtps_cpp.hpp
[2.103s] -- Up-to-date symlink: /home/dark/ros2_ws/install/gearbox_sim/include/gearbox_sim/gearbox_sim/action/detail/run_screwdriver__rosidl_typesupport_introspection_cpp.hpp
[2.103s] -- Up-to-date symlink: /home/dark/ros2_ws/install/gearbox_sim/include/gearbox_sim/gearbox_sim/srv/detail/run_press_cycle__rosidl_typesupport_introspection_cpp.hpp
[2.103s] -- Up-to-date symlink: /home/dark/ros2_ws/install/gearbox_sim/include/gearbox_sim/gearbox_sim/srv/detail/set_attachment__rosidl_typesupport_introspection_cpp.hpp
[2.103s] -- Up-to-date symlink: /home/dark/ros2_ws/install/gearbox_sim/share/gearbox_sim/environment/pythonpath.sh
[2.103s] -- Up-to-date symlink: /home/dark/ros2_ws/install/gearbox_sim/share/gearbox_sim/environment/pythonpath.dsv
[2.104s] -- Up-to-date symlink: /home/dark/ros2_ws/install/gearbox_sim/lib/python3.12/site-packages/gearbox_sim-0.0.0-py3.12.egg-info/PKG-INFO
[2.105s] -- Up-to-date symlink: /home/dark/ros2_ws/install/gearbox_sim/lib/python3.12/site-packages/gearbox_sim-0.0.0-py3.12.egg-info/SOURCES.txt
[2.105s] -- Up-to-date symlink: /home/dark/ros2_ws/install/gearbox_sim/lib/python3.12/site-packages/gearbox_sim-0.0.0-py3.12.egg-info/dependency_links.txt
[2.105s] -- Up-to-date symlink: /home/dark/ros2_ws/install/gearbox_sim/lib/python3.12/site-packages/gearbox_sim-0.0.0-py3.12.egg-info/top_level.txt
[2.108s] -- Up-to-date symlink: /home/dark/ros2_ws/install/gearbox_sim/lib/python3.12/site-packages/gearbox_sim/__init__.py
[2.109s] -- Up-to-date symlink: /home/dark/ros2_ws/install/gearbox_sim/lib/python3.12/site-packages/gearbox_sim/_gearbox_sim_s.ep.rosidl_typesupport_c.c
[2.109s] -- Up-to-date symlink: /home/dark/ros2_ws/install/gearbox_sim/lib/python3.12/site-packages/gearbox_sim/_gearbox_sim_s.ep.rosidl_typesupport_fastrtps_c.c
[2.109s] -- Up-to-date symlink: /home/dark/ros2_ws/install/gearbox_sim/lib/python3.12/site-packages/gearbox_sim/_gearbox_sim_s.ep.rosidl_typesupport_introspection_c.c
[2.109s] -- Up-to-date symlink: /home/dark/ros2_ws/install/gearbox_sim/lib/python3.12/site-packages/gearbox_sim/action/__init__.py
[2.109s] -- Up-to-date symlink: /home/dark/ros2_ws/install/gearbox_sim/lib/python3.12/site-packages/gearbox_sim/action/_run_screwdriver.py
[2.109s] -- Up-to-date symlink: /home/dark/ros2_ws/install/gearbox_sim/lib/python3.12/site-packages/gearbox_sim/action/_run_screwdriver_s.c
[2.109s] -- Up-to-date symlink: /home/dark/ros2_ws/install/gearbox_sim/lib/python3.12/site-packages/gearbox_sim/gearbox_sim_s__rosidl_typesupport_c.so
[2.110s] -- Up-to-date symlink: /home/dark/ros2_ws/install/gearbox_sim/lib/python3.12/site-packages/gearbox_sim/gearbox_sim_s__rosidl_typesupport_fastrtps_c.so
[2.110s] -- Up-to-date symlink: /home/dark/ros2_ws/install/gearbox_sim/lib/python3.12/site-packages/gearbox_sim/gearbox_sim_s__rosidl_typesupport_introspection_c.so
[2.110s] -- Up-to-date symlink: /home/dark/ros2_ws/install/gearbox_sim/lib/python3.12/site-packages/gearbox_sim/srv/__init__.py
[2.110s] -- Up-to-date symlink: /home/dark/ros2_ws/install/gearbox_sim/lib/python3.12/site-packages/gearbox_sim/srv/_run_press_cycle.py
[2.110s] -- Up-to-date symlink: /home/dark/ros2_ws/install/gearbox_sim/lib/python3.12/site-packages/gearbox_sim/srv/_run_press_cycle_s.c
[2.110s] -- Up-to-date symlink: /home/dark/ros2_ws/install/gearbox_sim/lib/python3.12/site-packages/gearbox_sim/srv/_set_attachment.py
[2.110s] -- Up-to-date symlink: /home/dark/ros2_ws/install/gearbox_sim/lib/python3.12/site-packages/gearbox_sim/srv/_set_attachment_s.c
[2.110s] -- Up-to-date symlink: /home/dark/ros2_ws/install/gearbox_sim/lib/python3.12/site-packages/gearbox_sim/gearbox_sim_s__rosidl_typesupport_fastrtps_c.so
[2.112s] -- Up-to-date symlink: /home/dark/ros2_ws/install/gearbox_sim/lib/python3.12/site-packages/gearbox_sim/gearbox_sim_s__rosidl_typesupport_introspection_c.so
[2.112s] -- Up-to-date symlink: /home/dark/ros2_ws/install/gearbox_sim/lib/python3.12/site-packages/gearbox_sim/gearbox_sim_s__rosidl_typesupport_c.so
[2.113s] -- Up-to-date symlink: /home/dark/ros2_ws/install/gearbox_sim/share/ament_index/resource_index/rust_packages/gearbox_sim
[2.113s] -- Up-to-date symlink: /home/dark/ros2_ws/install/gearbox_sim/share/gearbox_sim/rust/Cargo.toml
[2.114s] -- Up-to-date symlink: /home/dark/ros2_ws/install/gearbox_sim/share/gearbox_sim/rust/build.rs
[2.114s] -- Up-to-date symlink: /home/dark/ros2_ws/install/gearbox_sim/share/gearbox_sim/rust/src/action.rs
[2.115s] -- Up-to-date symlink: /home/dark/ros2_ws/install/gearbox_sim/share/gearbox_sim/rust/src/action/rmw.rs
[2.115s] -- Up-to-date symlink: /home/dark/ros2_ws/install/gearbox_sim/share/gearbox_sim/rust/src/lib.rs
[2.115s] -- Up-to-date symlink: /home/dark/ros2_ws/install/gearbox_sim/share/gearbox_sim/rust/src/srv.rs
[2.116s] -- Up-to-date symlink: /home/dark/ros2_ws/install/gearbox_sim/share/gearbox_sim/rust/src/srv/rmw.rs
[2.116s] -- Up-to-date symlink: /home/dark/ros2_ws/install/gearbox_sim/share/gearbox_sim/action/RunScrewdriver.idl
[2.116s] -- Up-to-date symlink: /home/dark/ros2_ws/install/gearbox_sim/share/gearbox_sim/srv/RunPressCycle.idl
[2.116s] -- Up-to-date symlink: /home/dark/ros2_ws/install/gearbox_sim/share/gearbox_sim/srv/SetAttachment.idl
[2.117s] -- Up-to-date symlink: /home/dark/ros2_ws/install/gearbox_sim/share/gearbox_sim/action/RunScrewdriver.action
[2.117s] -- Up-to-date symlink: /home/dark/ros2_ws/install/gearbox_sim/share/gearbox_sim/srv/RunPressCycle.srv
[2.118s] -- Up-to-date symlink: /home/dark/ros2_ws/install/gearbox_sim/share/gearbox_sim/srv/SetAttachment.srv
[2.118s] -- Up-to-date symlink: /home/dark/ros2_ws/install/gearbox_sim/share/gearbox_sim/config/assembly_cell.srdf
[2.118s] -- Up-to-date symlink: /home/dark/ros2_ws/install/gearbox_sim/share/gearbox_sim/config/assembly_cell.yaml
[2.118s] -- Up-to-date symlink: /home/dark/ros2_ws/install/gearbox_sim/share/gearbox_sim/config/gearbox_animator.rviz
[2.118s] -- Up-to-date symlink: /home/dark/ros2_ws/install/gearbox_sim/share/gearbox_sim/config/joint_limits.yaml
[2.118s] -- Up-to-date symlink: /home/dark/ros2_ws/install/gearbox_sim/share/gearbox_sim/config/kinematics.yaml
[2.119s] -- Up-to-date symlink: /home/dark/ros2_ws/install/gearbox_sim/share/gearbox_sim/config/moveit_controllers.yaml
[2.119s] -- Up-to-date symlink: /home/dark/ros2_ws/install/gearbox_sim/share/gearbox_sim/config/ros2_controllers.yaml
[2.119s] -- Up-to-date symlink: /home/dark/ros2_ws/install/gearbox_sim/share/gearbox_sim/config/ros_gz_bridge.yaml
[2.120s] -- Up-to-date symlink: /home/dark/ros2_ws/install/gearbox_sim/share/gearbox_sim/launch/__pycache__/assembly_cell.launch.cpython-312.pyc
[2.120s] -- Up-to-date symlink: /home/dark/ros2_ws/install/gearbox_sim/share/gearbox_sim/launch/__pycache__/gearbox_animator.launch.cpython-312.pyc
[2.120s] -- Up-to-date symlink: /home/dark/ros2_ws/install/gearbox_sim/share/gearbox_sim/launch/__pycache__/move_group.launch.cpython-312.pyc
[2.121s] -- Up-to-date symlink: /home/dark/ros2_ws/install/gearbox_sim/share/gearbox_sim/launch/__pycache__/sim_assembly.launch.cpython-312.pyc
[2.121s] -- Up-to-date symlink: /home/dark/ros2_ws/install/gearbox_sim/share/gearbox_sim/launch/assembly_cell.launch.py
[2.121s] -- Up-to-date symlink: /home/dark/ros2_ws/install/gearbox_sim/share/gearbox_sim/launch/gearbox_animator.launch.py
[2.122s] -- Up-to-date symlink: /home/dark/ros2_ws/install/gearbox_sim/share/gearbox_sim/launch/move_group.launch.py
[2.123s] -- Up-to-date symlink: /home/dark/ros2_ws/install/gearbox_sim/share/gearbox_sim/launch/sim_assembly.launch.py
[2.123s] -- Up-to-date symlink: /home/dark/ros2_ws/install/gearbox_sim/share/gearbox_sim/meshes/carrier.STL
[2.124s] -- Up-to-date symlink: /home/dark/ros2_ws/install/gearbox_sim/share/gearbox_sim/meshes/nema17/Back_box.STL
[2.125s] -- Up-to-date symlink: /home/dark/ros2_ws/install/gearbox_sim/share/gearbox_sim/meshes/nema17/Front_box.STL
[2.126s] -- Up-to-date symlink: /home/dark/ros2_ws/install/gearbox_sim/share/gearbox_sim/meshes/nema17/Middle_box.STL
[2.126s] -- Up-to-date symlink: /home/dark/ros2_ws/install/gearbox_sim/share/gearbox_sim/meshes/nema17/Small_roller.STL
[2.126s] -- Up-to-date symlink: /home/dark/ros2_ws/install/gearbox_sim/share/gearbox_sim/meshes/nema17/Spur_gear.STL
[2.127s] -- Up-to-date symlink: /home/dark/ros2_ws/install/gearbox_sim/share/gearbox_sim/meshes/nema17/Sun_gear.STL
[2.127s] -- Up-to-date symlink: /home/dark/ros2_ws/install/gearbox_sim/share/gearbox_sim/meshes/nema17/Untitled 2.JPG
[2.127s] -- Up-to-date symlink: /home/dark/ros2_ws/install/gearbox_sim/share/gearbox_sim/meshes/nema17/Untitled 3.JPG
[2.128s] -- Up-to-date symlink: /home/dark/ros2_ws/install/gearbox_sim/share/gearbox_sim/meshes/nema17/Untitled.JPG
[2.128s] -- Up-to-date symlink: /home/dark/ros2_ws/install/gearbox_sim/share/gearbox_sim/meshes/nema17/Vodilo.STL
[2.128s] -- Up-to-date symlink: /home/dark/ros2_ws/install/gearbox_sim/share/gearbox_sim/meshes/nema17/big_roller.STL
[2.128s] -- Up-to-date symlink: /home/dark/ros2_ws/install/gearbox_sim/share/gearbox_sim/meshes/nema17/hex_nut.STL
[2.128s] -- Up-to-date symlink: /home/dark/ros2_ws/install/gearbox_sim/share/gearbox_sim/meshes/nema17/satellite.STL
[2.129s] -- Up-to-date symlink: /home/dark/ros2_ws/install/gearbox_sim/share/gearbox_sim/meshes/nema17/screw.STL
[2.129s] -- Up-to-date symlink: /home/dark/ros2_ws/install/gearbox_sim/share/gearbox_sim/meshes/nema17/stop_ring.STL
[2.130s] -- Up-to-date symlink: /home/dark/ros2_ws/install/gearbox_sim/share/gearbox_sim/meshes/planet_gear.STL
[2.131s] -- Up-to-date symlink: /home/dark/ros2_ws/install/gearbox_sim/share/gearbox_sim/meshes/ring_gear.STL
[2.131s] -- Up-to-date symlink: /home/dark/ros2_ws/install/gearbox_sim/share/gearbox_sim/meshes/satellite.STL
[2.131s] -- Up-to-date symlink: /home/dark/ros2_ws/install/gearbox_sim/share/gearbox_sim/urdf/gearbox.urdf
[2.131s] -- Up-to-date symlink: /home/dark/ros2_ws/install/gearbox_sim/share/gearbox_sim/urdf/gearbox_gazebo.urdf.xacro
[2.131s] -- Up-to-date symlink: /home/dark/ros2_ws/install/gearbox_sim/share/gearbox_sim/urdf/include/nema17_parts.xacro
[2.131s] -- Up-to-date symlink: /home/dark/ros2_ws/install/gearbox_sim/share/gearbox_sim/urdf/include/workcell_macros.xacro
[2.132s] -- Up-to-date symlink: /home/dark/ros2_ws/install/gearbox_sim/share/gearbox_sim/urdf/main_scene.urdf.xacro
[2.132s] -- Up-to-date symlink: /home/dark/ros2_ws/install/gearbox_sim/share/gearbox_sim/urdf/ur5e_robotiq_ft.urdf.xacro
[2.132s] -- Up-to-date symlink: /home/dark/ros2_ws/install/gearbox_sim/share/gearbox_sim/worlds/assembly_cell.sdf
[2.132s] -- Up-to-date symlink: /home/dark/ros2_ws/install/gearbox_sim/share/gearbox_sim/worlds/assembly_scene.sdf
[2.132s] -- Up-to-date symlink: /home/dark/ros2_ws/install/gearbox_sim/share/gearbox_sim/worlds/assembly_scene_calibration.sdf
[2.132s] -- Up-to-date symlink: /home/dark/ros2_ws/install/gearbox_sim/share/gearbox_sim/.setup_assistant
[2.132s] -- Up-to-date symlink: /home/dark/ros2_ws/install/gearbox_sim/lib/gearbox_sim/animator.py
[2.134s] -- Up-to-date symlink: /home/dark/ros2_ws/install/gearbox_sim/lib/gearbox_sim/assembly_demo.py
[2.134s] -- Up-to-date symlink: /home/dark/ros2_ws/install/gearbox_sim/lib/gearbox_sim/assembly_state_machine.py
[2.134s] -- Up-to-date symlink: /home/dark/ros2_ws/install/gearbox_sim/lib/gearbox_sim/get_joints.py
[2.134s] -- Up-to-date symlink: /home/dark/ros2_ws/install/gearbox_sim/lib/gearbox_sim/joint_gui_teleop.py
[2.134s] -- Up-to-date symlink: /home/dark/ros2_ws/install/gearbox_sim/lib/gearbox_sim/motion_planner.py
[2.134s] -- Up-to-date symlink: /home/dark/ros2_ws/install/gearbox_sim/lib/gearbox_sim/press_controller.py
[2.135s] -- Up-to-date symlink: /home/dark/ros2_ws/install/gearbox_sim/lib/gearbox_sim/grasp_attacher.py
[2.135s] -- Up-to-date symlink: /home/dark/ros2_ws/install/gearbox_sim/lib/gearbox_sim/screwdriver_server.py
[2.135s] -- Up-to-date symlink: /home/dark/ros2_ws/install/gearbox_sim/share/ament_index/resource_index/package_run_dependencies/gearbox_sim
[2.135s] -- Up-to-date symlink: /home/dark/ros2_ws/install/gearbox_sim/share/ament_index/resource_index/parent_prefix_path/gearbox_sim
[2.135s] -- Up-to-date symlink: /home/dark/ros2_ws/install/gearbox_sim/share/gearbox_sim/environment/ament_prefix_path.sh
[2.135s] -- Up-to-date symlink: /home/dark/ros2_ws/install/gearbox_sim/share/gearbox_sim/environment/ament_prefix_path.dsv
[2.135s] -- Up-to-date symlink: /home/dark/ros2_ws/install/gearbox_sim/share/gearbox_sim/environment/path.sh
[2.135s] -- Up-to-date symlink: /home/dark/ros2_ws/install/gearbox_sim/share/gearbox_sim/environment/path.dsv
[2.135s] -- Up-to-date symlink: /home/dark/ros2_ws/install/gearbox_sim/share/gearbox_sim/local_setup.bash
[2.137s] -- Up-to-date symlink: /home/dark/ros2_ws/install/gearbox_sim/share/gearbox_sim/local_setup.sh
[2.137s] -- Up-to-date symlink: /home/dark/ros2_ws/install/gearbox_sim/share/gearbox_sim/local_setup.zsh
[2.137s] -- Up-to-date symlink: /home/dark/ros2_ws/install/gearbox_sim/share/gearbox_sim/local_setup.dsv
[2.138s] -- Symlinking: /home/dark/ros2_ws/install/gearbox_sim/share/gearbox_sim/package.dsv
[2.157s] -- Up-to-date symlink: /home/dark/ros2_ws/install/gearbox_sim/share/ament_index/resource_index/packages/gearbox_sim
[2.158s] -- Up-to-date symlink: /home/dark/ros2_ws/install/gearbox_sim/share/gearbox_sim/cmake/rosidl_cmake-extras.cmake
[2.158s] -- Up-to-date symlink: /home/dark/ros2_ws/install/gearbox_sim/share/gearbox_sim/cmake/ament_cmake_export_dependencies-extras.cmake
[2.158s] -- Up-to-date symlink: /home/dark/ros2_ws/install/gearbox_sim/share/gearbox_sim/cmake/ament_cmake_export_include_directories-extras.cmake
[2.158s] -- Up-to-date symlink: /home/dark/ros2_ws/install/gearbox_sim/share/gearbox_sim/cmake/ament_cmake_export_libraries-extras.cmake
[2.159s] -- Up-to-date symlink: /home/dark/ros2_ws/install/gearbox_sim/share/gearbox_sim/cmake/ament_cmake_export_targets-extras.cmake
[2.159s] -- Up-to-date symlink: /home/dark/ros2_ws/install/gearbox_sim/share/gearbox_sim/cmake/rosidl_cmake_export_typesupport_targets-extras.cmake
[2.159s] -- Up-to-date symlink: /home/dark/ros2_ws/install/gearbox_sim/share/gearbox_sim/cmake/rosidl_cmake_export_typesupport_libraries-extras.cmake
[2.159s] -- Up-to-date symlink: /home/dark/ros2_ws/install/gearbox_sim/share/gearbox_sim/cmake/gearbox_simConfig.cmake
[2.160s] -- Up-to-date symlink: /home/dark/ros2_ws/install/gearbox_sim/share/gearbox_sim/cmake/gearbox_simConfig-version.cmake
[2.160s] -- Up-to-date symlink: /home/dark/ros2_ws/install/gearbox_sim/share/gearbox_sim/package.xml
[2.160s] -- Up-to-date: /home/dark/ros2_ws/install/gearbox_sim/lib/libgearbox_sim__rosidl_generator_c.so
[2.160s] -- Up-to-date: /home/dark/ros2_ws/install/gearbox_sim/lib/libgearbox_sim__rosidl_typesupport_fastrtps_c.so
[2.161s] -- Up-to-date: /home/dark/ros2_ws/install/gearbox_sim/lib/libgearbox_sim__rosidl_typesupport_introspection_c.so
[2.162s] -- Up-to-date: /home/dark/ros2_ws/install/gearbox_sim/lib/libgearbox_sim__rosidl_typesupport_c.so
[2.163s] -- Up-to-date: /home/dark/ros2_ws/install/gearbox_sim/lib/libgearbox_sim__rosidl_typesupport_fastrtps_cpp.so
[2.164s] -- Up-to-date: /home/dark/ros2_ws/install/gearbox_sim/lib/libgearbox_sim__rosidl_typesupport_introspection_cpp.so
[2.164s] -- Up-to-date: /home/dark/ros2_ws/install/gearbox_sim/lib/libgearbox_sim__rosidl_typesupport_cpp.so
[2.260s] Listing '/home/dark/ros2_ws/install/gearbox_sim/lib/python3.12/site-packages/gearbox_sim'...
[2.260s] Listing '/home/dark/ros2_ws/install/gearbox_sim/lib/python3.12/site-packages/gearbox_sim/action'...
[2.260s] Listing '/home/dark/ros2_ws/install/gearbox_sim/lib/python3.12/site-packages/gearbox_sim/srv'...
[2.276s] -- Up-to-date: /home/dark/ros2_ws/install/gearbox_sim/lib/libgearbox_sim__rosidl_generator_py.so
[2.278s] -- Up-to-date: /home/dark/ros2_ws/install/gearbox_sim/share/gearbox_sim/cmake/export_gearbox_sim__rosidl_generator_cExport.cmake
[2.278s] -- Up-to-date: /home/dark/ros2_ws/install/gearbox_sim/share/gearbox_sim/cmake/export_gearbox_sim__rosidl_generator_cExport-noconfig.cmake
[2.282s] -- Up-to-date: /home/dark/ros2_ws/install/gearbox_sim/share/gearbox_sim/cmake/export_gearbox_sim__rosidl_typesupport_fastrtps_cExport.cmake
[2.282s] -- Up-to-date: /home/dark/ros2_ws/install/gearbox_sim/share/gearbox_sim/cmake/export_gearbox_sim__rosidl_typesupport_fastrtps_cExport-noconfig.cmake
[2.282s] -- Up-to-date: /home/dark/ros2_ws/install/gearbox_sim/share/gearbox_sim/cmake/gearbox_sim__rosidl_typesupport_introspection_cExport.cmake
[2.282s] -- Up-to-date: /home/dark/ros2_ws/install/gearbox_sim/share/gearbox_sim/cmake/gearbox_sim__rosidl_typesupport_introspection_cExport-noconfig.cmake
[2.282s] -- Up-to-date: /home/dark/ros2_ws/install/gearbox_sim/share/gearbox_sim/cmake/gearbox_sim__rosidl_typesupport_cExport.cmake
[2.282s] -- Up-to-date: /home/dark/ros2_ws/install/gearbox_sim/share/gearbox_sim/cmake/gearbox_sim__rosidl_typesupport_cExport-noconfig.cmake
[2.283s] -- Up-to-date: /home/dark/ros2_ws/install/gearbox_sim/share/gearbox_sim/cmake/export_gearbox_sim__rosidl_generator_cppExport.cmake
[2.283s] -- Up-to-date: /home/dark/ros2_ws/install/gearbox_sim/share/gearbox_sim/cmake/export_gearbox_sim__rosidl_typesupport_fastrtps_cppExport.cmake
[2.283s] -- Up-to-date: /home/dark/ros2_ws/install/gearbox_sim/share/gearbox_sim/cmake/export_gearbox_sim__rosidl_typesupport_fastrtps_cppExport-noconfig.cmake
[2.283s] -- Up-to-date: /home/dark/ros2_ws/install/gearbox_sim/share/gearbox_sim/cmake/gearbox_sim__rosidl_typesupport_introspection_cppExport.cmake
[2.283s] -- Up-to-date: /home/dark/ros2_ws/install/gearbox_sim/share/gearbox_sim/cmake/gearbox_sim__rosidl_typesupport_introspection_cppExport-noconfig.cmake
[2.283s] -- Up-to-date: /home/dark/ros2_ws/install/gearbox_sim/share/gearbox_sim/cmake/gearbox_sim__rosidl_typesupport_cppExport.cmake
[2.283s] -- Up-to-date: /home/dark/ros2_ws/install/gearbox_sim/share/gearbox_sim/cmake/gearbox_sim__rosidl_typesupport_cppExport-noconfig.cmake
[2.283s] -- Up-to-date: /home/dark/ros2_ws/install/gearbox_sim/share/gearbox_sim/cmake/export_gearbox_sim__rosidl_generator_pyExport.cmake
[2.283s] -- Up-to-date: /home/dark/ros2_ws/install/gearbox_sim/share/gearbox_sim/cmake/export_gearbox_sim__rosidl_generator_pyExport-noconfig.cmake
[2.289s] Invoked command in '/home/dark/ros2_ws/build/gearbox_sim' returned '0': CMAKE_PREFIX_PATH=${CMAKE_PREFIX_PATH}:/opt/ros/jazzy DEBUGINFOD_URLS=https://debuginfod.ubuntu.com /usr/bin/cmake --install /home/dark/ros2_ws/build/gearbox_sim
