-- The C compiler identification is GNU 13.3.0
-- The CXX compiler identification is GNU 13.3.0
-- Detecting C compiler ABI info
-- Detecting C compiler ABI info - done
-- Check for working C compiler: /usr/bin/cc - skipped
-- Detecting C compile features
-- Detecting C compile features - done
-- Detecting CXX compiler ABI info
-- Detecting CXX compiler ABI info - done
-- Check for working CXX compiler: /usr/bin/c++ - skipped
-- Detecting CXX compile features
-- Detecting CXX compile features - done
-- Found ament_cmake: 2.5.6 (/opt/ros/jazzy/share/ament_cmake/cmake)
-- Found Python3: /usr/bin/python3 (found version "3.12.3") found components: Interpreter 
-- Override CMake install command with custom implementation using symlinks instead of copying resources
-- Configuring done (0.8s)
-- Generating done (0.0s)
-- Build files have been written to: /home/dark/ros2_ws/build/gearbox_sim
-- Install configuration: ""
-- Execute custom install script
-- Symlinking: /home/dark/ros2_ws/install/gearbox_sim/share/gearbox_sim/meshes/carrier.STL
-- Symlinking: /home/dark/ros2_ws/install/gearbox_sim/share/gearbox_sim/meshes/planet_gear.STL
-- Symlinking: /home/dark/ros2_ws/install/gearbox_sim/share/gearbox_sim/meshes/ring_gear.STL
-- Symlinking: /home/dark/ros2_ws/install/gearbox_sim/share/gearbox_sim/meshes/satellite.STL
-- Symlinking: /home/dark/ros2_ws/install/gearbox_sim/share/gearbox_sim/urdf/gearbox.urdf
-- Symlinking: /home/dark/ros2_ws/install/gearbox_sim/share/ament_index/resource_index/package_run_dependencies/gearbox_sim
-- Symlinking: /home/dark/ros2_ws/install/gearbox_sim/share/ament_index/resource_index/parent_prefix_path/gearbox_sim
-- Symlinking: /home/dark/ros2_ws/install/gearbox_sim/share/gearbox_sim/environment/ament_prefix_path.sh
-- Symlinking: /home/dark/ros2_ws/install/gearbox_sim/share/gearbox_sim/environment/ament_prefix_path.dsv
-- Symlinking: /home/dark/ros2_ws/install/gearbox_sim/share/gearbox_sim/environment/path.sh
-- Symlinking: /home/dark/ros2_ws/install/gearbox_sim/share/gearbox_sim/environment/path.dsv
-- Symlinking: /home/dark/ros2_ws/install/gearbox_sim/share/gearbox_sim/local_setup.bash
-- Symlinking: /home/dark/ros2_ws/install/gearbox_sim/share/gearbox_sim/local_setup.sh
-- Symlinking: /home/dark/ros2_ws/install/gearbox_sim/share/gearbox_sim/local_setup.zsh
-- Symlinking: /home/dark/ros2_ws/install/gearbox_sim/share/gearbox_sim/local_setup.dsv
-- Symlinking: /home/dark/ros2_ws/install/gearbox_sim/share/gearbox_sim/package.dsv
-- Symlinking: /home/dark/ros2_ws/install/gearbox_sim/share/ament_index/resource_index/packages/gearbox_sim
-- Symlinking: /home/dark/ros2_ws/install/gearbox_sim/share/gearbox_sim/cmake/gearbox_simConfig.cmake
-- Symlinking: /home/dark/ros2_ws/install/gearbox_sim/share/gearbox_sim/cmake/gearbox_simConfig-version.cmake
-- Symlinking: /home/dark/ros2_ws/install/gearbox_sim/share/gearbox_sim/package.xml
